********  (C) Copyright Rosetta Commons Member Institutions.  ***************
* Use of Rosetta for commercial purposes may require purchase of a license. *
********  See LICENSE.md or email license@uw.edu for more details. **********
core.init: Checking for fconfig files in pwd and ./rosetta/flags 
core.init: Rosetta version: rosetta.binary.m1.release-408 r408 2025.37+release.df75a9c48e df75a9c48e763e52a7aa3f5dfba077f4da88dbf5 https://www.rosettacommons.org 2025-09-10T18:19:45.484568
core.init: Rosetta extras: []
core.init: command: /Users/oskarherlitz/Desktop/rosetta.binary.m1.release-408/main/source/bin/relax.static.macosclangrelease -s runs/colabfold_predictions_gpu/candidate_56_unrelaxed_rank_001_alphafold2_ptm_model_3_seed_000.pdb -use_input_sc -nstruct 1 -relax:cartesian -score:weights ref2015_cart -relax:min_type lbfgs_armijo_nonmonotone -out:path:all runs/colabfold_relaxed_top10/candidate_56 -out:file:scorefile runs/colabfold_relaxed_top10/candidate_56/score.sc
basic.random.init_random_generator: 'RNG device' seed mode, using '/dev/urandom', seed=560543235 seed_offset=0 real_seed=560543235
basic.random.init_random_generator: RandomGenerator:init: Normal mode, seed=560543235 RG_type=mt19937
core.init: Resolved executable path: /Users/oskarherlitz/Desktop/rosetta.binary.m1.release-408/main/source/bin/relax.static.macosclangrelease
core.init: Looking for database based on location of executable: /Users/oskarherlitz/Desktop/rosetta.binary.m1.release-408/main/database/
core.scoring.ScoreFunctionFactory: SCOREFUNCTION: ref2015_cart
core.scoring.etable: Starting energy table calculation
core.scoring.etable: smooth_etable: changing atr/rep split to bottom of energy well
core.scoring.etable: smooth_etable: spline smoothing lj etables (maxdis = 6)
core.scoring.etable: smooth_etable: spline smoothing solvation etables (max_dis = 6)
core.scoring.etable: Finished calculating energy tables.
basic.io.database: Database file opened: scoring/score_functions/hbonds/ref2015_params/HBPoly1D.csv
basic.io.database: Database file opened: scoring/score_functions/hbonds/ref2015_params/HBFadeIntervals.csv
basic.io.database: Database file opened: scoring/score_functions/hbonds/ref2015_params/HBEval.csv
basic.io.database: Database file opened: scoring/score_functions/hbonds/ref2015_params/DonStrength.csv
basic.io.database: Database file opened: scoring/score_functions/hbonds/ref2015_params/AccStrength.csv
core.chemical.GlobalResidueTypeSet: Finished initializing fa_standard residue type set.  Created 985 residue types
core.chemical.GlobalResidueTypeSet: Total time to initialize 0.39836 seconds.
basic.io.database: Database file opened: scoring/score_functions/rama/fd/all.ramaProb
basic.io.database: Database file opened: scoring/score_functions/rama/fd/prepro.ramaProb
basic.io.database: Database file opened: scoring/score_functions/omega/omega_ppdep.all.txt
basic.io.database: Database file opened: scoring/score_functions/omega/omega_ppdep.gly.txt
basic.io.database: Database file opened: scoring/score_functions/omega/omega_ppdep.pro.txt
basic.io.database: Database file opened: scoring/score_functions/omega/omega_ppdep.valile.txt
basic.io.database: Database file opened: scoring/score_functions/P_AA_pp/P_AA
basic.io.database: Database file opened: scoring/score_functions/P_AA_pp/P_AA_n
core.scoring.P_AA: shapovalov_lib::shap_p_aa_pp_smooth_level of 1( aka low_smooth ) got activated.
basic.io.database: Database file opened: scoring/score_functions/P_AA_pp/shapovalov/10deg/kappa131/a20.prop
core.energy_methods.CartesianBondedEnergy: Initializing IdealParametersDatabase with default Ks=300 , 80 , 80 , 10 , 80
basic.io.database: Database file opened: scoring/score_functions/bondlength_bondangle/default-lengths.txt
core.energy_methods.CartesianBondedEnergy: Read 759 bb-independent lengths.
basic.io.database: Database file opened: scoring/score_functions/bondlength_bondangle/default-angles.txt
core.energy_methods.CartesianBondedEnergy: Read 1434 bb-independent angles.
basic.io.database: Database file opened: scoring/score_functions/bondlength_bondangle/default-torsions.txt
core.energy_methods.CartesianBondedEnergy: Read 1 bb-independent torsions.
basic.io.database: Database file opened: scoring/score_functions/bondlength_bondangle/default-improper.txt
core.energy_methods.CartesianBondedEnergy: Read 529 bb-independent improper tors.
protocols.relax.RelaxScriptManager: Reading relax scripts list from database.
protocols.relax.RelaxScriptManager: Looking for MonomerRelax2019.txt
protocols.relax.RelaxScriptManager: ================== Reading script file: /Users/oskarherlitz/Desktop/rosetta.binary.m1.release-408/main/database/sampling/relax_scripts/MonomerRelax2019.txt ==================
protocols.relax.RelaxScriptManager: repeat %%nrepeats%%
protocols.relax.RelaxScriptManager: coord_cst_weight 1.0
protocols.relax.RelaxScriptManager: scale:fa_rep 0.040
protocols.relax.RelaxScriptManager: repack
protocols.relax.RelaxScriptManager: scale:fa_rep 0.051
protocols.relax.RelaxScriptManager: min 0.01
protocols.relax.RelaxScriptManager: coord_cst_weight 0.5
protocols.relax.RelaxScriptManager: scale:fa_rep 0.265
protocols.relax.RelaxScriptManager: repack
protocols.relax.RelaxScriptManager: scale:fa_rep 0.280
protocols.relax.RelaxScriptManager: min 0.01
protocols.relax.RelaxScriptManager: coord_cst_weight 0.0
protocols.relax.RelaxScriptManager: scale:fa_rep 0.559
protocols.relax.RelaxScriptManager: repack
protocols.relax.RelaxScriptManager: scale:fa_rep 0.581
protocols.relax.RelaxScriptManager: min 0.01
protocols.relax.RelaxScriptManager: coord_cst_weight 0.0
protocols.relax.RelaxScriptManager: scale:fa_rep 1
protocols.relax.RelaxScriptManager: repack
protocols.relax.RelaxScriptManager: min 0.00001
protocols.relax.RelaxScriptManager: accept_to_best
protocols.relax.RelaxScriptManager: endrepeat
protocols.jd2.PDBJobInputter: Instantiate PDBJobInputter
protocols.jd2.PDBJobInputter: PDBJobInputter::fill_jobs
protocols.jd2.PDBJobInputter: pushed runs/colabfold_predictions_gpu/candidate_56_unrelaxed_rank_001_alphafold2_ptm_model_3_seed_000.pdb nstruct index 1
protocols.evaluation.ChiWellRmsdEvaluatorCreator: Evaluation Creator active ... 
protocols.jd2.PDBJobInputter: PDBJobInputter::pose_from_job
protocols.jd2.PDBJobInputter: filling pose from PDB runs/colabfold_predictions_gpu/candidate_56_unrelaxed_rank_001_alphafold2_ptm_model_3_seed_000.pdb
core.import_pose.import_pose: File 'runs/colabfold_predictions_gpu/candidate_56_unrelaxed_rank_001_alphafold2_ptm_model_3_seed_000.pdb' automatically determined to be of type PDB from contents.
core.conformation.Conformation: [ WARNING ] missing heavyatom:  OXT on residue TYR:CtermProteinFull 263
core.conformation.Conformation: Found disulfide between residues 246 261
core.energy_methods.CartesianBondedEnergy: Creating new peptide-bonded energy container (263)
basic.io.database: Database file opened: scoring/score_functions/elec_cp_reps.dat
core.scoring.elec.util: Read 40 countpair representative atoms
core.pack.dunbrack.RotamerLibrary: shapovalov_lib_fixes_enable option is true.
core.pack.dunbrack.RotamerLibrary: shapovalov_lib::shap_dun10_smooth_level of 1( aka lowest_smooth ) got activated.
core.pack.dunbrack.RotamerLibrary: Binary rotamer library selected: /Users/oskarherlitz/Desktop/rosetta.binary.m1.release-408/main/database/rotamer/shapovalov/StpDwn_0-0-0/Dunbrack10.lib.bin
core.pack.dunbrack.RotamerLibrary: Using Dunbrack library binary file '/Users/oskarherlitz/Desktop/rosetta.binary.m1.release-408/main/database/rotamer/shapovalov/StpDwn_0-0-0/Dunbrack10.lib.bin'.
core.pack.dunbrack.RotamerLibrary: Dunbrack 2010 library took 0.07477 seconds to load from binary
protocols.relax.FastRelax: CMD: repeat  1100.92  0  0  0.55
protocols.relax.FastRelax: CMD: coord_cst_weight  1100.92  0  0  0.55
protocols.relax.FastRelax: CMD: scale:fa_rep  -142.999  0  0  0.022
core.pack.task: Packer task: initialize from command line() 
core.pack.pack_rotamers: built 4031 rotamers at 263 positions.
core.pack.interaction_graph.interaction_graph_factory: Instantiating DensePDInteractionGraph
protocols.relax.FastRelax: CMD: repack  -443.309  0  0  0.022
protocols.relax.FastRelax: CMD: scale:fa_rep  -431.47  0  0  0.02805
core.pose.util: [ WARNING ] Unable to find atom_tree atom for this Rosetta branch connection angle: residue 246 BRANCH 1
core.pose.util: [ WARNING ] Unable to find atom_tree atom for this Rosetta branch connection angle: residue 261 BRANCH 1
protocols.relax.FastRelax: CMD: min  -1277.71  1.45096  1.45096  0.02805
protocols.relax.FastRelax: CMD: coord_cst_weight  -1277.71  1.45096  1.45096  0.02805
protocols.relax.FastRelax: CMD: scale:fa_rep  -677.167  1.45096  1.45096  0.14575
core.pack.task: Packer task: initialize from command line() 
core.pack.pack_rotamers: built 3473 rotamers at 263 positions.
core.pack.interaction_graph.interaction_graph_factory: Instantiating DensePDInteractionGraph
protocols.relax.FastRelax: CMD: repack  -692.098  1.45096  1.45096  0.14575
protocols.relax.FastRelax: CMD: scale:fa_rep  -651.986  1.45096  1.45096  0.154
core.pose.util: [ WARNING ] Unable to find atom_tree atom for this Rosetta branch connection angle: residue 246 BRANCH 1
core.pose.util: [ WARNING ] Unable to find atom_tree atom for this Rosetta branch connection angle: residue 261 BRANCH 1
protocols.relax.FastRelax: CMD: min  -1038.74  0.98349  0.98349  0.154
protocols.relax.FastRelax: CMD: coord_cst_weight  -1038.74  0.98349  0.98349  0.154
protocols.relax.FastRelax: CMD: scale:fa_rep  -880.895  0.98349  0.98349  0.30745
core.pack.task: Packer task: initialize from command line() 
core.pack.pack_rotamers: built 3378 rotamers at 263 positions.
core.pack.interaction_graph.interaction_graph_factory: Instantiating DensePDInteractionGraph
protocols.relax.FastRelax: CMD: repack  -877.101  0.98349  0.98349  0.30745
protocols.relax.FastRelax: CMD: scale:fa_rep  -864.539  0.98349  0.98349  0.31955
core.pose.util: [ WARNING ] Unable to find atom_tree atom for this Rosetta branch connection angle: residue 246 BRANCH 1
core.pose.util: [ WARNING ] Unable to find atom_tree atom for this Rosetta branch connection angle: residue 261 BRANCH 1
protocols.relax.FastRelax: CMD: min  -920.456  0.821312  0.821312  0.31955
protocols.relax.FastRelax: CMD: coord_cst_weight  -920.456  0.821312  0.821312  0.31955
protocols.relax.FastRelax: CMD: scale:fa_rep  -796.99  0.821312  0.821312  0.55
core.pack.task: Packer task: initialize from command line() 
core.pack.pack_rotamers: built 3316 rotamers at 263 positions.
core.pack.interaction_graph.interaction_graph_factory: Instantiating DensePDInteractionGraph
protocols.relax.FastRelax: CMD: repack  -796.99  0.821312  0.821312  0.55
core.pose.util: [ WARNING ] Unable to find atom_tree atom for this Rosetta branch connection angle: residue 246 BRANCH 1
core.pose.util: [ WARNING ] Unable to find atom_tree atom for this Rosetta branch connection angle: residue 261 BRANCH 1
protocols.relax.FastRelax: CMD: min  -831.214  0.72911  0.72911  0.55
protocols.relax.FastRelax: MRP: 0  -831.214  -831.214  0.72911  0.72911  
protocols.relax.FastRelax: CMD: accept_to_best  -831.214  0.72911  0.72911  0.55
protocols.relax.FastRelax: CMD: endrepeat  -831.214  0.72911  0.72911  0.55
protocols.relax.FastRelax: CMD: coord_cst_weight  -831.214  0.72911  0.72911  0.55
protocols.relax.FastRelax: CMD: scale:fa_rep  -1004.87  0.72911  0.72911  0.022
core.pack.task: Packer task: initialize from command line() 
core.pack.pack_rotamers: built 3886 rotamers at 263 positions.
core.pack.interaction_graph.interaction_graph_factory: Instantiating DensePDInteractionGraph
protocols.relax.FastRelax: CMD: repack  -1023.94  0.72911  0.72911  0.022
protocols.relax.FastRelax: CMD: scale:fa_rep  -1018.84  0.72911  0.72911  0.02805
core.pose.util: [ WARNING ] Unable to find atom_tree atom for this Rosetta branch connection angle: residue 246 BRANCH 1
core.pose.util: [ WARNING ] Unable to find atom_tree atom for this Rosetta branch connection angle: residue 261 BRANCH 1
protocols.relax.FastRelax: CMD: min  -1312.18  1.59828  1.59828  0.02805
protocols.relax.FastRelax: CMD: coord_cst_weight  -1312.18  1.59828  1.59828  0.02805
protocols.relax.FastRelax: CMD: scale:fa_rep  -687.164  1.59828  1.59828  0.14575
core.pack.task: Packer task: initialize from command line() 
core.pack.pack_rotamers: built 3566 rotamers at 263 positions.
core.pack.interaction_graph.interaction_graph_factory: Instantiating DensePDInteractionGraph
protocols.relax.FastRelax: CMD: repack  -691.486  1.59828  1.59828  0.14575
protocols.relax.FastRelax: CMD: scale:fa_rep  -648.357  1.59828  1.59828  0.154
core.pose.util: [ WARNING ] Unable to find atom_tree atom for this Rosetta branch connection angle: residue 246 BRANCH 1
core.pose.util: [ WARNING ] Unable to find atom_tree atom for this Rosetta branch connection angle: residue 261 BRANCH 1
core.optimization.Minimizer: [ WARNING ] LBFGS MAX CYCLES 2000 EXCEEDED, BUT FUNC NOT CONVERGED!
protocols.relax.FastRelax: CMD: min  -1050.95  1.13517  1.13517  0.154
protocols.relax.FastRelax: CMD: coord_cst_weight  -1050.95  1.13517  1.13517  0.154
protocols.relax.FastRelax: CMD: scale:fa_rep  -885.555  1.13517  1.13517  0.30745
core.pack.task: Packer task: initialize from command line() 
core.pack.pack_rotamers: built 3372 rotamers at 263 positions.
core.pack.interaction_graph.interaction_graph_factory: Instantiating DensePDInteractionGraph
protocols.relax.FastRelax: CMD: repack  -885.566  1.13517  1.13517  0.30745
protocols.relax.FastRelax: CMD: scale:fa_rep  -872.525  1.13517  1.13517  0.31955
core.pose.util: [ WARNING ] Unable to find atom_tree atom for this Rosetta branch connection angle: residue 246 BRANCH 1
core.pose.util: [ WARNING ] Unable to find atom_tree atom for this Rosetta branch connection angle: residue 261 BRANCH 1
protocols.relax.FastRelax: CMD: min  -928.457  0.970023  0.970023  0.31955
protocols.relax.FastRelax: CMD: coord_cst_weight  -928.457  0.970023  0.970023  0.31955
protocols.relax.FastRelax: CMD: scale:fa_rep  -799.854  0.970023  0.970023  0.55
core.pack.task: Packer task: initialize from command line() 
core.pack.pack_rotamers: built 3334 rotamers at 263 positions.
core.pack.interaction_graph.interaction_graph_factory: Instantiating DensePDInteractionGraph
protocols.relax.FastRelax: CMD: repack  -799.854  0.970023  0.970023  0.55
core.pose.util: [ WARNING ] Unable to find atom_tree atom for this Rosetta branch connection angle: residue 246 BRANCH 1
core.pose.util: [ WARNING ] Unable to find atom_tree atom for this Rosetta branch connection angle: residue 261 BRANCH 1
protocols.relax.FastRelax: CMD: min  -835.08  0.843043  0.843043  0.55
protocols.relax.FastRelax: MRP: 1  -835.08  -835.08  0.843043  0.843043  
protocols.relax.FastRelax: CMD: accept_to_best  -835.08  0.843043  0.843043  0.55
protocols.relax.FastRelax: CMD: endrepeat  -835.08  0.843043  0.843043  0.55
protocols.relax.FastRelax: CMD: coord_cst_weight  -835.08  0.843043  0.843043  0.55
protocols.relax.FastRelax: CMD: scale:fa_rep  -1012.09  0.843043  0.843043  0.022
core.pack.task: Packer task: initialize from command line() 
core.pack.pack_rotamers: built 3913 rotamers at 263 positions.
core.pack.interaction_graph.interaction_graph_factory: Instantiating DensePDInteractionGraph
protocols.relax.FastRelax: CMD: repack  -1030.6  0.843043  0.843043  0.022
protocols.relax.FastRelax: CMD: scale:fa_rep  -1025.01  0.843043  0.843043  0.02805
core.pose.util: [ WARNING ] Unable to find atom_tree atom for this Rosetta branch connection angle: residue 246 BRANCH 1
core.pose.util: [ WARNING ] Unable to find atom_tree atom for this Rosetta branch connection angle: residue 261 BRANCH 1
protocols.relax.FastRelax: CMD: min  -1317.57  1.59901  1.59901  0.02805
protocols.relax.FastRelax: CMD: coord_cst_weight  -1317.57  1.59901  1.59901  0.02805
protocols.relax.FastRelax: CMD: scale:fa_rep  -698.148  1.59901  1.59901  0.14575
core.pack.task: Packer task: initialize from command line() 
core.pack.pack_rotamers: built 3484 rotamers at 263 positions.
core.pack.interaction_graph.interaction_graph_factory: Instantiating DensePDInteractionGraph
protocols.relax.FastRelax: CMD: repack  -701.243  1.59901  1.59901  0.14575
protocols.relax.FastRelax: CMD: scale:fa_rep  -658.394  1.59901  1.59901  0.154
core.pose.util: [ WARNING ] Unable to find atom_tree atom for this Rosetta branch connection angle: residue 246 BRANCH 1
core.pose.util: [ WARNING ] Unable to find atom_tree atom for this Rosetta branch connection angle: residue 261 BRANCH 1
protocols.relax.FastRelax: CMD: min  -1052  1.12201  1.12201  0.154
protocols.relax.FastRelax: CMD: coord_cst_weight  -1052  1.12201  1.12201  0.154
protocols.relax.FastRelax: CMD: scale:fa_rep  -886.219  1.12201  1.12201  0.30745
core.pack.task: Packer task: initialize from command line() 
core.pack.pack_rotamers: built 3419 rotamers at 263 positions.
core.pack.interaction_graph.interaction_graph_factory: Instantiating DensePDInteractionGraph
protocols.relax.FastRelax: CMD: repack  -886.219  1.12201  1.12201  0.30745
protocols.relax.FastRelax: CMD: scale:fa_rep  -873.147  1.12201  1.12201  0.31955
core.pose.util: [ WARNING ] Unable to find atom_tree atom for this Rosetta branch connection angle: residue 246 BRANCH 1
core.pose.util: [ WARNING ] Unable to find atom_tree atom for this Rosetta branch connection angle: residue 261 BRANCH 1
protocols.relax.FastRelax: CMD: min  -928.977  0.946256  0.946256  0.31955
protocols.relax.FastRelax: CMD: coord_cst_weight  -928.977  0.946256  0.946256  0.31955
protocols.relax.FastRelax: CMD: scale:fa_rep  -801.921  0.946256  0.946256  0.55
core.pack.task: Packer task: initialize from command line() 
core.pack.pack_rotamers: built 3341 rotamers at 263 positions.
core.pack.interaction_graph.interaction_graph_factory: Instantiating DensePDInteractionGraph
protocols.relax.FastRelax: CMD: repack  -801.921  0.946256  0.946256  0.55
core.pose.util: [ WARNING ] Unable to find atom_tree atom for this Rosetta branch connection angle: residue 246 BRANCH 1
core.pose.util: [ WARNING ] Unable to find atom_tree atom for this Rosetta branch connection angle: residue 261 BRANCH 1
protocols.relax.FastRelax: CMD: min  -833.181  0.860585  0.860585  0.55
protocols.relax.FastRelax: MRP: 2  -833.181  -835.08  0.843043  0.843043  
protocols.relax.FastRelax: CMD: accept_to_best  -833.181  0.860585  0.860585  0.55
protocols.relax.FastRelax: CMD: endrepeat  -833.181  0.860585  0.860585  0.55
protocols.relax.FastRelax: CMD: coord_cst_weight  -833.181  0.860585  0.860585  0.55
protocols.relax.FastRelax: CMD: scale:fa_rep  -1012.57  0.860585  0.860585  0.022
core.pack.task: Packer task: initialize from command line() 
core.pack.pack_rotamers: built 3883 rotamers at 263 positions.
core.pack.interaction_graph.interaction_graph_factory: Instantiating DensePDInteractionGraph
protocols.relax.FastRelax: CMD: repack  -1032.13  0.860585  0.860585  0.022
protocols.relax.FastRelax: CMD: scale:fa_rep  -1027.35  0.860585  0.860585  0.02805
core.pose.util: [ WARNING ] Unable to find atom_tree atom for this Rosetta branch connection angle: residue 246 BRANCH 1
core.pose.util: [ WARNING ] Unable to find atom_tree atom for this Rosetta branch connection angle: residue 261 BRANCH 1
protocols.relax.FastRelax: CMD: min  -1316.28  1.59421  1.59421  0.02805
protocols.relax.FastRelax: CMD: coord_cst_weight  -1316.28  1.59421  1.59421  0.02805
protocols.relax.FastRelax: CMD: scale:fa_rep  -703.32  1.59421  1.59421  0.14575
core.pack.task: Packer task: initialize from command line() 
core.pack.pack_rotamers: built 3504 rotamers at 263 positions.
core.pack.interaction_graph.interaction_graph_factory: Instantiating DensePDInteractionGraph
protocols.relax.FastRelax: CMD: repack  -706.242  1.59421  1.59421  0.14575
protocols.relax.FastRelax: CMD: scale:fa_rep  -663.941  1.59421  1.59421  0.154
core.pose.util: [ WARNING ] Unable to find atom_tree atom for this Rosetta branch connection angle: residue 246 BRANCH 1
core.pose.util: [ WARNING ] Unable to find atom_tree atom for this Rosetta branch connection angle: residue 261 BRANCH 1
protocols.relax.FastRelax: CMD: min  -1052.9  1.12547  1.12547  0.154
protocols.relax.FastRelax: CMD: coord_cst_weight  -1052.9  1.12547  1.12547  0.154
protocols.relax.FastRelax: CMD: scale:fa_rep  -887.878  1.12547  1.12547  0.30745
core.pack.task: Packer task: initialize from command line() 
core.pack.pack_rotamers: built 3411 rotamers at 263 positions.
core.pack.interaction_graph.interaction_graph_factory: Instantiating DensePDInteractionGraph
protocols.relax.FastRelax: CMD: repack  -887.878  1.12547  1.12547  0.30745
protocols.relax.FastRelax: CMD: scale:fa_rep  -874.866  1.12547  1.12547  0.31955
core.pose.util: [ WARNING ] Unable to find atom_tree atom for this Rosetta branch connection angle: residue 246 BRANCH 1
core.pose.util: [ WARNING ] Unable to find atom_tree atom for this Rosetta branch connection angle: residue 261 BRANCH 1
protocols.relax.FastRelax: CMD: min  -931.119  0.941297  0.941297  0.31955
protocols.relax.FastRelax: CMD: coord_cst_weight  -931.119  0.941297  0.941297  0.31955
protocols.relax.FastRelax: CMD: scale:fa_rep  -805.224  0.941297  0.941297  0.55
core.pack.task: Packer task: initialize from command line() 
core.pack.pack_rotamers: built 3373 rotamers at 263 positions.
core.pack.interaction_graph.interaction_graph_factory: Instantiating DensePDInteractionGraph
protocols.relax.FastRelax: CMD: repack  -805.224  0.941297  0.941297  0.55
core.pose.util: [ WARNING ] Unable to find atom_tree atom for this Rosetta branch connection angle: residue 246 BRANCH 1
core.pose.util: [ WARNING ] Unable to find atom_tree atom for this Rosetta branch connection angle: residue 261 BRANCH 1
protocols.relax.FastRelax: CMD: min  -834.843  0.870489  0.870489  0.55
protocols.relax.FastRelax: MRP: 3  -834.843  -835.08  0.843043  0.843043  
protocols.relax.FastRelax: CMD: accept_to_best  -834.843  0.870489  0.870489  0.55
protocols.relax.FastRelax: CMD: endrepeat  -834.843  0.870489  0.870489  0.55
protocols.relax.FastRelax: CMD: coord_cst_weight  -834.843  0.870489  0.870489  0.55
protocols.relax.FastRelax: CMD: scale:fa_rep  -1013.66  0.870489  0.870489  0.022
core.pack.task: Packer task: initialize from command line() 
core.pack.pack_rotamers: built 3903 rotamers at 263 positions.
core.pack.interaction_graph.interaction_graph_factory: Instantiating DensePDInteractionGraph
protocols.relax.FastRelax: CMD: repack  -1032.08  0.870489  0.870489  0.022
protocols.relax.FastRelax: CMD: scale:fa_rep  -1027.43  0.870489  0.870489  0.02805
core.pose.util: [ WARNING ] Unable to find atom_tree atom for this Rosetta branch connection angle: residue 246 BRANCH 1
core.pose.util: [ WARNING ] Unable to find atom_tree atom for this Rosetta branch connection angle: residue 261 BRANCH 1
protocols.relax.FastRelax: CMD: min  -1316.29  1.59651  1.59651  0.02805
protocols.relax.FastRelax: CMD: coord_cst_weight  -1316.29  1.59651  1.59651  0.02805
protocols.relax.FastRelax: CMD: scale:fa_rep  -702.378  1.59651  1.59651  0.14575
core.pack.task: Packer task: initialize from command line() 
core.pack.pack_rotamers: built 3502 rotamers at 263 positions.
core.pack.interaction_graph.interaction_graph_factory: Instantiating DensePDInteractionGraph
protocols.relax.FastRelax: CMD: repack  -705.187  1.59651  1.59651  0.14575
protocols.relax.FastRelax: CMD: scale:fa_rep  -662.817  1.59651  1.59651  0.154
core.pose.util: [ WARNING ] Unable to find atom_tree atom for this Rosetta branch connection angle: residue 246 BRANCH 1
core.pose.util: [ WARNING ] Unable to find atom_tree atom for this Rosetta branch connection angle: residue 261 BRANCH 1
protocols.relax.FastRelax: CMD: min  -1052.75  1.12378  1.12378  0.154
protocols.relax.FastRelax: CMD: coord_cst_weight  -1052.75  1.12378  1.12378  0.154
protocols.relax.FastRelax: CMD: scale:fa_rep  -887.677  1.12378  1.12378  0.30745
core.pack.task: Packer task: initialize from command line() 
core.pack.pack_rotamers: built 3412 rotamers at 263 positions.
core.pack.interaction_graph.interaction_graph_factory: Instantiating DensePDInteractionGraph
protocols.relax.FastRelax: CMD: repack  -887.677  1.12378  1.12378  0.30745
protocols.relax.FastRelax: CMD: scale:fa_rep  -874.661  1.12378  1.12378  0.31955
core.pose.util: [ WARNING ] Unable to find atom_tree atom for this Rosetta branch connection angle: residue 246 BRANCH 1
core.pose.util: [ WARNING ] Unable to find atom_tree atom for this Rosetta branch connection angle: residue 261 BRANCH 1
protocols.relax.FastRelax: CMD: min  -931.133  0.928289  0.928289  0.31955
protocols.relax.FastRelax: CMD: coord_cst_weight  -931.133  0.928289  0.928289  0.31955
protocols.relax.FastRelax: CMD: scale:fa_rep  -805.546  0.928289  0.928289  0.55
core.pack.task: Packer task: initialize from command line() 
core.pack.pack_rotamers: built 3379 rotamers at 263 positions.
core.pack.interaction_graph.interaction_graph_factory: Instantiating DensePDInteractionGraph
protocols.relax.FastRelax: CMD: repack  -805.546  0.928289  0.928289  0.55
core.pose.util: [ WARNING ] Unable to find atom_tree atom for this Rosetta branch connection angle: residue 246 BRANCH 1
core.pose.util: [ WARNING ] Unable to find atom_tree atom for this Rosetta branch connection angle: residue 261 BRANCH 1
protocols.relax.FastRelax: CMD: min  -834.828  0.862588  0.862588  0.55
protocols.relax.FastRelax: MRP: 4  -834.828  -835.08  0.843043  0.843043  
protocols.relax.FastRelax: CMD: accept_to_best  -834.828  0.862588  0.862588  0.55
protocols.relax.FastRelax: CMD: endrepeat  -834.828  0.862588  0.862588  0.55
protocols::checkpoint: Deleting checkpoints of FastRelax
protocols.jd2.JobDistributor: candidate_56_unrelaxed_rank_001_alphafold2_ptm_model_3_seed_000_0001 reported success in 624 seconds
protocols.jd2.JobDistributor: no more batches to process... 
protocols.jd2.JobDistributor: 1 jobs considered, 1 jobs attempted in 624 seconds
basic.citation_manager.CitationManager: 
The following Rosetta modules were used during this run of Rosetta, and should be cited:

FastRelax Mover's citation(s):
*Tyka MD, *Keedy DA, André I, Dimaio F, Song Y, Richardson DC, Richardson JS, and Baker D.  (2011).  Alternate states of proteins revealed by detailed energy landscape mapping.  J Mol Biol 405(2):607-18.  doi: 10.1016/j.jmb.2010.11.008.  (*Co-primary authors.)

Khatib F, Cooper S, Tyka MD, Xu K, Makedon I, Popovic Z, Baker D, and Players F.  (2011).  Algorithm discovery by protein folding game players.  Proc Natl Acad Sci USA 108(47):18949-53.  doi: 10.1073/pnas.1115898108.

Maguire JB, Haddox HK, Strickland D, Halabiya SF, Coventry B, Griffin JR, Pulavarti SVSRK, Cummins M, Thieker DF, Klavins E, Szyperski T, DiMaio F, Baker D, and Kuhlman B.  (2021).  Perturbing the energy landscape for improved packing during computational protein design.  Proteins 89(4):436-449.  doi: 10.1002/prot.26030.


