********  (C) Copyright Rosetta Commons Member Institutions.  ***************
* Use of Rosetta for commercial purposes may require purchase of a license. *
********  See LICENSE.md or email license@uw.edu for more details. **********
core.init: Checking for fconfig files in pwd and ./rosetta/flags 
core.init: Rosetta version: rosetta.binary.m1.release-408 r408 2025.37+release.df75a9c48e df75a9c48e763e52a7aa3f5dfba077f4da88dbf5 https://www.rosettacommons.org 2025-09-10T18:19:45.484568
core.init: Rosetta extras: []
core.init: command: /Users/oskarherlitz/Desktop/rosetta.binary.m1.release-408/main/source/bin/relax.static.macosclangrelease -s runs/colabfold_predictions_gpu/candidate_6_unrelaxed_rank_001_alphafold2_ptm_model_1_seed_000.pdb -use_input_sc -nstruct 1 -relax:cartesian -score:weights ref2015_cart -relax:min_type lbfgs_armijo_nonmonotone -out:path:all runs/colabfold_relaxed_top10/candidate_6 -out:file:scorefile runs/colabfold_relaxed_top10/candidate_6/score.sc
basic.random.init_random_generator: 'RNG device' seed mode, using '/dev/urandom', seed=2106685583 seed_offset=0 real_seed=2106685583
basic.random.init_random_generator: RandomGenerator:init: Normal mode, seed=2106685583 RG_type=mt19937
core.init: Resolved executable path: /Users/oskarherlitz/Desktop/rosetta.binary.m1.release-408/main/source/bin/relax.static.macosclangrelease
core.init: Looking for database based on location of executable: /Users/oskarherlitz/Desktop/rosetta.binary.m1.release-408/main/database/
core.scoring.ScoreFunctionFactory: SCOREFUNCTION: ref2015_cart
core.scoring.etable: Starting energy table calculation
core.scoring.etable: smooth_etable: changing atr/rep split to bottom of energy well
core.scoring.etable: smooth_etable: spline smoothing lj etables (maxdis = 6)
core.scoring.etable: smooth_etable: spline smoothing solvation etables (max_dis = 6)
core.scoring.etable: Finished calculating energy tables.
basic.io.database: Database file opened: scoring/score_functions/hbonds/ref2015_params/HBPoly1D.csv
basic.io.database: Database file opened: scoring/score_functions/hbonds/ref2015_params/HBFadeIntervals.csv
basic.io.database: Database file opened: scoring/score_functions/hbonds/ref2015_params/HBEval.csv
basic.io.database: Database file opened: scoring/score_functions/hbonds/ref2015_params/DonStrength.csv
basic.io.database: Database file opened: scoring/score_functions/hbonds/ref2015_params/AccStrength.csv
core.chemical.GlobalResidueTypeSet: Finished initializing fa_standard residue type set.  Created 985 residue types
core.chemical.GlobalResidueTypeSet: Total time to initialize 0.404799 seconds.
basic.io.database: Database file opened: scoring/score_functions/rama/fd/all.ramaProb
basic.io.database: Database file opened: scoring/score_functions/rama/fd/prepro.ramaProb
basic.io.database: Database file opened: scoring/score_functions/omega/omega_ppdep.all.txt
basic.io.database: Database file opened: scoring/score_functions/omega/omega_ppdep.gly.txt
basic.io.database: Database file opened: scoring/score_functions/omega/omega_ppdep.pro.txt
basic.io.database: Database file opened: scoring/score_functions/omega/omega_ppdep.valile.txt
basic.io.database: Database file opened: scoring/score_functions/P_AA_pp/P_AA
basic.io.database: Database file opened: scoring/score_functions/P_AA_pp/P_AA_n
core.scoring.P_AA: shapovalov_lib::shap_p_aa_pp_smooth_level of 1( aka low_smooth ) got activated.
basic.io.database: Database file opened: scoring/score_functions/P_AA_pp/shapovalov/10deg/kappa131/a20.prop
core.energy_methods.CartesianBondedEnergy: Initializing IdealParametersDatabase with default Ks=300 , 80 , 80 , 10 , 80
basic.io.database: Database file opened: scoring/score_functions/bondlength_bondangle/default-lengths.txt
core.energy_methods.CartesianBondedEnergy: Read 759 bb-independent lengths.
basic.io.database: Database file opened: scoring/score_functions/bondlength_bondangle/default-angles.txt
core.energy_methods.CartesianBondedEnergy: Read 1434 bb-independent angles.
basic.io.database: Database file opened: scoring/score_functions/bondlength_bondangle/default-torsions.txt
core.energy_methods.CartesianBondedEnergy: Read 1 bb-independent torsions.
basic.io.database: Database file opened: scoring/score_functions/bondlength_bondangle/default-improper.txt
core.energy_methods.CartesianBondedEnergy: Read 529 bb-independent improper tors.
protocols.relax.RelaxScriptManager: Reading relax scripts list from database.
protocols.relax.RelaxScriptManager: Looking for MonomerRelax2019.txt
protocols.relax.RelaxScriptManager: ================== Reading script file: /Users/oskarherlitz/Desktop/rosetta.binary.m1.release-408/main/database/sampling/relax_scripts/MonomerRelax2019.txt ==================
protocols.relax.RelaxScriptManager: repeat %%nrepeats%%
protocols.relax.RelaxScriptManager: coord_cst_weight 1.0
protocols.relax.RelaxScriptManager: scale:fa_rep 0.040
protocols.relax.RelaxScriptManager: repack
protocols.relax.RelaxScriptManager: scale:fa_rep 0.051
protocols.relax.RelaxScriptManager: min 0.01
protocols.relax.RelaxScriptManager: coord_cst_weight 0.5
protocols.relax.RelaxScriptManager: scale:fa_rep 0.265
protocols.relax.RelaxScriptManager: repack
protocols.relax.RelaxScriptManager: scale:fa_rep 0.280
protocols.relax.RelaxScriptManager: min 0.01
protocols.relax.RelaxScriptManager: coord_cst_weight 0.0
protocols.relax.RelaxScriptManager: scale:fa_rep 0.559
protocols.relax.RelaxScriptManager: repack
protocols.relax.RelaxScriptManager: scale:fa_rep 0.581
protocols.relax.RelaxScriptManager: min 0.01
protocols.relax.RelaxScriptManager: coord_cst_weight 0.0
protocols.relax.RelaxScriptManager: scale:fa_rep 1
protocols.relax.RelaxScriptManager: repack
protocols.relax.RelaxScriptManager: min 0.00001
protocols.relax.RelaxScriptManager: accept_to_best
protocols.relax.RelaxScriptManager: endrepeat
protocols.jd2.PDBJobInputter: Instantiate PDBJobInputter
protocols.jd2.PDBJobInputter: PDBJobInputter::fill_jobs
protocols.jd2.PDBJobInputter: pushed runs/colabfold_predictions_gpu/candidate_6_unrelaxed_rank_001_alphafold2_ptm_model_1_seed_000.pdb nstruct index 1
protocols.evaluation.ChiWellRmsdEvaluatorCreator: Evaluation Creator active ... 
protocols.jd2.PDBJobInputter: PDBJobInputter::pose_from_job
protocols.jd2.PDBJobInputter: filling pose from PDB runs/colabfold_predictions_gpu/candidate_6_unrelaxed_rank_001_alphafold2_ptm_model_1_seed_000.pdb
core.import_pose.import_pose: File 'runs/colabfold_predictions_gpu/candidate_6_unrelaxed_rank_001_alphafold2_ptm_model_1_seed_000.pdb' automatically determined to be of type PDB from contents.
core.conformation.Conformation: [ WARNING ] missing heavyatom:  OXT on residue SER:CtermProteinFull 263
core.conformation.Conformation: Found disulfide between residues 242 258
core.energy_methods.CartesianBondedEnergy: Creating new peptide-bonded energy container (263)
basic.io.database: Database file opened: scoring/score_functions/elec_cp_reps.dat
core.scoring.elec.util: Read 40 countpair representative atoms
core.pack.dunbrack.RotamerLibrary: shapovalov_lib_fixes_enable option is true.
core.pack.dunbrack.RotamerLibrary: shapovalov_lib::shap_dun10_smooth_level of 1( aka lowest_smooth ) got activated.
core.pack.dunbrack.RotamerLibrary: Binary rotamer library selected: /Users/oskarherlitz/Desktop/rosetta.binary.m1.release-408/main/database/rotamer/shapovalov/StpDwn_0-0-0/Dunbrack10.lib.bin
core.pack.dunbrack.RotamerLibrary: Using Dunbrack library binary file '/Users/oskarherlitz/Desktop/rosetta.binary.m1.release-408/main/database/rotamer/shapovalov/StpDwn_0-0-0/Dunbrack10.lib.bin'.
core.pack.dunbrack.RotamerLibrary: Dunbrack 2010 library took 0.074469 seconds to load from binary
protocols.relax.FastRelax: CMD: repeat  368.455  0  0  0.55
protocols.relax.FastRelax: CMD: coord_cst_weight  368.455  0  0  0.55
protocols.relax.FastRelax: CMD: scale:fa_rep  -244.412  0  0  0.022
core.pack.task: Packer task: initialize from command line() 
core.pack.pack_rotamers: built 4426 rotamers at 263 positions.
core.pack.interaction_graph.interaction_graph_factory: Instantiating DensePDInteractionGraph
protocols.relax.FastRelax: CMD: repack  -515.175  0  0  0.022
protocols.relax.FastRelax: CMD: scale:fa_rep  -506.542  0  0  0.02805
core.pose.util: [ WARNING ] Unable to find atom_tree atom for this Rosetta branch connection angle: residue 242 BRANCH 1
core.pose.util: [ WARNING ] Unable to find atom_tree atom for this Rosetta branch connection angle: residue 258 BRANCH 1
core.optimization.Minimizer: [ WARNING ] LBFGS MAX CYCLES 2000 EXCEEDED, BUT FUNC NOT CONVERGED!
protocols.relax.FastRelax: CMD: min  -1277.69  1.37746  1.37746  0.02805
protocols.relax.FastRelax: CMD: coord_cst_weight  -1277.69  1.37746  1.37746  0.02805
protocols.relax.FastRelax: CMD: scale:fa_rep  -685.577  1.37746  1.37746  0.14575
core.pack.task: Packer task: initialize from command line() 
core.pack.pack_rotamers: built 3884 rotamers at 263 positions.
core.pack.interaction_graph.interaction_graph_factory: Instantiating DensePDInteractionGraph
protocols.relax.FastRelax: CMD: repack  -695.029  1.37746  1.37746  0.14575
protocols.relax.FastRelax: CMD: scale:fa_rep  -654.615  1.37746  1.37746  0.154
core.pose.util: [ WARNING ] Unable to find atom_tree atom for this Rosetta branch connection angle: residue 242 BRANCH 1
core.pose.util: [ WARNING ] Unable to find atom_tree atom for this Rosetta branch connection angle: residue 258 BRANCH 1
core.optimization.Minimizer: [ WARNING ] LBFGS MAX CYCLES 2000 EXCEEDED, BUT FUNC NOT CONVERGED!
protocols.relax.FastRelax: CMD: min  -1044.27  0.931484  0.931484  0.154
protocols.relax.FastRelax: CMD: coord_cst_weight  -1044.27  0.931484  0.931484  0.154
protocols.relax.FastRelax: CMD: scale:fa_rep  -893.917  0.931484  0.931484  0.30745
core.pack.task: Packer task: initialize from command line() 
core.pack.pack_rotamers: built 3888 rotamers at 263 positions.
core.pack.interaction_graph.interaction_graph_factory: Instantiating DensePDInteractionGraph
protocols.relax.FastRelax: CMD: repack  -893.917  0.931484  0.931484  0.30745
protocols.relax.FastRelax: CMD: scale:fa_rep  -882.061  0.931484  0.931484  0.31955
core.pose.util: [ WARNING ] Unable to find atom_tree atom for this Rosetta branch connection angle: residue 242 BRANCH 1
core.pose.util: [ WARNING ] Unable to find atom_tree atom for this Rosetta branch connection angle: residue 258 BRANCH 1
core.optimization.LineMinimizer: Inaccurate G in step= 9.53674e-09 Deriv= -7.347 Finite Diff= 0.624967
core.optimization.LineMinimizer: Inaccurate G in step= 8.81549e-07 Deriv= -74.901 Finite Diff= 45.7754
core.optimization.Minimizer: Line search failed even after resetting Hessian; aborting at iter#1616
protocols.relax.FastRelax: CMD: min  -931.644  0.777941  0.777941  0.31955
protocols.relax.FastRelax: CMD: coord_cst_weight  -931.644  0.777941  0.777941  0.31955
protocols.relax.FastRelax: CMD: scale:fa_rep  -812.309  0.777941  0.777941  0.55
core.pack.task: Packer task: initialize from command line() 
core.pack.pack_rotamers: built 3819 rotamers at 263 positions.
core.pack.interaction_graph.interaction_graph_factory: Instantiating DensePDInteractionGraph
protocols.relax.FastRelax: CMD: repack  -812.526  0.777941  0.777941  0.55
core.pose.util: [ WARNING ] Unable to find atom_tree atom for this Rosetta branch connection angle: residue 242 BRANCH 1
core.pose.util: [ WARNING ] Unable to find atom_tree atom for this Rosetta branch connection angle: residue 258 BRANCH 1
core.optimization.Minimizer: [ WARNING ] LBFGS MAX CYCLES 2000 EXCEEDED, BUT FUNC NOT CONVERGED!
protocols.relax.FastRelax: CMD: min  -840.503  0.717681  0.717681  0.55
protocols.relax.FastRelax: MRP: 0  -840.503  -840.503  0.717681  0.717681  
protocols.relax.FastRelax: CMD: accept_to_best  -840.503  0.717681  0.717681  0.55
protocols.relax.FastRelax: CMD: endrepeat  -840.503  0.717681  0.717681  0.55
protocols.relax.FastRelax: CMD: coord_cst_weight  -840.503  0.717681  0.717681  0.55
protocols.relax.FastRelax: CMD: scale:fa_rep  -1011.95  0.717681  0.717681  0.022
core.pack.task: Packer task: initialize from command line() 
core.pack.pack_rotamers: built 4388 rotamers at 263 positions.
core.pack.interaction_graph.interaction_graph_factory: Instantiating DensePDInteractionGraph
protocols.relax.FastRelax: CMD: repack  -1027.91  0.717681  0.717681  0.022
protocols.relax.FastRelax: CMD: scale:fa_rep  -1023.61  0.717681  0.717681  0.02805
core.pose.util: [ WARNING ] Unable to find atom_tree atom for this Rosetta branch connection angle: residue 242 BRANCH 1
core.pose.util: [ WARNING ] Unable to find atom_tree atom for this Rosetta branch connection angle: residue 258 BRANCH 1
core.optimization.Minimizer: [ WARNING ] LBFGS MAX CYCLES 2000 EXCEEDED, BUT FUNC NOT CONVERGED!
protocols.relax.FastRelax: CMD: min  -1299.9  1.46163  1.46163  0.02805
protocols.relax.FastRelax: CMD: coord_cst_weight  -1299.9  1.46163  1.46163  0.02805
protocols.relax.FastRelax: CMD: scale:fa_rep  -719.041  1.46163  1.46163  0.14575
core.pack.task: Packer task: initialize from command line() 
core.pack.pack_rotamers: built 3847 rotamers at 263 positions.
core.pack.interaction_graph.interaction_graph_factory: Instantiating DensePDInteractionGraph
protocols.relax.FastRelax: CMD: repack  -720.677  1.46163  1.46163  0.14575
protocols.relax.FastRelax: CMD: scale:fa_rep  -680.234  1.46163  1.46163  0.154
core.pose.util: [ WARNING ] Unable to find atom_tree atom for this Rosetta branch connection angle: residue 242 BRANCH 1
core.pose.util: [ WARNING ] Unable to find atom_tree atom for this Rosetta branch connection angle: residue 258 BRANCH 1
core.optimization.Minimizer: [ WARNING ] LBFGS MAX CYCLES 2000 EXCEEDED, BUT FUNC NOT CONVERGED!
protocols.relax.FastRelax: CMD: min  -1055.39  0.97624  0.97624  0.154
protocols.relax.FastRelax: CMD: coord_cst_weight  -1055.39  0.97624  0.97624  0.154
protocols.relax.FastRelax: CMD: scale:fa_rep  -901.509  0.97624  0.97624  0.30745
core.pack.task: Packer task: initialize from command line() 
core.pack.pack_rotamers: built 3814 rotamers at 263 positions.
core.pack.interaction_graph.interaction_graph_factory: Instantiating DensePDInteractionGraph
protocols.relax.FastRelax: CMD: repack  -901.509  0.97624  0.97624  0.30745
protocols.relax.FastRelax: CMD: scale:fa_rep  -889.375  0.97624  0.97624  0.31955
core.pose.util: [ WARNING ] Unable to find atom_tree atom for this Rosetta branch connection angle: residue 242 BRANCH 1
core.pose.util: [ WARNING ] Unable to find atom_tree atom for this Rosetta branch connection angle: residue 258 BRANCH 1
core.optimization.Minimizer: [ WARNING ] LBFGS MAX CYCLES 2000 EXCEEDED, BUT FUNC NOT CONVERGED!
protocols.relax.FastRelax: CMD: min  -938.649  0.815629  0.815629  0.31955
protocols.relax.FastRelax: CMD: coord_cst_weight  -938.649  0.815629  0.815629  0.31955
protocols.relax.FastRelax: CMD: scale:fa_rep  -817.068  0.815629  0.815629  0.55
core.pack.task: Packer task: initialize from command line() 
core.pack.pack_rotamers: built 3805 rotamers at 263 positions.
core.pack.interaction_graph.interaction_graph_factory: Instantiating DensePDInteractionGraph
protocols.relax.FastRelax: CMD: repack  -817.068  0.815629  0.815629  0.55
core.pose.util: [ WARNING ] Unable to find atom_tree atom for this Rosetta branch connection angle: residue 242 BRANCH 1
core.pose.util: [ WARNING ] Unable to find atom_tree atom for this Rosetta branch connection angle: residue 258 BRANCH 1
core.optimization.Minimizer: [ WARNING ] LBFGS MAX CYCLES 2000 EXCEEDED, BUT FUNC NOT CONVERGED!
protocols.relax.FastRelax: CMD: min  -847.04  0.750077  0.750077  0.55
protocols.relax.FastRelax: MRP: 1  -847.04  -847.04  0.750077  0.750077  
protocols.relax.FastRelax: CMD: accept_to_best  -847.04  0.750077  0.750077  0.55
protocols.relax.FastRelax: CMD: endrepeat  -847.04  0.750077  0.750077  0.55
protocols.relax.FastRelax: CMD: coord_cst_weight  -847.04  0.750077  0.750077  0.55
protocols.relax.FastRelax: CMD: scale:fa_rep  -1018.88  0.750077  0.750077  0.022
core.pack.task: Packer task: initialize from command line() 
core.pack.pack_rotamers: built 4343 rotamers at 263 positions.
core.pack.interaction_graph.interaction_graph_factory: Instantiating DensePDInteractionGraph
protocols.relax.FastRelax: CMD: repack  -1033.22  0.750077  0.750077  0.022
protocols.relax.FastRelax: CMD: scale:fa_rep  -1029.32  0.750077  0.750077  0.02805
core.pose.util: [ WARNING ] Unable to find atom_tree atom for this Rosetta branch connection angle: residue 242 BRANCH 1
core.pose.util: [ WARNING ] Unable to find atom_tree atom for this Rosetta branch connection angle: residue 258 BRANCH 1
core.optimization.LineMinimizer: Inaccurate G in step= 9.53674e-09 Deriv= -0.288282 Finite Diff= 0.768828
core.optimization.LineMinimizer: Inaccurate G in step= 1.41335e-06 Deriv= -29.1394 Finite Diff= 10.6431
core.optimization.Minimizer: Line search failed even after resetting Hessian; aborting at iter#1711
protocols.relax.FastRelax: CMD: min  -1299.48  1.48887  1.48887  0.02805
protocols.relax.FastRelax: CMD: coord_cst_weight  -1299.48  1.48887  1.48887  0.02805
protocols.relax.FastRelax: CMD: scale:fa_rep  -722.712  1.48887  1.48887  0.14575
core.pack.task: Packer task: initialize from command line() 
core.pack.pack_rotamers: built 3890 rotamers at 263 positions.
core.pack.interaction_graph.interaction_graph_factory: Instantiating DensePDInteractionGraph
protocols.relax.FastRelax: CMD: repack  -724.895  1.48887  1.48887  0.14575
protocols.relax.FastRelax: CMD: scale:fa_rep  -684.855  1.48887  1.48887  0.154
core.pose.util: [ WARNING ] Unable to find atom_tree atom for this Rosetta branch connection angle: residue 242 BRANCH 1
core.pose.util: [ WARNING ] Unable to find atom_tree atom for this Rosetta branch connection angle: residue 258 BRANCH 1
core.optimization.Minimizer: [ WARNING ] LBFGS MAX CYCLES 2000 EXCEEDED, BUT FUNC NOT CONVERGED!
protocols.relax.FastRelax: CMD: min  -1056.6  1.02515  1.02515  0.154
protocols.relax.FastRelax: CMD: coord_cst_weight  -1056.6  1.02515  1.02515  0.154
protocols.relax.FastRelax: CMD: scale:fa_rep  -901.752  1.02515  1.02515  0.30745
core.pack.task: Packer task: initialize from command line() 
core.pack.pack_rotamers: built 3885 rotamers at 263 positions.
core.pack.interaction_graph.interaction_graph_factory: Instantiating DensePDInteractionGraph
protocols.relax.FastRelax: CMD: repack  -901.752  1.02515  1.02515  0.30745
protocols.relax.FastRelax: CMD: scale:fa_rep  -889.542  1.02515  1.02515  0.31955
core.pose.util: [ WARNING ] Unable to find atom_tree atom for this Rosetta branch connection angle: residue 242 BRANCH 1
core.pose.util: [ WARNING ] Unable to find atom_tree atom for this Rosetta branch connection angle: residue 258 BRANCH 1
core.optimization.LineMinimizer: Inaccurate G in step= 4.76837e-09 Deriv= -0.0550531 Finite Diff= 0.0949144
core.optimization.LineMinimizer: Inaccurate G in step= 1.32117e-06 Deriv= -33.3476 Finite Diff= 22.163
core.optimization.Minimizer: Line search failed even after resetting Hessian; aborting at iter#1436
protocols.relax.FastRelax: CMD: min  -939.548  0.853856  0.853856  0.31955
protocols.relax.FastRelax: CMD: coord_cst_weight  -939.548  0.853856  0.853856  0.31955
protocols.relax.FastRelax: CMD: scale:fa_rep  -817.851  0.853856  0.853856  0.55
core.pack.task: Packer task: initialize from command line() 
core.pack.pack_rotamers: built 3827 rotamers at 263 positions.
core.pack.interaction_graph.interaction_graph_factory: Instantiating DensePDInteractionGraph
protocols.relax.FastRelax: CMD: repack  -817.851  0.853856  0.853856  0.55
core.pose.util: [ WARNING ] Unable to find atom_tree atom for this Rosetta branch connection angle: residue 242 BRANCH 1
core.pose.util: [ WARNING ] Unable to find atom_tree atom for this Rosetta branch connection angle: residue 258 BRANCH 1
core.optimization.Minimizer: [ WARNING ] LBFGS MAX CYCLES 2000 EXCEEDED, BUT FUNC NOT CONVERGED!
protocols.relax.FastRelax: CMD: min  -846.02  0.789719  0.789719  0.55
protocols.relax.FastRelax: MRP: 2  -846.02  -847.04  0.750077  0.750077  
protocols.relax.FastRelax: CMD: accept_to_best  -846.02  0.789719  0.789719  0.55
protocols.relax.FastRelax: CMD: endrepeat  -846.02  0.789719  0.789719  0.55
protocols.relax.FastRelax: CMD: coord_cst_weight  -846.02  0.789719  0.789719  0.55
protocols.relax.FastRelax: CMD: scale:fa_rep  -1018.96  0.789719  0.789719  0.022
core.pack.task: Packer task: initialize from command line() 
core.pack.pack_rotamers: built 4322 rotamers at 263 positions.
core.pack.interaction_graph.interaction_graph_factory: Instantiating DensePDInteractionGraph
protocols.relax.FastRelax: CMD: repack  -1034.98  0.789719  0.789719  0.022
protocols.relax.FastRelax: CMD: scale:fa_rep  -1029.99  0.789719  0.789719  0.02805
core.pose.util: [ WARNING ] Unable to find atom_tree atom for this Rosetta branch connection angle: residue 242 BRANCH 1
core.pose.util: [ WARNING ] Unable to find atom_tree atom for this Rosetta branch connection angle: residue 258 BRANCH 1
core.optimization.Minimizer: [ WARNING ] LBFGS MAX CYCLES 2000 EXCEEDED, BUT FUNC NOT CONVERGED!
protocols.relax.FastRelax: CMD: min  -1306.31  1.51827  1.51827  0.02805
protocols.relax.FastRelax: CMD: coord_cst_weight  -1306.31  1.51827  1.51827  0.02805
protocols.relax.FastRelax: CMD: scale:fa_rep  -721.303  1.51827  1.51827  0.14575
core.pack.task: Packer task: initialize from command line() 
core.pack.pack_rotamers: built 3892 rotamers at 263 positions.
core.pack.interaction_graph.interaction_graph_factory: Instantiating DensePDInteractionGraph
protocols.relax.FastRelax: CMD: repack  -722.368  1.51827  1.51827  0.14575
protocols.relax.FastRelax: CMD: scale:fa_rep  -681.63  1.51827  1.51827  0.154
core.pose.util: [ WARNING ] Unable to find atom_tree atom for this Rosetta branch connection angle: residue 242 BRANCH 1
core.pose.util: [ WARNING ] Unable to find atom_tree atom for this Rosetta branch connection angle: residue 258 BRANCH 1
core.optimization.LineMinimizer: Inaccurate G in step= 9.53674e-09 Deriv= -7.11638 Finite Diff= 2.31616
core.optimization.LineMinimizer: Inaccurate G in step= 7.86617e-07 Deriv= -94.0705 Finite Diff= 73.3734
core.optimization.Minimizer: Line search failed even after resetting Hessian; aborting at iter#1476
protocols.relax.FastRelax: CMD: min  -1058.66  1.0671  1.0671  0.154
protocols.relax.FastRelax: CMD: coord_cst_weight  -1058.66  1.0671  1.0671  0.154
protocols.relax.FastRelax: CMD: scale:fa_rep  -902.236  1.0671  1.0671  0.30745
core.pack.task: Packer task: initialize from command line() 
core.pack.pack_rotamers: built 3833 rotamers at 263 positions.
core.pack.interaction_graph.interaction_graph_factory: Instantiating DensePDInteractionGraph
protocols.relax.FastRelax: CMD: repack  -902.236  1.0671  1.0671  0.30745
protocols.relax.FastRelax: CMD: scale:fa_rep  -889.901  1.0671  1.0671  0.31955
core.pose.util: [ WARNING ] Unable to find atom_tree atom for this Rosetta branch connection angle: residue 242 BRANCH 1
core.pose.util: [ WARNING ] Unable to find atom_tree atom for this Rosetta branch connection angle: residue 258 BRANCH 1
core.optimization.Minimizer: [ WARNING ] LBFGS MAX CYCLES 2000 EXCEEDED, BUT FUNC NOT CONVERGED!
protocols.relax.FastRelax: CMD: min  -940.863  0.906116  0.906116  0.31955
protocols.relax.FastRelax: CMD: coord_cst_weight  -940.863  0.906116  0.906116  0.31955
protocols.relax.FastRelax: CMD: scale:fa_rep  -817.769  0.906116  0.906116  0.55
core.pack.task: Packer task: initialize from command line() 
core.pack.pack_rotamers: built 3753 rotamers at 263 positions.
core.pack.interaction_graph.interaction_graph_factory: Instantiating DensePDInteractionGraph
protocols.relax.FastRelax: CMD: repack  -817.318  0.906116  0.906116  0.55
core.pose.util: [ WARNING ] Unable to find atom_tree atom for this Rosetta branch connection angle: residue 242 BRANCH 1
core.pose.util: [ WARNING ] Unable to find atom_tree atom for this Rosetta branch connection angle: residue 258 BRANCH 1
core.optimization.Minimizer: [ WARNING ] LBFGS MAX CYCLES 2000 EXCEEDED, BUT FUNC NOT CONVERGED!
protocols.relax.FastRelax: CMD: min  -844.621  0.842309  0.842309  0.55
protocols.relax.FastRelax: MRP: 3  -844.621  -847.04  0.750077  0.750077  
protocols.relax.FastRelax: CMD: accept_to_best  -844.621  0.842309  0.842309  0.55
protocols.relax.FastRelax: CMD: endrepeat  -844.621  0.842309  0.842309  0.55
protocols.relax.FastRelax: CMD: coord_cst_weight  -844.621  0.842309  0.842309  0.55
protocols.relax.FastRelax: CMD: scale:fa_rep  -1022.12  0.842309  0.842309  0.022
core.pack.task: Packer task: initialize from command line() 
core.pack.pack_rotamers: built 4281 rotamers at 263 positions.
core.pack.interaction_graph.interaction_graph_factory: Instantiating DensePDInteractionGraph
protocols.relax.FastRelax: CMD: repack  -1038.85  0.842309  0.842309  0.022
protocols.relax.FastRelax: CMD: scale:fa_rep  -1033.83  0.842309  0.842309  0.02805
core.pose.util: [ WARNING ] Unable to find atom_tree atom for this Rosetta branch connection angle: residue 242 BRANCH 1
core.pose.util: [ WARNING ] Unable to find atom_tree atom for this Rosetta branch connection angle: residue 258 BRANCH 1
core.optimization.Minimizer: [ WARNING ] LBFGS MAX CYCLES 2000 EXCEEDED, BUT FUNC NOT CONVERGED!
protocols.relax.FastRelax: CMD: min  -1306.32  1.5115  1.5115  0.02805
protocols.relax.FastRelax: CMD: coord_cst_weight  -1306.32  1.5115  1.5115  0.02805
protocols.relax.FastRelax: CMD: scale:fa_rep  -717.965  1.5115  1.5115  0.14575
core.pack.task: Packer task: initialize from command line() 
core.pack.pack_rotamers: built 3895 rotamers at 263 positions.
core.pack.interaction_graph.interaction_graph_factory: Instantiating DensePDInteractionGraph
protocols.relax.FastRelax: CMD: repack  -719.16  1.5115  1.5115  0.14575
protocols.relax.FastRelax: CMD: scale:fa_rep  -678.202  1.5115  1.5115  0.154
core.pose.util: [ WARNING ] Unable to find atom_tree atom for this Rosetta branch connection angle: residue 242 BRANCH 1
core.pose.util: [ WARNING ] Unable to find atom_tree atom for this Rosetta branch connection angle: residue 258 BRANCH 1
core.optimization.Minimizer: [ WARNING ] LBFGS MAX CYCLES 2000 EXCEEDED, BUT FUNC NOT CONVERGED!
protocols.relax.FastRelax: CMD: min  -1059.31  1.06076  1.06076  0.154
protocols.relax.FastRelax: CMD: coord_cst_weight  -1059.31  1.06076  1.06076  0.154
protocols.relax.FastRelax: CMD: scale:fa_rep  -903.272  1.06076  1.06076  0.30745
core.pack.task: Packer task: initialize from command line() 
core.pack.pack_rotamers: built 3831 rotamers at 263 positions.
core.pack.interaction_graph.interaction_graph_factory: Instantiating DensePDInteractionGraph
protocols.relax.FastRelax: CMD: repack  -903.272  1.06076  1.06076  0.30745
protocols.relax.FastRelax: CMD: scale:fa_rep  -890.967  1.06076  1.06076  0.31955
core.pose.util: [ WARNING ] Unable to find atom_tree atom for this Rosetta branch connection angle: residue 242 BRANCH 1
core.pose.util: [ WARNING ] Unable to find atom_tree atom for this Rosetta branch connection angle: residue 258 BRANCH 1
core.optimization.Minimizer: [ WARNING ] LBFGS MAX CYCLES 2000 EXCEEDED, BUT FUNC NOT CONVERGED!
protocols.relax.FastRelax: CMD: min  -941.708  0.907857  0.907857  0.31955
protocols.relax.FastRelax: CMD: coord_cst_weight  -941.708  0.907857  0.907857  0.31955
protocols.relax.FastRelax: CMD: scale:fa_rep  -818.658  0.907857  0.907857  0.55
core.pack.task: Packer task: initialize from command line() 
core.pack.pack_rotamers: built 3751 rotamers at 263 positions.
core.pack.interaction_graph.interaction_graph_factory: Instantiating DensePDInteractionGraph
protocols.relax.FastRelax: CMD: repack  -818.658  0.907857  0.907857  0.55
core.pose.util: [ WARNING ] Unable to find atom_tree atom for this Rosetta branch connection angle: residue 242 BRANCH 1
core.pose.util: [ WARNING ] Unable to find atom_tree atom for this Rosetta branch connection angle: residue 258 BRANCH 1
core.optimization.Minimizer: [ WARNING ] LBFGS MAX CYCLES 2000 EXCEEDED, BUT FUNC NOT CONVERGED!
protocols.relax.FastRelax: CMD: min  -845.204  0.844697  0.844697  0.55
protocols.relax.FastRelax: MRP: 4  -845.204  -847.04  0.750077  0.750077  
protocols.relax.FastRelax: CMD: accept_to_best  -845.204  0.844697  0.844697  0.55
protocols.relax.FastRelax: CMD: endrepeat  -845.204  0.844697  0.844697  0.55
protocols::checkpoint: Deleting checkpoints of FastRelax
protocols.jd2.JobDistributor: candidate_6_unrelaxed_rank_001_alphafold2_ptm_model_1_seed_000_0001 reported success in 1740 seconds
protocols.jd2.JobDistributor: no more batches to process... 
protocols.jd2.JobDistributor: 1 jobs considered, 1 jobs attempted in 1740 seconds
basic.citation_manager.CitationManager: 
The following Rosetta modules were used during this run of Rosetta, and should be cited:

FastRelax Mover's citation(s):
*Tyka MD, *Keedy DA, André I, Dimaio F, Song Y, Richardson DC, Richardson JS, and Baker D.  (2011).  Alternate states of proteins revealed by detailed energy landscape mapping.  J Mol Biol 405(2):607-18.  doi: 10.1016/j.jmb.2010.11.008.  (*Co-primary authors.)

Khatib F, Cooper S, Tyka MD, Xu K, Makedon I, Popovic Z, Baker D, and Players F.  (2011).  Algorithm discovery by protein folding game players.  Proc Natl Acad Sci USA 108(47):18949-53.  doi: 10.1073/pnas.1115898108.

Maguire JB, Haddox HK, Strickland D, Halabiya SF, Coventry B, Griffin JR, Pulavarti SVSRK, Cummins M, Thieker DF, Klavins E, Szyperski T, DiMaio F, Baker D, and Kuhlman B.  (2021).  Perturbing the energy landscape for improved packing during computational protein design.  Proteins 89(4):436-449.  doi: 10.1002/prot.26030.


