********  (C) Copyright Rosetta Commons Member Institutions.  ***************
* Use of Rosetta for commercial purposes may require purchase of a license. *
********  See LICENSE.md or email license@uw.edu for more details. **********
core.init: Checking for fconfig files in pwd and ./rosetta/flags 
core.init: Rosetta version: rosetta.binary.m1.release-408 r408 2025.37+release.df75a9c48e df75a9c48e763e52a7aa3f5dfba077f4da88dbf5 https://www.rosettacommons.org 2025-09-10T18:19:45.484568
core.init: Rosetta extras: []
core.init: command: /Users/oskarherlitz/Desktop/rosetta.binary.m1.release-408/main/source/bin/relax.static.macosclangrelease -s runs/colabfold_predictions_gpu/candidate_25_unrelaxed_rank_001_alphafold2_ptm_model_3_seed_000.pdb -use_input_sc -nstruct 1 -relax:cartesian -score:weights ref2015_cart -relax:min_type lbfgs_armijo_nonmonotone -out:path:all runs/colabfold_relaxed_top10/candidate_25 -out:file:scorefile runs/colabfold_relaxed_top10/candidate_25/score.sc
basic.random.init_random_generator: 'RNG device' seed mode, using '/dev/urandom', seed=1159993290 seed_offset=0 real_seed=1159993290
basic.random.init_random_generator: RandomGenerator:init: Normal mode, seed=1159993290 RG_type=mt19937
core.init: Resolved executable path: /Users/oskarherlitz/Desktop/rosetta.binary.m1.release-408/main/source/bin/relax.static.macosclangrelease
core.init: Looking for database based on location of executable: /Users/oskarherlitz/Desktop/rosetta.binary.m1.release-408/main/database/
core.scoring.ScoreFunctionFactory: SCOREFUNCTION: ref2015_cart
core.scoring.etable: Starting energy table calculation
core.scoring.etable: smooth_etable: changing atr/rep split to bottom of energy well
core.scoring.etable: smooth_etable: spline smoothing lj etables (maxdis = 6)
core.scoring.etable: smooth_etable: spline smoothing solvation etables (max_dis = 6)
core.scoring.etable: Finished calculating energy tables.
basic.io.database: Database file opened: scoring/score_functions/hbonds/ref2015_params/HBPoly1D.csv
basic.io.database: Database file opened: scoring/score_functions/hbonds/ref2015_params/HBFadeIntervals.csv
basic.io.database: Database file opened: scoring/score_functions/hbonds/ref2015_params/HBEval.csv
basic.io.database: Database file opened: scoring/score_functions/hbonds/ref2015_params/DonStrength.csv
basic.io.database: Database file opened: scoring/score_functions/hbonds/ref2015_params/AccStrength.csv
core.chemical.GlobalResidueTypeSet: Finished initializing fa_standard residue type set.  Created 985 residue types
core.chemical.GlobalResidueTypeSet: Total time to initialize 0.404328 seconds.
basic.io.database: Database file opened: scoring/score_functions/rama/fd/all.ramaProb
basic.io.database: Database file opened: scoring/score_functions/rama/fd/prepro.ramaProb
basic.io.database: Database file opened: scoring/score_functions/omega/omega_ppdep.all.txt
basic.io.database: Database file opened: scoring/score_functions/omega/omega_ppdep.gly.txt
basic.io.database: Database file opened: scoring/score_functions/omega/omega_ppdep.pro.txt
basic.io.database: Database file opened: scoring/score_functions/omega/omega_ppdep.valile.txt
basic.io.database: Database file opened: scoring/score_functions/P_AA_pp/P_AA
basic.io.database: Database file opened: scoring/score_functions/P_AA_pp/P_AA_n
core.scoring.P_AA: shapovalov_lib::shap_p_aa_pp_smooth_level of 1( aka low_smooth ) got activated.
basic.io.database: Database file opened: scoring/score_functions/P_AA_pp/shapovalov/10deg/kappa131/a20.prop
core.energy_methods.CartesianBondedEnergy: Initializing IdealParametersDatabase with default Ks=300 , 80 , 80 , 10 , 80
basic.io.database: Database file opened: scoring/score_functions/bondlength_bondangle/default-lengths.txt
core.energy_methods.CartesianBondedEnergy: Read 759 bb-independent lengths.
basic.io.database: Database file opened: scoring/score_functions/bondlength_bondangle/default-angles.txt
core.energy_methods.CartesianBondedEnergy: Read 1434 bb-independent angles.
basic.io.database: Database file opened: scoring/score_functions/bondlength_bondangle/default-torsions.txt
core.energy_methods.CartesianBondedEnergy: Read 1 bb-independent torsions.
basic.io.database: Database file opened: scoring/score_functions/bondlength_bondangle/default-improper.txt
core.energy_methods.CartesianBondedEnergy: Read 529 bb-independent improper tors.
protocols.relax.RelaxScriptManager: Reading relax scripts list from database.
protocols.relax.RelaxScriptManager: Looking for MonomerRelax2019.txt
protocols.relax.RelaxScriptManager: ================== Reading script file: /Users/oskarherlitz/Desktop/rosetta.binary.m1.release-408/main/database/sampling/relax_scripts/MonomerRelax2019.txt ==================
protocols.relax.RelaxScriptManager: repeat %%nrepeats%%
protocols.relax.RelaxScriptManager: coord_cst_weight 1.0
protocols.relax.RelaxScriptManager: scale:fa_rep 0.040
protocols.relax.RelaxScriptManager: repack
protocols.relax.RelaxScriptManager: scale:fa_rep 0.051
protocols.relax.RelaxScriptManager: min 0.01
protocols.relax.RelaxScriptManager: coord_cst_weight 0.5
protocols.relax.RelaxScriptManager: scale:fa_rep 0.265
protocols.relax.RelaxScriptManager: repack
protocols.relax.RelaxScriptManager: scale:fa_rep 0.280
protocols.relax.RelaxScriptManager: min 0.01
protocols.relax.RelaxScriptManager: coord_cst_weight 0.0
protocols.relax.RelaxScriptManager: scale:fa_rep 0.559
protocols.relax.RelaxScriptManager: repack
protocols.relax.RelaxScriptManager: scale:fa_rep 0.581
protocols.relax.RelaxScriptManager: min 0.01
protocols.relax.RelaxScriptManager: coord_cst_weight 0.0
protocols.relax.RelaxScriptManager: scale:fa_rep 1
protocols.relax.RelaxScriptManager: repack
protocols.relax.RelaxScriptManager: min 0.00001
protocols.relax.RelaxScriptManager: accept_to_best
protocols.relax.RelaxScriptManager: endrepeat
protocols.jd2.PDBJobInputter: Instantiate PDBJobInputter
protocols.jd2.PDBJobInputter: PDBJobInputter::fill_jobs
protocols.jd2.PDBJobInputter: pushed runs/colabfold_predictions_gpu/candidate_25_unrelaxed_rank_001_alphafold2_ptm_model_3_seed_000.pdb nstruct index 1
protocols.evaluation.ChiWellRmsdEvaluatorCreator: Evaluation Creator active ... 
protocols.jd2.PDBJobInputter: PDBJobInputter::pose_from_job
protocols.jd2.PDBJobInputter: filling pose from PDB runs/colabfold_predictions_gpu/candidate_25_unrelaxed_rank_001_alphafold2_ptm_model_3_seed_000.pdb
core.import_pose.import_pose: File 'runs/colabfold_predictions_gpu/candidate_25_unrelaxed_rank_001_alphafold2_ptm_model_3_seed_000.pdb' automatically determined to be of type PDB from contents.
core.conformation.Conformation: [ WARNING ] missing heavyatom:  OXT on residue ASN:CtermProteinFull 263
core.energy_methods.CartesianBondedEnergy: Creating new peptide-bonded energy container (263)
basic.io.database: Database file opened: scoring/score_functions/elec_cp_reps.dat
core.scoring.elec.util: Read 40 countpair representative atoms
core.pack.dunbrack.RotamerLibrary: shapovalov_lib_fixes_enable option is true.
core.pack.dunbrack.RotamerLibrary: shapovalov_lib::shap_dun10_smooth_level of 1( aka lowest_smooth ) got activated.
core.pack.dunbrack.RotamerLibrary: Binary rotamer library selected: /Users/oskarherlitz/Desktop/rosetta.binary.m1.release-408/main/database/rotamer/shapovalov/StpDwn_0-0-0/Dunbrack10.lib.bin
core.pack.dunbrack.RotamerLibrary: Using Dunbrack library binary file '/Users/oskarherlitz/Desktop/rosetta.binary.m1.release-408/main/database/rotamer/shapovalov/StpDwn_0-0-0/Dunbrack10.lib.bin'.
core.pack.dunbrack.RotamerLibrary: Dunbrack 2010 library took 0.10575 seconds to load from binary
protocols.relax.FastRelax: CMD: repeat  611.825  0  0  0.55
protocols.relax.FastRelax: CMD: coord_cst_weight  611.825  0  0  0.55
protocols.relax.FastRelax: CMD: scale:fa_rep  15.2054  0  0  0.022
core.pack.task: Packer task: initialize from command line() 
core.pack.pack_rotamers: built 4155 rotamers at 263 positions.
core.pack.interaction_graph.interaction_graph_factory: Instantiating DensePDInteractionGraph
protocols.relax.FastRelax: CMD: repack  -258.611  0  0  0.022
protocols.relax.FastRelax: CMD: scale:fa_rep  -250.87  0  0  0.02805
protocols.relax.FastRelax: CMD: min  -1263.44  1.44222  1.44222  0.02805
protocols.relax.FastRelax: CMD: coord_cst_weight  -1263.44  1.44222  1.44222  0.02805
protocols.relax.FastRelax: CMD: scale:fa_rep  -698.13  1.44222  1.44222  0.14575
core.pack.task: Packer task: initialize from command line() 
core.pack.pack_rotamers: built 3566 rotamers at 263 positions.
core.pack.interaction_graph.interaction_graph_factory: Instantiating DensePDInteractionGraph
protocols.relax.FastRelax: CMD: repack  -707.922  1.44222  1.44222  0.14575
protocols.relax.FastRelax: CMD: scale:fa_rep  -669.378  1.44222  1.44222  0.154
protocols.relax.FastRelax: CMD: min  -1033.78  0.996314  0.996314  0.154
protocols.relax.FastRelax: CMD: coord_cst_weight  -1033.78  0.996314  0.996314  0.154
protocols.relax.FastRelax: CMD: scale:fa_rep  -880.256  0.996314  0.996314  0.30745
core.pack.task: Packer task: initialize from command line() 
core.pack.pack_rotamers: built 3643 rotamers at 263 positions.
core.pack.interaction_graph.interaction_graph_factory: Instantiating DensePDInteractionGraph
protocols.relax.FastRelax: CMD: repack  -880.319  0.996314  0.996314  0.30745
protocols.relax.FastRelax: CMD: scale:fa_rep  -868.213  0.996314  0.996314  0.31955
protocols.relax.FastRelax: CMD: min  -919.025  0.800943  0.800943  0.31955
protocols.relax.FastRelax: CMD: coord_cst_weight  -919.025  0.800943  0.800943  0.31955
protocols.relax.FastRelax: CMD: scale:fa_rep  -798.983  0.800943  0.800943  0.55
core.pack.task: Packer task: initialize from command line() 
core.pack.pack_rotamers: built 3520 rotamers at 263 positions.
core.pack.interaction_graph.interaction_graph_factory: Instantiating DensePDInteractionGraph
protocols.relax.FastRelax: CMD: repack  -798.983  0.800943  0.800943  0.55
protocols.relax.FastRelax: CMD: min  -830.621  0.631908  0.631908  0.55
protocols.relax.FastRelax: MRP: 0  -830.621  -830.621  0.631908  0.631908  
protocols.relax.FastRelax: CMD: accept_to_best  -830.621  0.631908  0.631908  0.55
protocols.relax.FastRelax: CMD: endrepeat  -830.621  0.631908  0.631908  0.55
protocols.relax.FastRelax: CMD: coord_cst_weight  -830.621  0.631908  0.631908  0.55
protocols.relax.FastRelax: CMD: scale:fa_rep  -1000.57  0.631908  0.631908  0.022
core.pack.task: Packer task: initialize from command line() 
core.pack.pack_rotamers: built 4060 rotamers at 263 positions.
core.pack.interaction_graph.interaction_graph_factory: Instantiating DensePDInteractionGraph
protocols.relax.FastRelax: CMD: repack  -1018.63  0.631908  0.631908  0.022
protocols.relax.FastRelax: CMD: scale:fa_rep  -1014.55  0.631908  0.631908  0.02805
protocols.relax.FastRelax: CMD: min  -1277.96  1.45901  1.45901  0.02805
protocols.relax.FastRelax: CMD: coord_cst_weight  -1277.96  1.45901  1.45901  0.02805
protocols.relax.FastRelax: CMD: scale:fa_rep  -717.507  1.45901  1.45901  0.14575
core.pack.task: Packer task: initialize from command line() 
core.pack.pack_rotamers: built 3610 rotamers at 263 positions.
core.pack.interaction_graph.interaction_graph_factory: Instantiating DensePDInteractionGraph
protocols.relax.FastRelax: CMD: repack  -718.055  1.45901  1.45901  0.14575
protocols.relax.FastRelax: CMD: scale:fa_rep  -679.265  1.45901  1.45901  0.154
protocols.relax.FastRelax: CMD: min  -1035.68  0.953469  0.953469  0.154
protocols.relax.FastRelax: CMD: coord_cst_weight  -1035.68  0.953469  0.953469  0.154
protocols.relax.FastRelax: CMD: scale:fa_rep  -883.65  0.953469  0.953469  0.30745
core.pack.task: Packer task: initialize from command line() 
core.pack.pack_rotamers: built 3618 rotamers at 263 positions.
core.pack.interaction_graph.interaction_graph_factory: Instantiating DensePDInteractionGraph
protocols.relax.FastRelax: CMD: repack  -883.732  0.953469  0.953469  0.30745
protocols.relax.FastRelax: CMD: scale:fa_rep  -871.769  0.953469  0.953469  0.31955
protocols.relax.FastRelax: CMD: min  -922.309  0.753108  0.753108  0.31955
protocols.relax.FastRelax: CMD: coord_cst_weight  -922.309  0.753108  0.753108  0.31955
protocols.relax.FastRelax: CMD: scale:fa_rep  -804.312  0.753108  0.753108  0.55
core.pack.task: Packer task: initialize from command line() 
core.pack.pack_rotamers: built 3543 rotamers at 263 positions.
core.pack.interaction_graph.interaction_graph_factory: Instantiating DensePDInteractionGraph
protocols.relax.FastRelax: CMD: repack  -804.312  0.753108  0.753108  0.55
protocols.relax.FastRelax: CMD: min  -829.898  0.664144  0.664144  0.55
protocols.relax.FastRelax: MRP: 1  -829.898  -830.621  0.631908  0.631908  
protocols.relax.FastRelax: CMD: accept_to_best  -829.898  0.664144  0.664144  0.55
protocols.relax.FastRelax: CMD: endrepeat  -829.898  0.664144  0.664144  0.55
protocols.relax.FastRelax: CMD: coord_cst_weight  -829.898  0.664144  0.664144  0.55
protocols.relax.FastRelax: CMD: scale:fa_rep  -1001.22  0.664144  0.664144  0.022
core.pack.task: Packer task: initialize from command line() 
core.pack.pack_rotamers: built 4042 rotamers at 263 positions.
core.pack.interaction_graph.interaction_graph_factory: Instantiating DensePDInteractionGraph
protocols.relax.FastRelax: CMD: repack  -1018.11  0.664144  0.664144  0.022
protocols.relax.FastRelax: CMD: scale:fa_rep  -1013.72  0.664144  0.664144  0.02805
protocols.relax.FastRelax: CMD: min  -1277.65  1.47416  1.47416  0.02805
protocols.relax.FastRelax: CMD: coord_cst_weight  -1277.65  1.47416  1.47416  0.02805
protocols.relax.FastRelax: CMD: scale:fa_rep  -723.084  1.47416  1.47416  0.14575
core.pack.task: Packer task: initialize from command line() 
core.pack.pack_rotamers: built 3622 rotamers at 263 positions.
core.pack.interaction_graph.interaction_graph_factory: Instantiating DensePDInteractionGraph
protocols.relax.FastRelax: CMD: repack  -723.984  1.47416  1.47416  0.14575
protocols.relax.FastRelax: CMD: scale:fa_rep  -685.75  1.47416  1.47416  0.154
protocols.relax.FastRelax: CMD: min  -1038.53  0.993526  0.993526  0.154
protocols.relax.FastRelax: CMD: coord_cst_weight  -1038.53  0.993526  0.993526  0.154
protocols.relax.FastRelax: CMD: scale:fa_rep  -887.651  0.993526  0.993526  0.30745
core.pack.task: Packer task: initialize from command line() 
core.pack.pack_rotamers: built 3581 rotamers at 263 positions.
core.pack.interaction_graph.interaction_graph_factory: Instantiating DensePDInteractionGraph
protocols.relax.FastRelax: CMD: repack  -887.651  0.993526  0.993526  0.30745
protocols.relax.FastRelax: CMD: scale:fa_rep  -875.753  0.993526  0.993526  0.31955
protocols.relax.FastRelax: CMD: min  -925.534  0.794009  0.794009  0.31955
protocols.relax.FastRelax: CMD: coord_cst_weight  -925.534  0.794009  0.794009  0.31955
protocols.relax.FastRelax: CMD: scale:fa_rep  -807.944  0.794009  0.794009  0.55
core.pack.task: Packer task: initialize from command line() 
core.pack.pack_rotamers: built 3538 rotamers at 263 positions.
core.pack.interaction_graph.interaction_graph_factory: Instantiating DensePDInteractionGraph
protocols.relax.FastRelax: CMD: repack  -807.944  0.794009  0.794009  0.55
protocols.relax.FastRelax: CMD: min  -833.353  0.689783  0.689783  0.55
protocols.relax.FastRelax: MRP: 2  -833.353  -833.353  0.689783  0.689783  
protocols.relax.FastRelax: CMD: accept_to_best  -833.353  0.689783  0.689783  0.55
protocols.relax.FastRelax: CMD: endrepeat  -833.353  0.689783  0.689783  0.55
protocols.relax.FastRelax: CMD: coord_cst_weight  -833.353  0.689783  0.689783  0.55
protocols.relax.FastRelax: CMD: scale:fa_rep  -1004.15  0.689783  0.689783  0.022
core.pack.task: Packer task: initialize from command line() 
core.pack.pack_rotamers: built 4083 rotamers at 263 positions.
core.pack.interaction_graph.interaction_graph_factory: Instantiating DensePDInteractionGraph
protocols.relax.FastRelax: CMD: repack  -1022.42  0.689783  0.689783  0.022
protocols.relax.FastRelax: CMD: scale:fa_rep  -1018.24  0.689783  0.689783  0.02805
protocols.relax.FastRelax: CMD: min  -1278.32  1.48093  1.48093  0.02805
protocols.relax.FastRelax: CMD: coord_cst_weight  -1278.32  1.48093  1.48093  0.02805
protocols.relax.FastRelax: CMD: scale:fa_rep  -721.593  1.48093  1.48093  0.14575
core.pack.task: Packer task: initialize from command line() 
core.pack.pack_rotamers: built 3607 rotamers at 263 positions.
core.pack.interaction_graph.interaction_graph_factory: Instantiating DensePDInteractionGraph
protocols.relax.FastRelax: CMD: repack  -722.158  1.48093  1.48093  0.14575
protocols.relax.FastRelax: CMD: scale:fa_rep  -683.44  1.48093  1.48093  0.154
protocols.relax.FastRelax: CMD: min  -1041.51  0.980641  0.980641  0.154
protocols.relax.FastRelax: CMD: coord_cst_weight  -1041.51  0.980641  0.980641  0.154
protocols.relax.FastRelax: CMD: scale:fa_rep  -891.055  0.980641  0.980641  0.30745
core.pack.task: Packer task: initialize from command line() 
core.pack.pack_rotamers: built 3598 rotamers at 263 positions.
core.pack.interaction_graph.interaction_graph_factory: Instantiating DensePDInteractionGraph
protocols.relax.FastRelax: CMD: repack  -891.055  0.980641  0.980641  0.30745
protocols.relax.FastRelax: CMD: scale:fa_rep  -879.191  0.980641  0.980641  0.31955
protocols.relax.FastRelax: CMD: min  -928.309  0.791665  0.791665  0.31955
protocols.relax.FastRelax: CMD: coord_cst_weight  -928.309  0.791665  0.791665  0.31955
protocols.relax.FastRelax: CMD: scale:fa_rep  -810.804  0.791665  0.791665  0.55
core.pack.task: Packer task: initialize from command line() 
core.pack.pack_rotamers: built 3543 rotamers at 263 positions.
core.pack.interaction_graph.interaction_graph_factory: Instantiating DensePDInteractionGraph
protocols.relax.FastRelax: CMD: repack  -810.804  0.791665  0.791665  0.55
protocols.relax.FastRelax: CMD: min  -836.096  0.693723  0.693723  0.55
protocols.relax.FastRelax: MRP: 3  -836.096  -836.096  0.693723  0.693723  
protocols.relax.FastRelax: CMD: accept_to_best  -836.096  0.693723  0.693723  0.55
protocols.relax.FastRelax: CMD: endrepeat  -836.096  0.693723  0.693723  0.55
protocols.relax.FastRelax: CMD: coord_cst_weight  -836.096  0.693723  0.693723  0.55
protocols.relax.FastRelax: CMD: scale:fa_rep  -1006.94  0.693723  0.693723  0.022
core.pack.task: Packer task: initialize from command line() 
core.pack.pack_rotamers: built 4091 rotamers at 263 positions.
core.pack.interaction_graph.interaction_graph_factory: Instantiating DensePDInteractionGraph
protocols.relax.FastRelax: CMD: repack  -1022.12  0.693723  0.693723  0.022
protocols.relax.FastRelax: CMD: scale:fa_rep  -1017.94  0.693723  0.693723  0.02805
protocols.relax.FastRelax: CMD: min  -1279.23  1.4782  1.4782  0.02805
protocols.relax.FastRelax: CMD: coord_cst_weight  -1279.23  1.4782  1.4782  0.02805
protocols.relax.FastRelax: CMD: scale:fa_rep  -724.364  1.4782  1.4782  0.14575
core.pack.task: Packer task: initialize from command line() 
core.pack.pack_rotamers: built 3608 rotamers at 263 positions.
core.pack.interaction_graph.interaction_graph_factory: Instantiating DensePDInteractionGraph
protocols.relax.FastRelax: CMD: repack  -725.083  1.4782  1.4782  0.14575
protocols.relax.FastRelax: CMD: scale:fa_rep  -686.827  1.4782  1.4782  0.154
protocols.relax.FastRelax: CMD: min  -1040.28  0.990622  0.990622  0.154
protocols.relax.FastRelax: CMD: coord_cst_weight  -1040.28  0.990622  0.990622  0.154
protocols.relax.FastRelax: CMD: scale:fa_rep  -890.118  0.990622  0.990622  0.30745
core.pack.task: Packer task: initialize from command line() 
core.pack.pack_rotamers: built 3578 rotamers at 263 positions.
core.pack.interaction_graph.interaction_graph_factory: Instantiating DensePDInteractionGraph
protocols.relax.FastRelax: CMD: repack  -890.118  0.990622  0.990622  0.30745
protocols.relax.FastRelax: CMD: scale:fa_rep  -878.278  0.990622  0.990622  0.31955
protocols.relax.FastRelax: CMD: min  -927.16  0.789915  0.789915  0.31955
protocols.relax.FastRelax: CMD: coord_cst_weight  -927.16  0.789915  0.789915  0.31955
protocols.relax.FastRelax: CMD: scale:fa_rep  -809.49  0.789915  0.789915  0.55
core.pack.task: Packer task: initialize from command line() 
core.pack.pack_rotamers: built 3540 rotamers at 263 positions.
core.pack.interaction_graph.interaction_graph_factory: Instantiating DensePDInteractionGraph
protocols.relax.FastRelax: CMD: repack  -805.172  0.789915  0.789915  0.55
protocols.relax.FastRelax: CMD: min  -839.488  0.697616  0.697616  0.55
protocols.relax.FastRelax: MRP: 4  -839.488  -839.488  0.697616  0.697616  
protocols.relax.FastRelax: CMD: accept_to_best  -839.488  0.697616  0.697616  0.55
protocols.relax.FastRelax: CMD: endrepeat  -839.488  0.697616  0.697616  0.55
protocols::checkpoint: Deleting checkpoints of FastRelax
protocols.jd2.JobDistributor: candidate_25_unrelaxed_rank_001_alphafold2_ptm_model_3_seed_000_0001 reported success in 458 seconds
protocols.jd2.JobDistributor: no more batches to process... 
protocols.jd2.JobDistributor: 1 jobs considered, 1 jobs attempted in 458 seconds
basic.citation_manager.CitationManager: 
The following Rosetta modules were used during this run of Rosetta, and should be cited:

FastRelax Mover's citation(s):
*Tyka MD, *Keedy DA, André I, Dimaio F, Song Y, Richardson DC, Richardson JS, and Baker D.  (2011).  Alternate states of proteins revealed by detailed energy landscape mapping.  J Mol Biol 405(2):607-18.  doi: 10.1016/j.jmb.2010.11.008.  (*Co-primary authors.)

Khatib F, Cooper S, Tyka MD, Xu K, Makedon I, Popovic Z, Baker D, and Players F.  (2011).  Algorithm discovery by protein folding game players.  Proc Natl Acad Sci USA 108(47):18949-53.  doi: 10.1073/pnas.1115898108.

Maguire JB, Haddox HK, Strickland D, Halabiya SF, Coventry B, Griffin JR, Pulavarti SVSRK, Cummins M, Thieker DF, Klavins E, Szyperski T, DiMaio F, Baker D, and Kuhlman B.  (2021).  Perturbing the energy landscape for improved packing during computational protein design.  Proteins 89(4):436-449.  doi: 10.1002/prot.26030.


