********  (C) Copyright Rosetta Commons Member Institutions.  ***************
* Use of Rosetta for commercial purposes may require purchase of a license. *
********  See LICENSE.md or email license@uw.edu for more details. **********
core.init: Checking for fconfig files in pwd and ./rosetta/flags 
core.init: Rosetta version: rosetta.binary.m1.release-408 r408 2025.37+release.df75a9c48e df75a9c48e763e52a7aa3f5dfba077f4da88dbf5 https://www.rosettacommons.org 2025-09-10T18:19:45.484568
core.init: Rosetta extras: []
core.init: command: /Users/oskarherlitz/Desktop/rosetta.binary.m1.release-408/main/source/bin/relax.static.macosclangrelease -s runs/colabfold_relaxed_top10/candidate_9/candidate_9_relaxed_rank_001_alphafold2_ptm_model_3_seed_000_0001.pdb -use_input_sc -nstruct 1 -relax:cartesian -score:weights ref2015_cart -relax:min_type lbfgs_armijo_nonmonotone -out:path:all runs/20260102_overnight_fastdesign/designs/candidate_9/design_94 -out:file:scorefile runs/20260102_overnight_fastdesign/designs/candidate_9/design_94/score.sc -jran 1769644522
basic.random.init_random_generator: 'RNG device' seed mode, using '/dev/urandom', seed=325274805 seed_offset=0 real_seed=325274805
basic.random.init_random_generator: RandomGenerator:init: Normal mode, seed=325274805 RG_type=mt19937
core.init: Resolved executable path: /Users/oskarherlitz/Desktop/rosetta.binary.m1.release-408/main/source/bin/relax.static.macosclangrelease
core.init: Looking for database based on location of executable: /Users/oskarherlitz/Desktop/rosetta.binary.m1.release-408/main/database/
core.scoring.ScoreFunctionFactory: SCOREFUNCTION: ref2015_cart
core.scoring.etable: Starting energy table calculation
core.scoring.etable: smooth_etable: changing atr/rep split to bottom of energy well
core.scoring.etable: smooth_etable: spline smoothing lj etables (maxdis = 6)
core.scoring.etable: smooth_etable: spline smoothing solvation etables (max_dis = 6)
core.scoring.etable: Finished calculating energy tables.
basic.io.database: Database file opened: scoring/score_functions/hbonds/ref2015_params/HBPoly1D.csv
basic.io.database: Database file opened: scoring/score_functions/hbonds/ref2015_params/HBFadeIntervals.csv
basic.io.database: Database file opened: scoring/score_functions/hbonds/ref2015_params/HBEval.csv
basic.io.database: Database file opened: scoring/score_functions/hbonds/ref2015_params/DonStrength.csv
basic.io.database: Database file opened: scoring/score_functions/hbonds/ref2015_params/AccStrength.csv
core.chemical.GlobalResidueTypeSet: Finished initializing fa_standard residue type set.  Created 985 residue types
core.chemical.GlobalResidueTypeSet: Total time to initialize 0.444012 seconds.
basic.io.database: Database file opened: scoring/score_functions/rama/fd/all.ramaProb
basic.io.database: Database file opened: scoring/score_functions/rama/fd/prepro.ramaProb
basic.io.database: Database file opened: scoring/score_functions/omega/omega_ppdep.all.txt
basic.io.database: Database file opened: scoring/score_functions/omega/omega_ppdep.gly.txt
basic.io.database: Database file opened: scoring/score_functions/omega/omega_ppdep.pro.txt
basic.io.database: Database file opened: scoring/score_functions/omega/omega_ppdep.valile.txt
basic.io.database: Database file opened: scoring/score_functions/P_AA_pp/P_AA
basic.io.database: Database file opened: scoring/score_functions/P_AA_pp/P_AA_n
core.scoring.P_AA: shapovalov_lib::shap_p_aa_pp_smooth_level of 1( aka low_smooth ) got activated.
basic.io.database: Database file opened: scoring/score_functions/P_AA_pp/shapovalov/10deg/kappa131/a20.prop
core.energy_methods.CartesianBondedEnergy: Initializing IdealParametersDatabase with default Ks=300 , 80 , 80 , 10 , 80
basic.io.database: Database file opened: scoring/score_functions/bondlength_bondangle/default-lengths.txt
core.energy_methods.CartesianBondedEnergy: Read 759 bb-independent lengths.
basic.io.database: Database file opened: scoring/score_functions/bondlength_bondangle/default-angles.txt
core.energy_methods.CartesianBondedEnergy: Read 1434 bb-independent angles.
basic.io.database: Database file opened: scoring/score_functions/bondlength_bondangle/default-torsions.txt
core.energy_methods.CartesianBondedEnergy: Read 1 bb-independent torsions.
basic.io.database: Database file opened: scoring/score_functions/bondlength_bondangle/default-improper.txt
core.energy_methods.CartesianBondedEnergy: Read 529 bb-independent improper tors.
protocols.relax.RelaxScriptManager: Reading relax scripts list from database.
protocols.relax.RelaxScriptManager: Looking for MonomerRelax2019.txt
protocols.relax.RelaxScriptManager: ================== Reading script file: /Users/oskarherlitz/Desktop/rosetta.binary.m1.release-408/main/database/sampling/relax_scripts/MonomerRelax2019.txt ==================
protocols.relax.RelaxScriptManager: repeat %%nrepeats%%
protocols.relax.RelaxScriptManager: coord_cst_weight 1.0
protocols.relax.RelaxScriptManager: scale:fa_rep 0.040
protocols.relax.RelaxScriptManager: repack
protocols.relax.RelaxScriptManager: scale:fa_rep 0.051
protocols.relax.RelaxScriptManager: min 0.01
protocols.relax.RelaxScriptManager: coord_cst_weight 0.5
protocols.relax.RelaxScriptManager: scale:fa_rep 0.265
protocols.relax.RelaxScriptManager: repack
protocols.relax.RelaxScriptManager: scale:fa_rep 0.280
protocols.relax.RelaxScriptManager: min 0.01
protocols.relax.RelaxScriptManager: coord_cst_weight 0.0
protocols.relax.RelaxScriptManager: scale:fa_rep 0.559
protocols.relax.RelaxScriptManager: repack
protocols.relax.RelaxScriptManager: scale:fa_rep 0.581
protocols.relax.RelaxScriptManager: min 0.01
protocols.relax.RelaxScriptManager: coord_cst_weight 0.0
protocols.relax.RelaxScriptManager: scale:fa_rep 1
protocols.relax.RelaxScriptManager: repack
protocols.relax.RelaxScriptManager: min 0.00001
protocols.relax.RelaxScriptManager: accept_to_best
protocols.relax.RelaxScriptManager: endrepeat
protocols.jd2.PDBJobInputter: Instantiate PDBJobInputter
protocols.jd2.PDBJobInputter: PDBJobInputter::fill_jobs
protocols.jd2.PDBJobInputter: pushed runs/colabfold_relaxed_top10/candidate_9/candidate_9_relaxed_rank_001_alphafold2_ptm_model_3_seed_000_0001.pdb nstruct index 1
protocols.evaluation.ChiWellRmsdEvaluatorCreator: Evaluation Creator active ... 
protocols.jd2.PDBJobInputter: PDBJobInputter::pose_from_job
protocols.jd2.PDBJobInputter: filling pose from PDB runs/colabfold_relaxed_top10/candidate_9/candidate_9_relaxed_rank_001_alphafold2_ptm_model_3_seed_000_0001.pdb
core.import_pose.import_pose: File 'runs/colabfold_relaxed_top10/candidate_9/candidate_9_relaxed_rank_001_alphafold2_ptm_model_3_seed_000_0001.pdb' automatically determined to be of type PDB from contents.
core.energy_methods.CartesianBondedEnergy: Creating new peptide-bonded energy container (263)
basic.io.database: Database file opened: scoring/score_functions/elec_cp_reps.dat
core.scoring.elec.util: Read 40 countpair representative atoms
core.pack.dunbrack.RotamerLibrary: shapovalov_lib_fixes_enable option is true.
core.pack.dunbrack.RotamerLibrary: shapovalov_lib::shap_dun10_smooth_level of 1( aka lowest_smooth ) got activated.
core.pack.dunbrack.RotamerLibrary: Binary rotamer library selected: /Users/oskarherlitz/Desktop/rosetta.binary.m1.release-408/main/database/rotamer/shapovalov/StpDwn_0-0-0/Dunbrack10.lib.bin
core.pack.dunbrack.RotamerLibrary: Using Dunbrack library binary file '/Users/oskarherlitz/Desktop/rosetta.binary.m1.release-408/main/database/rotamer/shapovalov/StpDwn_0-0-0/Dunbrack10.lib.bin'.
core.pack.dunbrack.RotamerLibrary: Dunbrack 2010 library took 0.089566 seconds to load from binary
protocols.relax.FastRelax: CMD: repeat  -867.984  0  0  0.55
protocols.relax.FastRelax: CMD: coord_cst_weight  -867.984  0  0  0.55
protocols.relax.FastRelax: CMD: scale:fa_rep  -1052.23  0  0  0.022
core.pack.task: Packer task: initialize from command line() 
core.pack.pack_rotamers: built 4287 rotamers at 263 positions.
core.pack.interaction_graph.interaction_graph_factory: Instantiating DensePDInteractionGraph
protocols.relax.FastRelax: CMD: repack  -1071.73  0  0  0.022
protocols.relax.FastRelax: CMD: scale:fa_rep  -1067.54  0  0  0.02805
protocols.relax.FastRelax: CMD: min  -1346.54  1.11527  1.11527  0.02805
protocols.relax.FastRelax: CMD: coord_cst_weight  -1346.54  1.11527  1.11527  0.02805
protocols.relax.FastRelax: CMD: scale:fa_rep  -745.606  1.11527  1.11527  0.14575
core.pack.task: Packer task: initialize from command line() 
core.pack.pack_rotamers: built 3828 rotamers at 263 positions.
core.pack.interaction_graph.interaction_graph_factory: Instantiating DensePDInteractionGraph
protocols.relax.FastRelax: CMD: repack  -747.031  1.11527  1.11527  0.14575
protocols.relax.FastRelax: CMD: scale:fa_rep  -705.181  1.11527  1.11527  0.154
protocols.relax.FastRelax: CMD: min  -1090.57  0.490965  0.490965  0.154
protocols.relax.FastRelax: CMD: coord_cst_weight  -1090.57  0.490965  0.490965  0.154
protocols.relax.FastRelax: CMD: scale:fa_rep  -928.956  0.490965  0.490965  0.30745
core.pack.task: Packer task: initialize from command line() 
core.pack.pack_rotamers: built 3795 rotamers at 263 positions.
core.pack.interaction_graph.interaction_graph_factory: Instantiating DensePDInteractionGraph
protocols.relax.FastRelax: CMD: repack  -929.289  0.490965  0.490965  0.30745
protocols.relax.FastRelax: CMD: scale:fa_rep  -916.591  0.490965  0.490965  0.31955
protocols.relax.FastRelax: CMD: min  -968.969  0.207243  0.207243  0.31955
protocols.relax.FastRelax: CMD: coord_cst_weight  -968.969  0.207243  0.207243  0.31955
protocols.relax.FastRelax: CMD: scale:fa_rep  -841.081  0.207243  0.207243  0.55
core.pack.task: Packer task: initialize from command line() 
core.pack.pack_rotamers: built 3723 rotamers at 263 positions.
core.pack.interaction_graph.interaction_graph_factory: Instantiating DensePDInteractionGraph
protocols.relax.FastRelax: CMD: repack  -841.117  0.207243  0.207243  0.55
protocols.relax.FastRelax: CMD: min  -869.579  0.0487126  0.0487126  0.55
protocols.relax.FastRelax: MRP: 0  -869.579  -869.579  0.0487126  0.0487126  
protocols.relax.FastRelax: CMD: accept_to_best  -869.579  0.0487126  0.0487126  0.55
protocols.relax.FastRelax: CMD: endrepeat  -869.579  0.0487126  0.0487126  0.55
protocols.relax.FastRelax: CMD: coord_cst_weight  -869.579  0.0487126  0.0487126  0.55
protocols.relax.FastRelax: CMD: scale:fa_rep  -1054.34  0.0487126  0.0487126  0.022
core.pack.task: Packer task: initialize from command line() 
core.pack.pack_rotamers: built 4300 rotamers at 263 positions.
core.pack.interaction_graph.interaction_graph_factory: Instantiating DensePDInteractionGraph
protocols.relax.FastRelax: CMD: repack  -1073.07  0.0487126  0.0487126  0.022
protocols.relax.FastRelax: CMD: scale:fa_rep  -1069.16  0.0487126  0.0487126  0.02805
protocols.relax.FastRelax: CMD: min  -1346.53  1.12345  1.12345  0.02805
protocols.relax.FastRelax: CMD: coord_cst_weight  -1346.53  1.12345  1.12345  0.02805
protocols.relax.FastRelax: CMD: scale:fa_rep  -744.726  1.12345  1.12345  0.14575
core.pack.task: Packer task: initialize from command line() 
core.pack.pack_rotamers: built 3832 rotamers at 263 positions.
core.pack.interaction_graph.interaction_graph_factory: Instantiating DensePDInteractionGraph
protocols.relax.FastRelax: CMD: repack  -746.077  1.12345  1.12345  0.14575
protocols.relax.FastRelax: CMD: scale:fa_rep  -704.157  1.12345  1.12345  0.154
protocols.relax.FastRelax: CMD: min  -1090.51  0.492169  0.492169  0.154
protocols.relax.FastRelax: CMD: coord_cst_weight  -1090.51  0.492169  0.492169  0.154
protocols.relax.FastRelax: CMD: scale:fa_rep  -928.749  0.492169  0.492169  0.30745
core.pack.task: Packer task: initialize from command line() 
core.pack.pack_rotamers: built 3796 rotamers at 263 positions.
core.pack.interaction_graph.interaction_graph_factory: Instantiating DensePDInteractionGraph
protocols.relax.FastRelax: CMD: repack  -928.471  0.492169  0.492169  0.30745
protocols.relax.FastRelax: CMD: scale:fa_rep  -915.772  0.492169  0.492169  0.31955
protocols.relax.FastRelax: CMD: min  -968.555  0.210515  0.210515  0.31955
protocols.relax.FastRelax: CMD: coord_cst_weight  -968.555  0.210515  0.210515  0.31955
protocols.relax.FastRelax: CMD: scale:fa_rep  -840.953  0.210515  0.210515  0.55
core.pack.task: Packer task: initialize from command line() 
core.pack.pack_rotamers: built 3729 rotamers at 263 positions.
core.pack.interaction_graph.interaction_graph_factory: Instantiating DensePDInteractionGraph
protocols.relax.FastRelax: CMD: repack  -840.953  0.210515  0.210515  0.55
protocols.relax.FastRelax: CMD: min  -869.717  0.0515948  0.0515948  0.55
protocols.relax.FastRelax: MRP: 1  -869.717  -869.717  0.0515948  0.0515948  
protocols.relax.FastRelax: CMD: accept_to_best  -869.717  0.0515948  0.0515948  0.55
protocols.relax.FastRelax: CMD: endrepeat  -869.717  0.0515948  0.0515948  0.55
protocols.relax.FastRelax: CMD: coord_cst_weight  -869.717  0.0515948  0.0515948  0.55
protocols.relax.FastRelax: CMD: scale:fa_rep  -1053.92  0.0515948  0.0515948  0.022
core.pack.task: Packer task: initialize from command line() 
core.pack.pack_rotamers: built 4300 rotamers at 263 positions.
core.pack.interaction_graph.interaction_graph_factory: Instantiating DensePDInteractionGraph
protocols.relax.FastRelax: CMD: repack  -1073.01  0.0515948  0.0515948  0.022
protocols.relax.FastRelax: CMD: scale:fa_rep  -1069.13  0.0515948  0.0515948  0.02805
protocols.relax.FastRelax: CMD: min  -1346.53  1.12322  1.12322  0.02805
protocols.relax.FastRelax: CMD: coord_cst_weight  -1346.53  1.12322  1.12322  0.02805
protocols.relax.FastRelax: CMD: scale:fa_rep  -744.502  1.12322  1.12322  0.14575
core.pack.task: Packer task: initialize from command line() 
core.pack.pack_rotamers: built 3833 rotamers at 263 positions.
core.pack.interaction_graph.interaction_graph_factory: Instantiating DensePDInteractionGraph
protocols.relax.FastRelax: CMD: repack  -745.965  1.12322  1.12322  0.14575
protocols.relax.FastRelax: CMD: scale:fa_rep  -704.026  1.12322  1.12322  0.154
protocols.relax.FastRelax: CMD: min  -1090.23  0.497217  0.497217  0.154
protocols.relax.FastRelax: CMD: coord_cst_weight  -1090.23  0.497217  0.497217  0.154
protocols.relax.FastRelax: CMD: scale:fa_rep  -928.453  0.497217  0.497217  0.30745
core.pack.task: Packer task: initialize from command line() 
core.pack.pack_rotamers: built 3790 rotamers at 263 positions.
core.pack.interaction_graph.interaction_graph_factory: Instantiating DensePDInteractionGraph
protocols.relax.FastRelax: CMD: repack  -928.784  0.497217  0.497217  0.30745
protocols.relax.FastRelax: CMD: scale:fa_rep  -916.072  0.497217  0.497217  0.31955
protocols.relax.FastRelax: CMD: min  -969.02  0.202071  0.202071  0.31955
protocols.relax.FastRelax: CMD: coord_cst_weight  -969.02  0.202071  0.202071  0.31955
protocols.relax.FastRelax: CMD: scale:fa_rep  -841.29  0.202071  0.202071  0.55
core.pack.task: Packer task: initialize from command line() 
core.pack.pack_rotamers: built 3714 rotamers at 263 positions.
core.pack.interaction_graph.interaction_graph_factory: Instantiating DensePDInteractionGraph
protocols.relax.FastRelax: CMD: repack  -841.323  0.202071  0.202071  0.55
protocols.relax.FastRelax: CMD: min  -869.583  0.0447142  0.0447142  0.55
protocols.relax.FastRelax: MRP: 2  -869.583  -869.717  0.0515948  0.0515948  
protocols.relax.FastRelax: CMD: accept_to_best  -869.583  0.0447142  0.0447142  0.55
protocols.relax.FastRelax: CMD: endrepeat  -869.583  0.0447142  0.0447142  0.55
protocols.relax.FastRelax: CMD: coord_cst_weight  -869.583  0.0447142  0.0447142  0.55
protocols.relax.FastRelax: CMD: scale:fa_rep  -1054.21  0.0447142  0.0447142  0.022
core.pack.task: Packer task: initialize from command line() 
core.pack.pack_rotamers: built 4282 rotamers at 263 positions.
core.pack.interaction_graph.interaction_graph_factory: Instantiating DensePDInteractionGraph
protocols.relax.FastRelax: CMD: repack  -1072.79  0.0447142  0.0447142  0.022
protocols.relax.FastRelax: CMD: scale:fa_rep  -1068.71  0.0447142  0.0447142  0.02805
protocols.relax.FastRelax: CMD: min  -1346.48  1.12445  1.12445  0.02805
protocols.relax.FastRelax: CMD: coord_cst_weight  -1346.48  1.12445  1.12445  0.02805
protocols.relax.FastRelax: CMD: scale:fa_rep  -744.896  1.12445  1.12445  0.14575
core.pack.task: Packer task: initialize from command line() 
core.pack.pack_rotamers: built 3846 rotamers at 263 positions.
core.pack.interaction_graph.interaction_graph_factory: Instantiating DensePDInteractionGraph
protocols.relax.FastRelax: CMD: repack  -746.407  1.12445  1.12445  0.14575
protocols.relax.FastRelax: CMD: scale:fa_rep  -704.513  1.12445  1.12445  0.154
protocols.relax.FastRelax: CMD: min  -1090.47  0.494076  0.494076  0.154
protocols.relax.FastRelax: CMD: coord_cst_weight  -1090.47  0.494076  0.494076  0.154
protocols.relax.FastRelax: CMD: scale:fa_rep  -928.556  0.494076  0.494076  0.30745
core.pack.task: Packer task: initialize from command line() 
core.pack.pack_rotamers: built 3790 rotamers at 263 positions.
core.pack.interaction_graph.interaction_graph_factory: Instantiating DensePDInteractionGraph
protocols.relax.FastRelax: CMD: repack  -928.894  0.494076  0.494076  0.30745
protocols.relax.FastRelax: CMD: scale:fa_rep  -916.173  0.494076  0.494076  0.31955
protocols.relax.FastRelax: CMD: min  -969.008  0.204881  0.204881  0.31955
protocols.relax.FastRelax: CMD: coord_cst_weight  -969.008  0.204881  0.204881  0.31955
protocols.relax.FastRelax: CMD: scale:fa_rep  -841.147  0.204881  0.204881  0.55
core.pack.task: Packer task: initialize from command line() 
core.pack.pack_rotamers: built 3724 rotamers at 263 positions.
core.pack.interaction_graph.interaction_graph_factory: Instantiating DensePDInteractionGraph
protocols.relax.FastRelax: CMD: repack  -841.183  0.204881  0.204881  0.55
protocols.relax.FastRelax: CMD: min  -868.257  0.0473498  0.0473498  0.55
protocols.relax.FastRelax: MRP: 3  -868.257  -869.717  0.0515948  0.0515948  
protocols.relax.FastRelax: CMD: accept_to_best  -868.257  0.0473498  0.0473498  0.55
protocols.relax.FastRelax: CMD: endrepeat  -868.257  0.0473498  0.0473498  0.55
protocols.relax.FastRelax: CMD: coord_cst_weight  -868.257  0.0473498  0.0473498  0.55
protocols.relax.FastRelax: CMD: scale:fa_rep  -1053.15  0.0473498  0.0473498  0.022
core.pack.task: Packer task: initialize from command line() 
core.pack.pack_rotamers: built 4280 rotamers at 263 positions.
core.pack.interaction_graph.interaction_graph_factory: Instantiating DensePDInteractionGraph
protocols.relax.FastRelax: CMD: repack  -1071.85  0.0473498  0.0473498  0.022
protocols.relax.FastRelax: CMD: scale:fa_rep  -1067.97  0.0473498  0.0473498  0.02805
protocols.relax.FastRelax: CMD: min  -1345.54  1.11843  1.11843  0.02805
protocols.relax.FastRelax: CMD: coord_cst_weight  -1345.54  1.11843  1.11843  0.02805
protocols.relax.FastRelax: CMD: scale:fa_rep  -747.393  1.11843  1.11843  0.14575
core.pack.task: Packer task: initialize from command line() 
core.pack.pack_rotamers: built 3859 rotamers at 263 positions.
core.pack.interaction_graph.interaction_graph_factory: Instantiating DensePDInteractionGraph
protocols.relax.FastRelax: CMD: repack  -749.49  1.11843  1.11843  0.14575
protocols.relax.FastRelax: CMD: scale:fa_rep  -708.19  1.11843  1.11843  0.154
protocols.relax.FastRelax: CMD: min  -1088.12  0.503323  0.503323  0.154
protocols.relax.FastRelax: CMD: coord_cst_weight  -1088.12  0.503323  0.503323  0.154
protocols.relax.FastRelax: CMD: scale:fa_rep  -926.961  0.503323  0.503323  0.30745
core.pack.task: Packer task: initialize from command line() 
core.pack.pack_rotamers: built 3801 rotamers at 263 positions.
core.pack.interaction_graph.interaction_graph_factory: Instantiating DensePDInteractionGraph
protocols.relax.FastRelax: CMD: repack  -926.631  0.503323  0.503323  0.30745
protocols.relax.FastRelax: CMD: scale:fa_rep  -913.976  0.503323  0.503323  0.31955
protocols.relax.FastRelax: CMD: min  -967.16  0.217075  0.217075  0.31955
protocols.relax.FastRelax: CMD: coord_cst_weight  -967.16  0.217075  0.217075  0.31955
protocols.relax.FastRelax: CMD: scale:fa_rep  -840.263  0.217075  0.217075  0.55
core.pack.task: Packer task: initialize from command line() 
core.pack.pack_rotamers: built 3721 rotamers at 263 positions.
core.pack.interaction_graph.interaction_graph_factory: Instantiating DensePDInteractionGraph
protocols.relax.FastRelax: CMD: repack  -840.263  0.217075  0.217075  0.55
protocols.relax.FastRelax: CMD: min  -868.448  0.0781146  0.0781146  0.55
protocols.relax.FastRelax: MRP: 4  -868.448  -869.717  0.0515948  0.0515948  
protocols.relax.FastRelax: CMD: accept_to_best  -868.448  0.0781146  0.0781146  0.55
protocols.relax.FastRelax: CMD: endrepeat  -868.448  0.0781146  0.0781146  0.55
protocols::checkpoint: Deleting checkpoints of FastRelax
protocols.jd2.JobDistributor: candidate_9_relaxed_rank_001_alphafold2_ptm_model_3_seed_000_0001_0001 reported success in 489 seconds
protocols.jd2.JobDistributor: no more batches to process... 
protocols.jd2.JobDistributor: 1 jobs considered, 1 jobs attempted in 489 seconds
basic.citation_manager.CitationManager: 
The following Rosetta modules were used during this run of Rosetta, and should be cited:

FastRelax Mover's citation(s):
*Tyka MD, *Keedy DA, André I, Dimaio F, Song Y, Richardson DC, Richardson JS, and Baker D.  (2011).  Alternate states of proteins revealed by detailed energy landscape mapping.  J Mol Biol 405(2):607-18.  doi: 10.1016/j.jmb.2010.11.008.  (*Co-primary authors.)

Khatib F, Cooper S, Tyka MD, Xu K, Makedon I, Popovic Z, Baker D, and Players F.  (2011).  Algorithm discovery by protein folding game players.  Proc Natl Acad Sci USA 108(47):18949-53.  doi: 10.1073/pnas.1115898108.

Maguire JB, Haddox HK, Strickland D, Halabiya SF, Coventry B, Griffin JR, Pulavarti SVSRK, Cummins M, Thieker DF, Klavins E, Szyperski T, DiMaio F, Baker D, and Kuhlman B.  (2021).  Perturbing the energy landscape for improved packing during computational protein design.  Proteins 89(4):436-449.  doi: 10.1002/prot.26030.


