********  (C) Copyright Rosetta Commons Member Institutions.  ***************
* Use of Rosetta for commercial purposes may require purchase of a license. *
********  See LICENSE.md or email license@uw.edu for more details. **********
core.init: Checking for fconfig files in pwd and ./rosetta/flags 
core.init: Rosetta version: rosetta.binary.m1.release-408 r408 2025.37+release.df75a9c48e df75a9c48e763e52a7aa3f5dfba077f4da88dbf5 https://www.rosettacommons.org 2025-09-10T18:19:45.484568
core.init: Rosetta extras: []
core.init: command: /Users/oskarherlitz/Desktop/rosetta.binary.m1.release-408/main/source/bin/relax.static.macosclangrelease -s runs/colabfold_predictions_gpu/candidate_4_unrelaxed_rank_001_alphafold2_ptm_model_3_seed_000.pdb -use_input_sc -nstruct 1 -relax:cartesian -score:weights ref2015_cart -relax:min_type lbfgs_armijo_nonmonotone -out:path:all runs/colabfold_relaxed_top10/candidate_4 -out:file:scorefile runs/colabfold_relaxed_top10/candidate_4/score.sc
basic.random.init_random_generator: 'RNG device' seed mode, using '/dev/urandom', seed=-558287980 seed_offset=0 real_seed=-558287980
basic.random.init_random_generator: RandomGenerator:init: Normal mode, seed=-558287980 RG_type=mt19937
core.init: Resolved executable path: /Users/oskarherlitz/Desktop/rosetta.binary.m1.release-408/main/source/bin/relax.static.macosclangrelease
core.init: Looking for database based on location of executable: /Users/oskarherlitz/Desktop/rosetta.binary.m1.release-408/main/database/
core.scoring.ScoreFunctionFactory: SCOREFUNCTION: ref2015_cart
core.scoring.etable: Starting energy table calculation
core.scoring.etable: smooth_etable: changing atr/rep split to bottom of energy well
core.scoring.etable: smooth_etable: spline smoothing lj etables (maxdis = 6)
core.scoring.etable: smooth_etable: spline smoothing solvation etables (max_dis = 6)
core.scoring.etable: Finished calculating energy tables.
basic.io.database: Database file opened: scoring/score_functions/hbonds/ref2015_params/HBPoly1D.csv
basic.io.database: Database file opened: scoring/score_functions/hbonds/ref2015_params/HBFadeIntervals.csv
basic.io.database: Database file opened: scoring/score_functions/hbonds/ref2015_params/HBEval.csv
basic.io.database: Database file opened: scoring/score_functions/hbonds/ref2015_params/DonStrength.csv
basic.io.database: Database file opened: scoring/score_functions/hbonds/ref2015_params/AccStrength.csv
core.chemical.GlobalResidueTypeSet: Finished initializing fa_standard residue type set.  Created 985 residue types
core.chemical.GlobalResidueTypeSet: Total time to initialize 0.405857 seconds.
basic.io.database: Database file opened: scoring/score_functions/rama/fd/all.ramaProb
basic.io.database: Database file opened: scoring/score_functions/rama/fd/prepro.ramaProb
basic.io.database: Database file opened: scoring/score_functions/omega/omega_ppdep.all.txt
basic.io.database: Database file opened: scoring/score_functions/omega/omega_ppdep.gly.txt
basic.io.database: Database file opened: scoring/score_functions/omega/omega_ppdep.pro.txt
basic.io.database: Database file opened: scoring/score_functions/omega/omega_ppdep.valile.txt
basic.io.database: Database file opened: scoring/score_functions/P_AA_pp/P_AA
basic.io.database: Database file opened: scoring/score_functions/P_AA_pp/P_AA_n
core.scoring.P_AA: shapovalov_lib::shap_p_aa_pp_smooth_level of 1( aka low_smooth ) got activated.
basic.io.database: Database file opened: scoring/score_functions/P_AA_pp/shapovalov/10deg/kappa131/a20.prop
core.energy_methods.CartesianBondedEnergy: Initializing IdealParametersDatabase with default Ks=300 , 80 , 80 , 10 , 80
basic.io.database: Database file opened: scoring/score_functions/bondlength_bondangle/default-lengths.txt
core.energy_methods.CartesianBondedEnergy: Read 759 bb-independent lengths.
basic.io.database: Database file opened: scoring/score_functions/bondlength_bondangle/default-angles.txt
core.energy_methods.CartesianBondedEnergy: Read 1434 bb-independent angles.
basic.io.database: Database file opened: scoring/score_functions/bondlength_bondangle/default-torsions.txt
core.energy_methods.CartesianBondedEnergy: Read 1 bb-independent torsions.
basic.io.database: Database file opened: scoring/score_functions/bondlength_bondangle/default-improper.txt
core.energy_methods.CartesianBondedEnergy: Read 529 bb-independent improper tors.
protocols.relax.RelaxScriptManager: Reading relax scripts list from database.
protocols.relax.RelaxScriptManager: Looking for MonomerRelax2019.txt
protocols.relax.RelaxScriptManager: ================== Reading script file: /Users/oskarherlitz/Desktop/rosetta.binary.m1.release-408/main/database/sampling/relax_scripts/MonomerRelax2019.txt ==================
protocols.relax.RelaxScriptManager: repeat %%nrepeats%%
protocols.relax.RelaxScriptManager: coord_cst_weight 1.0
protocols.relax.RelaxScriptManager: scale:fa_rep 0.040
protocols.relax.RelaxScriptManager: repack
protocols.relax.RelaxScriptManager: scale:fa_rep 0.051
protocols.relax.RelaxScriptManager: min 0.01
protocols.relax.RelaxScriptManager: coord_cst_weight 0.5
protocols.relax.RelaxScriptManager: scale:fa_rep 0.265
protocols.relax.RelaxScriptManager: repack
protocols.relax.RelaxScriptManager: scale:fa_rep 0.280
protocols.relax.RelaxScriptManager: min 0.01
protocols.relax.RelaxScriptManager: coord_cst_weight 0.0
protocols.relax.RelaxScriptManager: scale:fa_rep 0.559
protocols.relax.RelaxScriptManager: repack
protocols.relax.RelaxScriptManager: scale:fa_rep 0.581
protocols.relax.RelaxScriptManager: min 0.01
protocols.relax.RelaxScriptManager: coord_cst_weight 0.0
protocols.relax.RelaxScriptManager: scale:fa_rep 1
protocols.relax.RelaxScriptManager: repack
protocols.relax.RelaxScriptManager: min 0.00001
protocols.relax.RelaxScriptManager: accept_to_best
protocols.relax.RelaxScriptManager: endrepeat
protocols.jd2.PDBJobInputter: Instantiate PDBJobInputter
protocols.jd2.PDBJobInputter: PDBJobInputter::fill_jobs
protocols.jd2.PDBJobInputter: pushed runs/colabfold_predictions_gpu/candidate_4_unrelaxed_rank_001_alphafold2_ptm_model_3_seed_000.pdb nstruct index 1
protocols.evaluation.ChiWellRmsdEvaluatorCreator: Evaluation Creator active ... 
protocols.jd2.PDBJobInputter: PDBJobInputter::pose_from_job
protocols.jd2.PDBJobInputter: filling pose from PDB runs/colabfold_predictions_gpu/candidate_4_unrelaxed_rank_001_alphafold2_ptm_model_3_seed_000.pdb
core.import_pose.import_pose: File 'runs/colabfold_predictions_gpu/candidate_4_unrelaxed_rank_001_alphafold2_ptm_model_3_seed_000.pdb' automatically determined to be of type PDB from contents.
core.conformation.Conformation: [ WARNING ] missing heavyatom:  OXT on residue LEU:CtermProteinFull 263
core.conformation.Conformation: Found disulfide between residues 246 261
core.energy_methods.CartesianBondedEnergy: Creating new peptide-bonded energy container (263)
basic.io.database: Database file opened: scoring/score_functions/elec_cp_reps.dat
core.scoring.elec.util: Read 40 countpair representative atoms
core.pack.dunbrack.RotamerLibrary: shapovalov_lib_fixes_enable option is true.
core.pack.dunbrack.RotamerLibrary: shapovalov_lib::shap_dun10_smooth_level of 1( aka lowest_smooth ) got activated.
core.pack.dunbrack.RotamerLibrary: Binary rotamer library selected: /Users/oskarherlitz/Desktop/rosetta.binary.m1.release-408/main/database/rotamer/shapovalov/StpDwn_0-0-0/Dunbrack10.lib.bin
core.pack.dunbrack.RotamerLibrary: Using Dunbrack library binary file '/Users/oskarherlitz/Desktop/rosetta.binary.m1.release-408/main/database/rotamer/shapovalov/StpDwn_0-0-0/Dunbrack10.lib.bin'.
core.pack.dunbrack.RotamerLibrary: Dunbrack 2010 library took 0.07597 seconds to load from binary
protocols.relax.FastRelax: CMD: repeat  930.093  0  0  0.55
protocols.relax.FastRelax: CMD: coord_cst_weight  930.093  0  0  0.55
protocols.relax.FastRelax: CMD: scale:fa_rep  -230.707  0  0  0.022
core.pack.task: Packer task: initialize from command line() 
core.pack.pack_rotamers: built 4072 rotamers at 263 positions.
core.pack.interaction_graph.interaction_graph_factory: Instantiating DensePDInteractionGraph
protocols.relax.FastRelax: CMD: repack  -492.848  0  0  0.022
protocols.relax.FastRelax: CMD: scale:fa_rep  -480.493  0  0  0.02805
core.pose.util: [ WARNING ] Unable to find atom_tree atom for this Rosetta branch connection angle: residue 246 BRANCH 1
core.pose.util: [ WARNING ] Unable to find atom_tree atom for this Rosetta branch connection angle: residue 261 BRANCH 1
protocols.relax.FastRelax: CMD: min  -1292.37  1.36617  1.36617  0.02805
protocols.relax.FastRelax: CMD: coord_cst_weight  -1292.37  1.36617  1.36617  0.02805
protocols.relax.FastRelax: CMD: scale:fa_rep  -692.492  1.36617  1.36617  0.14575
core.pack.task: Packer task: initialize from command line() 
core.pack.pack_rotamers: built 3476 rotamers at 263 positions.
core.pack.interaction_graph.interaction_graph_factory: Instantiating DensePDInteractionGraph
protocols.relax.FastRelax: CMD: repack  -708.73  1.36617  1.36617  0.14575
protocols.relax.FastRelax: CMD: scale:fa_rep  -668.55  1.36617  1.36617  0.154
core.pose.util: [ WARNING ] Unable to find atom_tree atom for this Rosetta branch connection angle: residue 246 BRANCH 1
core.pose.util: [ WARNING ] Unable to find atom_tree atom for this Rosetta branch connection angle: residue 261 BRANCH 1
protocols.relax.FastRelax: CMD: min  -1055.64  0.910361  0.910361  0.154
protocols.relax.FastRelax: CMD: coord_cst_weight  -1055.64  0.910361  0.910361  0.154
protocols.relax.FastRelax: CMD: scale:fa_rep  -894.492  0.910361  0.910361  0.30745
core.pack.task: Packer task: initialize from command line() 
core.pack.pack_rotamers: built 3463 rotamers at 263 positions.
core.pack.interaction_graph.interaction_graph_factory: Instantiating DensePDInteractionGraph
protocols.relax.FastRelax: CMD: repack  -894.492  0.910361  0.910361  0.30745
protocols.relax.FastRelax: CMD: scale:fa_rep  -881.785  0.910361  0.910361  0.31955
core.pose.util: [ WARNING ] Unable to find atom_tree atom for this Rosetta branch connection angle: residue 246 BRANCH 1
core.pose.util: [ WARNING ] Unable to find atom_tree atom for this Rosetta branch connection angle: residue 261 BRANCH 1
protocols.relax.FastRelax: CMD: min  -933.157  0.750106  0.750106  0.31955
protocols.relax.FastRelax: CMD: coord_cst_weight  -933.157  0.750106  0.750106  0.31955
protocols.relax.FastRelax: CMD: scale:fa_rep  -805.264  0.750106  0.750106  0.55
core.pack.task: Packer task: initialize from command line() 
core.pack.pack_rotamers: built 3384 rotamers at 263 positions.
core.pack.interaction_graph.interaction_graph_factory: Instantiating DensePDInteractionGraph
protocols.relax.FastRelax: CMD: repack  -805.428  0.750106  0.750106  0.55
core.pose.util: [ WARNING ] Unable to find atom_tree atom for this Rosetta branch connection angle: residue 246 BRANCH 1
core.pose.util: [ WARNING ] Unable to find atom_tree atom for this Rosetta branch connection angle: residue 261 BRANCH 1
protocols.relax.FastRelax: CMD: min  -837.65  0.659458  0.659458  0.55
protocols.relax.FastRelax: MRP: 0  -837.65  -837.65  0.659458  0.659458  
protocols.relax.FastRelax: CMD: accept_to_best  -837.65  0.659458  0.659458  0.55
protocols.relax.FastRelax: CMD: endrepeat  -837.65  0.659458  0.659458  0.55
protocols.relax.FastRelax: CMD: coord_cst_weight  -837.65  0.659458  0.659458  0.55
protocols.relax.FastRelax: CMD: scale:fa_rep  -1019.25  0.659458  0.659458  0.022
core.pack.task: Packer task: initialize from command line() 
core.pack.pack_rotamers: built 4003 rotamers at 263 positions.
core.pack.interaction_graph.interaction_graph_factory: Instantiating DensePDInteractionGraph
protocols.relax.FastRelax: CMD: repack  -1041.32  0.659458  0.659458  0.022
protocols.relax.FastRelax: CMD: scale:fa_rep  -1034.12  0.659458  0.659458  0.02805
core.pose.util: [ WARNING ] Unable to find atom_tree atom for this Rosetta branch connection angle: residue 246 BRANCH 1
core.pose.util: [ WARNING ] Unable to find atom_tree atom for this Rosetta branch connection angle: residue 261 BRANCH 1
protocols.relax.FastRelax: CMD: min  -1324.5  1.45757  1.45757  0.02805
protocols.relax.FastRelax: CMD: coord_cst_weight  -1324.5  1.45757  1.45757  0.02805
protocols.relax.FastRelax: CMD: scale:fa_rep  -712.732  1.45757  1.45757  0.14575
core.pack.task: Packer task: initialize from command line() 
core.pack.pack_rotamers: built 3439 rotamers at 263 positions.
core.pack.interaction_graph.interaction_graph_factory: Instantiating DensePDInteractionGraph
protocols.relax.FastRelax: CMD: repack  -716.348  1.45757  1.45757  0.14575
protocols.relax.FastRelax: CMD: scale:fa_rep  -674.124  1.45757  1.45757  0.154
core.pose.util: [ WARNING ] Unable to find atom_tree atom for this Rosetta branch connection angle: residue 246 BRANCH 1
core.pose.util: [ WARNING ] Unable to find atom_tree atom for this Rosetta branch connection angle: residue 261 BRANCH 1
protocols.relax.FastRelax: CMD: min  -1071.41  0.971738  0.971738  0.154
protocols.relax.FastRelax: CMD: coord_cst_weight  -1071.41  0.971738  0.971738  0.154
protocols.relax.FastRelax: CMD: scale:fa_rep  -908.787  0.971738  0.971738  0.30745
core.pack.task: Packer task: initialize from command line() 
core.pack.pack_rotamers: built 3408 rotamers at 263 positions.
core.pack.interaction_graph.interaction_graph_factory: Instantiating DensePDInteractionGraph
protocols.relax.FastRelax: CMD: repack  -908.807  0.971738  0.971738  0.30745
protocols.relax.FastRelax: CMD: scale:fa_rep  -895.983  0.971738  0.971738  0.31955
core.pose.util: [ WARNING ] Unable to find atom_tree atom for this Rosetta branch connection angle: residue 246 BRANCH 1
core.pose.util: [ WARNING ] Unable to find atom_tree atom for this Rosetta branch connection angle: residue 261 BRANCH 1
protocols.relax.FastRelax: CMD: min  -949.842  0.850539  0.850539  0.31955
protocols.relax.FastRelax: CMD: coord_cst_weight  -949.842  0.850539  0.850539  0.31955
protocols.relax.FastRelax: CMD: scale:fa_rep  -821.539  0.850539  0.850539  0.55
core.pack.task: Packer task: initialize from command line() 
core.pack.pack_rotamers: built 3387 rotamers at 263 positions.
core.pack.interaction_graph.interaction_graph_factory: Instantiating DensePDInteractionGraph
protocols.relax.FastRelax: CMD: repack  -821.539  0.850539  0.850539  0.55
core.pose.util: [ WARNING ] Unable to find atom_tree atom for this Rosetta branch connection angle: residue 246 BRANCH 1
core.pose.util: [ WARNING ] Unable to find atom_tree atom for this Rosetta branch connection angle: residue 261 BRANCH 1
protocols.relax.FastRelax: CMD: min  -849.825  0.810996  0.810996  0.55
protocols.relax.FastRelax: MRP: 1  -849.825  -849.825  0.810996  0.810996  
protocols.relax.FastRelax: CMD: accept_to_best  -849.825  0.810996  0.810996  0.55
protocols.relax.FastRelax: CMD: endrepeat  -849.825  0.810996  0.810996  0.55
protocols.relax.FastRelax: CMD: coord_cst_weight  -849.825  0.810996  0.810996  0.55
protocols.relax.FastRelax: CMD: scale:fa_rep  -1035.86  0.810996  0.810996  0.022
core.pack.task: Packer task: initialize from command line() 
core.pack.pack_rotamers: built 3999 rotamers at 263 positions.
core.pack.interaction_graph.interaction_graph_factory: Instantiating DensePDInteractionGraph
protocols.relax.FastRelax: CMD: repack  -1055.54  0.810996  0.810996  0.022
protocols.relax.FastRelax: CMD: scale:fa_rep  -1049.75  0.810996  0.810996  0.02805
core.pose.util: [ WARNING ] Unable to find atom_tree atom for this Rosetta branch connection angle: residue 246 BRANCH 1
core.pose.util: [ WARNING ] Unable to find atom_tree atom for this Rosetta branch connection angle: residue 261 BRANCH 1
protocols.relax.FastRelax: CMD: min  -1332.91  1.49804  1.49804  0.02805
protocols.relax.FastRelax: CMD: coord_cst_weight  -1332.91  1.49804  1.49804  0.02805
protocols.relax.FastRelax: CMD: scale:fa_rep  -709.392  1.49804  1.49804  0.14575
core.pack.task: Packer task: initialize from command line() 
core.pack.pack_rotamers: built 3401 rotamers at 263 positions.
core.pack.interaction_graph.interaction_graph_factory: Instantiating DensePDInteractionGraph
protocols.relax.FastRelax: CMD: repack  -713.055  1.49804  1.49804  0.14575
protocols.relax.FastRelax: CMD: scale:fa_rep  -669.867  1.49804  1.49804  0.154
core.pose.util: [ WARNING ] Unable to find atom_tree atom for this Rosetta branch connection angle: residue 246 BRANCH 1
core.pose.util: [ WARNING ] Unable to find atom_tree atom for this Rosetta branch connection angle: residue 261 BRANCH 1
protocols.relax.FastRelax: CMD: min  -1071.12  1.01276  1.01276  0.154
protocols.relax.FastRelax: CMD: coord_cst_weight  -1071.12  1.01276  1.01276  0.154
protocols.relax.FastRelax: CMD: scale:fa_rep  -906.869  1.01276  1.01276  0.30745
core.pack.task: Packer task: initialize from command line() 
core.pack.pack_rotamers: built 3416 rotamers at 263 positions.
core.pack.interaction_graph.interaction_graph_factory: Instantiating DensePDInteractionGraph
protocols.relax.FastRelax: CMD: repack  -906.885  1.01276  1.01276  0.30745
protocols.relax.FastRelax: CMD: scale:fa_rep  -893.906  1.01276  1.01276  0.31955
core.pose.util: [ WARNING ] Unable to find atom_tree atom for this Rosetta branch connection angle: residue 246 BRANCH 1
core.pose.util: [ WARNING ] Unable to find atom_tree atom for this Rosetta branch connection angle: residue 261 BRANCH 1
protocols.relax.FastRelax: CMD: min  -948.496  0.873479  0.873479  0.31955
protocols.relax.FastRelax: CMD: coord_cst_weight  -948.496  0.873479  0.873479  0.31955
protocols.relax.FastRelax: CMD: scale:fa_rep  -817.95  0.873479  0.873479  0.55
core.pack.task: Packer task: initialize from command line() 
core.pack.pack_rotamers: built 3378 rotamers at 263 positions.
core.pack.interaction_graph.interaction_graph_factory: Instantiating DensePDInteractionGraph
protocols.relax.FastRelax: CMD: repack  -817.95  0.873479  0.873479  0.55
core.pose.util: [ WARNING ] Unable to find atom_tree atom for this Rosetta branch connection angle: residue 246 BRANCH 1
core.pose.util: [ WARNING ] Unable to find atom_tree atom for this Rosetta branch connection angle: residue 261 BRANCH 1
protocols.relax.FastRelax: CMD: min  -847.812  0.809793  0.809793  0.55
protocols.relax.FastRelax: MRP: 2  -847.812  -849.825  0.810996  0.810996  
protocols.relax.FastRelax: CMD: accept_to_best  -847.812  0.809793  0.809793  0.55
protocols.relax.FastRelax: CMD: endrepeat  -847.812  0.809793  0.809793  0.55
protocols.relax.FastRelax: CMD: coord_cst_weight  -847.812  0.809793  0.809793  0.55
protocols.relax.FastRelax: CMD: scale:fa_rep  -1034.84  0.809793  0.809793  0.022
core.pack.task: Packer task: initialize from command line() 
core.pack.pack_rotamers: built 4005 rotamers at 263 positions.
core.pack.interaction_graph.interaction_graph_factory: Instantiating DensePDInteractionGraph
protocols.relax.FastRelax: CMD: repack  -1053.53  0.809793  0.809793  0.022
protocols.relax.FastRelax: CMD: scale:fa_rep  -1047.84  0.809793  0.809793  0.02805
core.pose.util: [ WARNING ] Unable to find atom_tree atom for this Rosetta branch connection angle: residue 246 BRANCH 1
core.pose.util: [ WARNING ] Unable to find atom_tree atom for this Rosetta branch connection angle: residue 261 BRANCH 1
protocols.relax.FastRelax: CMD: min  -1333.44  1.49626  1.49626  0.02805
protocols.relax.FastRelax: CMD: coord_cst_weight  -1333.44  1.49626  1.49626  0.02805
protocols.relax.FastRelax: CMD: scale:fa_rep  -717.159  1.49626  1.49626  0.14575
core.pack.task: Packer task: initialize from command line() 
core.pack.pack_rotamers: built 3367 rotamers at 263 positions.
core.pack.interaction_graph.interaction_graph_factory: Instantiating DensePDInteractionGraph
protocols.relax.FastRelax: CMD: repack  -720.483  1.49626  1.49626  0.14575
protocols.relax.FastRelax: CMD: scale:fa_rep  -677.94  1.49626  1.49626  0.154
core.pose.util: [ WARNING ] Unable to find atom_tree atom for this Rosetta branch connection angle: residue 246 BRANCH 1
core.pose.util: [ WARNING ] Unable to find atom_tree atom for this Rosetta branch connection angle: residue 261 BRANCH 1
protocols.relax.FastRelax: CMD: min  -1071.53  1.03438  1.03438  0.154
protocols.relax.FastRelax: CMD: coord_cst_weight  -1071.53  1.03438  1.03438  0.154
protocols.relax.FastRelax: CMD: scale:fa_rep  -906.895  1.03438  1.03438  0.30745
core.pack.task: Packer task: initialize from command line() 
core.pack.pack_rotamers: built 3446 rotamers at 263 positions.
core.pack.interaction_graph.interaction_graph_factory: Instantiating DensePDInteractionGraph
protocols.relax.FastRelax: CMD: repack  -907.186  1.03438  1.03438  0.30745
protocols.relax.FastRelax: CMD: scale:fa_rep  -894.205  1.03438  1.03438  0.31955
core.pose.util: [ WARNING ] Unable to find atom_tree atom for this Rosetta branch connection angle: residue 246 BRANCH 1
core.pose.util: [ WARNING ] Unable to find atom_tree atom for this Rosetta branch connection angle: residue 261 BRANCH 1
core.optimization.Minimizer: [ WARNING ] LBFGS MAX CYCLES 2000 EXCEEDED, BUT FUNC NOT CONVERGED!
protocols.relax.FastRelax: CMD: min  -950.084  0.892113  0.892113  0.31955
protocols.relax.FastRelax: CMD: coord_cst_weight  -950.084  0.892113  0.892113  0.31955
protocols.relax.FastRelax: CMD: scale:fa_rep  -820.977  0.892113  0.892113  0.55
core.pack.task: Packer task: initialize from command line() 
core.pack.pack_rotamers: built 3364 rotamers at 263 positions.
core.pack.interaction_graph.interaction_graph_factory: Instantiating DensePDInteractionGraph
protocols.relax.FastRelax: CMD: repack  -820.977  0.892113  0.892113  0.55
core.pose.util: [ WARNING ] Unable to find atom_tree atom for this Rosetta branch connection angle: residue 246 BRANCH 1
core.pose.util: [ WARNING ] Unable to find atom_tree atom for this Rosetta branch connection angle: residue 261 BRANCH 1
protocols.relax.FastRelax: CMD: min  -849.395  0.847198  0.847198  0.55
protocols.relax.FastRelax: MRP: 3  -849.395  -849.825  0.810996  0.810996  
protocols.relax.FastRelax: CMD: accept_to_best  -849.395  0.847198  0.847198  0.55
protocols.relax.FastRelax: CMD: endrepeat  -849.395  0.847198  0.847198  0.55
protocols.relax.FastRelax: CMD: coord_cst_weight  -849.395  0.847198  0.847198  0.55
protocols.relax.FastRelax: CMD: scale:fa_rep  -1036.59  0.847198  0.847198  0.022
core.pack.task: Packer task: initialize from command line() 
core.pack.pack_rotamers: built 3989 rotamers at 263 positions.
core.pack.interaction_graph.interaction_graph_factory: Instantiating DensePDInteractionGraph
protocols.relax.FastRelax: CMD: repack  -1056.73  0.847198  0.847198  0.022
protocols.relax.FastRelax: CMD: scale:fa_rep  -1051.1  0.847198  0.847198  0.02805
core.pose.util: [ WARNING ] Unable to find atom_tree atom for this Rosetta branch connection angle: residue 246 BRANCH 1
core.pose.util: [ WARNING ] Unable to find atom_tree atom for this Rosetta branch connection angle: residue 261 BRANCH 1
protocols.relax.FastRelax: CMD: min  -1333.52  1.52015  1.52015  0.02805
protocols.relax.FastRelax: CMD: coord_cst_weight  -1333.52  1.52015  1.52015  0.02805
protocols.relax.FastRelax: CMD: scale:fa_rep  -709.788  1.52015  1.52015  0.14575
core.pack.task: Packer task: initialize from command line() 
core.pack.pack_rotamers: built 3351 rotamers at 263 positions.
core.pack.interaction_graph.interaction_graph_factory: Instantiating DensePDInteractionGraph
protocols.relax.FastRelax: CMD: repack  -714.019  1.52015  1.52015  0.14575
protocols.relax.FastRelax: CMD: scale:fa_rep  -671.003  1.52015  1.52015  0.154
core.pose.util: [ WARNING ] Unable to find atom_tree atom for this Rosetta branch connection angle: residue 246 BRANCH 1
core.pose.util: [ WARNING ] Unable to find atom_tree atom for this Rosetta branch connection angle: residue 261 BRANCH 1
protocols.relax.FastRelax: CMD: min  -1072.09  1.03429  1.03429  0.154
protocols.relax.FastRelax: CMD: coord_cst_weight  -1072.09  1.03429  1.03429  0.154
protocols.relax.FastRelax: CMD: scale:fa_rep  -908.555  1.03429  1.03429  0.30745
core.pack.task: Packer task: initialize from command line() 
core.pack.pack_rotamers: built 3413 rotamers at 263 positions.
core.pack.interaction_graph.interaction_graph_factory: Instantiating DensePDInteractionGraph
protocols.relax.FastRelax: CMD: repack  -908.68  1.03429  1.03429  0.30745
protocols.relax.FastRelax: CMD: scale:fa_rep  -895.785  1.03429  1.03429  0.31955
core.pose.util: [ WARNING ] Unable to find atom_tree atom for this Rosetta branch connection angle: residue 246 BRANCH 1
core.pose.util: [ WARNING ] Unable to find atom_tree atom for this Rosetta branch connection angle: residue 261 BRANCH 1
core.optimization.Minimizer: [ WARNING ] LBFGS MAX CYCLES 2000 EXCEEDED, BUT FUNC NOT CONVERGED!
protocols.relax.FastRelax: CMD: min  -949.635  0.894432  0.894432  0.31955
protocols.relax.FastRelax: CMD: coord_cst_weight  -949.635  0.894432  0.894432  0.31955
protocols.relax.FastRelax: CMD: scale:fa_rep  -820.725  0.894432  0.894432  0.55
core.pack.task: Packer task: initialize from command line() 
core.pack.pack_rotamers: built 3367 rotamers at 263 positions.
core.pack.interaction_graph.interaction_graph_factory: Instantiating DensePDInteractionGraph
protocols.relax.FastRelax: CMD: repack  -820.725  0.894432  0.894432  0.55
core.pose.util: [ WARNING ] Unable to find atom_tree atom for this Rosetta branch connection angle: residue 246 BRANCH 1
core.pose.util: [ WARNING ] Unable to find atom_tree atom for this Rosetta branch connection angle: residue 261 BRANCH 1
protocols.relax.FastRelax: CMD: min  -849.052  0.851257  0.851257  0.55
protocols.relax.FastRelax: MRP: 4  -849.052  -849.825  0.810996  0.810996  
protocols.relax.FastRelax: CMD: accept_to_best  -849.052  0.851257  0.851257  0.55
protocols.relax.FastRelax: CMD: endrepeat  -849.052  0.851257  0.851257  0.55
protocols::checkpoint: Deleting checkpoints of FastRelax
protocols.jd2.JobDistributor: candidate_4_unrelaxed_rank_001_alphafold2_ptm_model_3_seed_000_0001 reported success in 669 seconds
protocols.jd2.JobDistributor: no more batches to process... 
protocols.jd2.JobDistributor: 1 jobs considered, 1 jobs attempted in 669 seconds
basic.citation_manager.CitationManager: 
The following Rosetta modules were used during this run of Rosetta, and should be cited:

FastRelax Mover's citation(s):
*Tyka MD, *Keedy DA, André I, Dimaio F, Song Y, Richardson DC, Richardson JS, and Baker D.  (2011).  Alternate states of proteins revealed by detailed energy landscape mapping.  J Mol Biol 405(2):607-18.  doi: 10.1016/j.jmb.2010.11.008.  (*Co-primary authors.)

Khatib F, Cooper S, Tyka MD, Xu K, Makedon I, Popovic Z, Baker D, and Players F.  (2011).  Algorithm discovery by protein folding game players.  Proc Natl Acad Sci USA 108(47):18949-53.  doi: 10.1073/pnas.1115898108.

Maguire JB, Haddox HK, Strickland D, Halabiya SF, Coventry B, Griffin JR, Pulavarti SVSRK, Cummins M, Thieker DF, Klavins E, Szyperski T, DiMaio F, Baker D, and Kuhlman B.  (2021).  Perturbing the energy landscape for improved packing during computational protein design.  Proteins 89(4):436-449.  doi: 10.1002/prot.26030.


