********  (C) Copyright Rosetta Commons Member Institutions.  ***************
* Use of Rosetta for commercial purposes may require purchase of a license. *
********  See LICENSE.md or email license@uw.edu for more details. **********
core.init: Checking for fconfig files in pwd and ./rosetta/flags 
core.init: Rosetta version: rosetta.binary.m1.release-408 r408 2025.37+release.df75a9c48e df75a9c48e763e52a7aa3f5dfba077f4da88dbf5 https://www.rosettacommons.org 2025-09-10T18:19:45.484568
core.init: Rosetta extras: []
core.init: command: /Users/oskarherlitz/Desktop/rosetta.binary.m1.release-408/main/source/bin/relax.static.macosclangrelease -s runs/colabfold_predictions_gpu/candidate_9_unrelaxed_rank_001_alphafold2_ptm_model_3_seed_000.pdb -use_input_sc -nstruct 1 -relax:cartesian -score:weights ref2015_cart -relax:min_type lbfgs_armijo_nonmonotone -out:path:all runs/colabfold_relaxed_top10/candidate_9 -out:file:scorefile runs/colabfold_relaxed_top10/candidate_9/score.sc
basic.random.init_random_generator: 'RNG device' seed mode, using '/dev/urandom', seed=597809245 seed_offset=0 real_seed=597809245
basic.random.init_random_generator: RandomGenerator:init: Normal mode, seed=597809245 RG_type=mt19937
core.init: Resolved executable path: /Users/oskarherlitz/Desktop/rosetta.binary.m1.release-408/main/source/bin/relax.static.macosclangrelease
core.init: Looking for database based on location of executable: /Users/oskarherlitz/Desktop/rosetta.binary.m1.release-408/main/database/
core.scoring.ScoreFunctionFactory: SCOREFUNCTION: ref2015_cart
core.scoring.etable: Starting energy table calculation
core.scoring.etable: smooth_etable: changing atr/rep split to bottom of energy well
core.scoring.etable: smooth_etable: spline smoothing lj etables (maxdis = 6)
core.scoring.etable: smooth_etable: spline smoothing solvation etables (max_dis = 6)
core.scoring.etable: Finished calculating energy tables.
basic.io.database: Database file opened: scoring/score_functions/hbonds/ref2015_params/HBPoly1D.csv
basic.io.database: Database file opened: scoring/score_functions/hbonds/ref2015_params/HBFadeIntervals.csv
basic.io.database: Database file opened: scoring/score_functions/hbonds/ref2015_params/HBEval.csv
basic.io.database: Database file opened: scoring/score_functions/hbonds/ref2015_params/DonStrength.csv
basic.io.database: Database file opened: scoring/score_functions/hbonds/ref2015_params/AccStrength.csv
core.chemical.GlobalResidueTypeSet: Finished initializing fa_standard residue type set.  Created 985 residue types
core.chemical.GlobalResidueTypeSet: Total time to initialize 0.403267 seconds.
basic.io.database: Database file opened: scoring/score_functions/rama/fd/all.ramaProb
basic.io.database: Database file opened: scoring/score_functions/rama/fd/prepro.ramaProb
basic.io.database: Database file opened: scoring/score_functions/omega/omega_ppdep.all.txt
basic.io.database: Database file opened: scoring/score_functions/omega/omega_ppdep.gly.txt
basic.io.database: Database file opened: scoring/score_functions/omega/omega_ppdep.pro.txt
basic.io.database: Database file opened: scoring/score_functions/omega/omega_ppdep.valile.txt
basic.io.database: Database file opened: scoring/score_functions/P_AA_pp/P_AA
basic.io.database: Database file opened: scoring/score_functions/P_AA_pp/P_AA_n
core.scoring.P_AA: shapovalov_lib::shap_p_aa_pp_smooth_level of 1( aka low_smooth ) got activated.
basic.io.database: Database file opened: scoring/score_functions/P_AA_pp/shapovalov/10deg/kappa131/a20.prop
core.energy_methods.CartesianBondedEnergy: Initializing IdealParametersDatabase with default Ks=300 , 80 , 80 , 10 , 80
basic.io.database: Database file opened: scoring/score_functions/bondlength_bondangle/default-lengths.txt
core.energy_methods.CartesianBondedEnergy: Read 759 bb-independent lengths.
basic.io.database: Database file opened: scoring/score_functions/bondlength_bondangle/default-angles.txt
core.energy_methods.CartesianBondedEnergy: Read 1434 bb-independent angles.
basic.io.database: Database file opened: scoring/score_functions/bondlength_bondangle/default-torsions.txt
core.energy_methods.CartesianBondedEnergy: Read 1 bb-independent torsions.
basic.io.database: Database file opened: scoring/score_functions/bondlength_bondangle/default-improper.txt
core.energy_methods.CartesianBondedEnergy: Read 529 bb-independent improper tors.
protocols.relax.RelaxScriptManager: Reading relax scripts list from database.
protocols.relax.RelaxScriptManager: Looking for MonomerRelax2019.txt
protocols.relax.RelaxScriptManager: ================== Reading script file: /Users/oskarherlitz/Desktop/rosetta.binary.m1.release-408/main/database/sampling/relax_scripts/MonomerRelax2019.txt ==================
protocols.relax.RelaxScriptManager: repeat %%nrepeats%%
protocols.relax.RelaxScriptManager: coord_cst_weight 1.0
protocols.relax.RelaxScriptManager: scale:fa_rep 0.040
protocols.relax.RelaxScriptManager: repack
protocols.relax.RelaxScriptManager: scale:fa_rep 0.051
protocols.relax.RelaxScriptManager: min 0.01
protocols.relax.RelaxScriptManager: coord_cst_weight 0.5
protocols.relax.RelaxScriptManager: scale:fa_rep 0.265
protocols.relax.RelaxScriptManager: repack
protocols.relax.RelaxScriptManager: scale:fa_rep 0.280
protocols.relax.RelaxScriptManager: min 0.01
protocols.relax.RelaxScriptManager: coord_cst_weight 0.0
protocols.relax.RelaxScriptManager: scale:fa_rep 0.559
protocols.relax.RelaxScriptManager: repack
protocols.relax.RelaxScriptManager: scale:fa_rep 0.581
protocols.relax.RelaxScriptManager: min 0.01
protocols.relax.RelaxScriptManager: coord_cst_weight 0.0
protocols.relax.RelaxScriptManager: scale:fa_rep 1
protocols.relax.RelaxScriptManager: repack
protocols.relax.RelaxScriptManager: min 0.00001
protocols.relax.RelaxScriptManager: accept_to_best
protocols.relax.RelaxScriptManager: endrepeat
protocols.jd2.PDBJobInputter: Instantiate PDBJobInputter
protocols.jd2.PDBJobInputter: PDBJobInputter::fill_jobs
protocols.jd2.PDBJobInputter: pushed runs/colabfold_predictions_gpu/candidate_9_unrelaxed_rank_001_alphafold2_ptm_model_3_seed_000.pdb nstruct index 1
protocols.evaluation.ChiWellRmsdEvaluatorCreator: Evaluation Creator active ... 
protocols.jd2.PDBJobInputter: PDBJobInputter::pose_from_job
protocols.jd2.PDBJobInputter: filling pose from PDB runs/colabfold_predictions_gpu/candidate_9_unrelaxed_rank_001_alphafold2_ptm_model_3_seed_000.pdb
core.import_pose.import_pose: File 'runs/colabfold_predictions_gpu/candidate_9_unrelaxed_rank_001_alphafold2_ptm_model_3_seed_000.pdb' automatically determined to be of type PDB from contents.
core.conformation.Conformation: [ WARNING ] missing heavyatom:  OXT on residue SER:CtermProteinFull 263
core.energy_methods.CartesianBondedEnergy: Creating new peptide-bonded energy container (263)
basic.io.database: Database file opened: scoring/score_functions/elec_cp_reps.dat
core.scoring.elec.util: Read 40 countpair representative atoms
core.pack.dunbrack.RotamerLibrary: shapovalov_lib_fixes_enable option is true.
core.pack.dunbrack.RotamerLibrary: shapovalov_lib::shap_dun10_smooth_level of 1( aka lowest_smooth ) got activated.
core.pack.dunbrack.RotamerLibrary: Binary rotamer library selected: /Users/oskarherlitz/Desktop/rosetta.binary.m1.release-408/main/database/rotamer/shapovalov/StpDwn_0-0-0/Dunbrack10.lib.bin
core.pack.dunbrack.RotamerLibrary: Using Dunbrack library binary file '/Users/oskarherlitz/Desktop/rosetta.binary.m1.release-408/main/database/rotamer/shapovalov/StpDwn_0-0-0/Dunbrack10.lib.bin'.
core.pack.dunbrack.RotamerLibrary: Dunbrack 2010 library took 0.09662 seconds to load from binary
protocols.relax.FastRelax: CMD: repeat  802.805  0  0  0.55
protocols.relax.FastRelax: CMD: coord_cst_weight  802.805  0  0  0.55
protocols.relax.FastRelax: CMD: scale:fa_rep  -200.535  0  0  0.022
core.pack.task: Packer task: initialize from command line() 
core.pack.pack_rotamers: built 4394 rotamers at 263 positions.
core.pack.interaction_graph.interaction_graph_factory: Instantiating DensePDInteractionGraph
protocols.relax.FastRelax: CMD: repack  -489.056  0  0  0.022
protocols.relax.FastRelax: CMD: scale:fa_rep  -479.918  0  0  0.02805
protocols.relax.FastRelax: CMD: min  -1313.02  1.54176  1.54176  0.02805
protocols.relax.FastRelax: CMD: coord_cst_weight  -1313.02  1.54176  1.54176  0.02805
protocols.relax.FastRelax: CMD: scale:fa_rep  -709.896  1.54176  1.54176  0.14575
core.pack.task: Packer task: initialize from command line() 
core.pack.pack_rotamers: built 3909 rotamers at 263 positions.
core.pack.interaction_graph.interaction_graph_factory: Instantiating DensePDInteractionGraph
protocols.relax.FastRelax: CMD: repack  -719.218  1.54176  1.54176  0.14575
protocols.relax.FastRelax: CMD: scale:fa_rep  -678.136  1.54176  1.54176  0.154
protocols.relax.FastRelax: CMD: min  -1069.32  1.07653  1.07653  0.154
protocols.relax.FastRelax: CMD: coord_cst_weight  -1069.32  1.07653  1.07653  0.154
protocols.relax.FastRelax: CMD: scale:fa_rep  -908.874  1.07653  1.07653  0.30745
core.pack.task: Packer task: initialize from command line() 
core.pack.pack_rotamers: built 3904 rotamers at 263 positions.
core.pack.interaction_graph.interaction_graph_factory: Instantiating DensePDInteractionGraph
protocols.relax.FastRelax: CMD: repack  -909.255  1.07653  1.07653  0.30745
protocols.relax.FastRelax: CMD: scale:fa_rep  -896.651  1.07653  1.07653  0.31955
protocols.relax.FastRelax: CMD: min  -947.088  0.890207  0.890207  0.31955
protocols.relax.FastRelax: CMD: coord_cst_weight  -947.088  0.890207  0.890207  0.31955
protocols.relax.FastRelax: CMD: scale:fa_rep  -821.346  0.890207  0.890207  0.55
core.pack.task: Packer task: initialize from command line() 
core.pack.pack_rotamers: built 3838 rotamers at 263 positions.
core.pack.interaction_graph.interaction_graph_factory: Instantiating DensePDInteractionGraph
protocols.relax.FastRelax: CMD: repack  -822.276  0.890207  0.890207  0.55
protocols.relax.FastRelax: CMD: min  -855.497  0.805047  0.805047  0.55
protocols.relax.FastRelax: MRP: 0  -855.497  -855.497  0.805047  0.805047  
protocols.relax.FastRelax: CMD: accept_to_best  -855.497  0.805047  0.805047  0.55
protocols.relax.FastRelax: CMD: endrepeat  -855.497  0.805047  0.805047  0.55
protocols.relax.FastRelax: CMD: coord_cst_weight  -855.497  0.805047  0.805047  0.55
protocols.relax.FastRelax: CMD: scale:fa_rep  -1033.1  0.805047  0.805047  0.022
core.pack.task: Packer task: initialize from command line() 
core.pack.pack_rotamers: built 4412 rotamers at 263 positions.
core.pack.interaction_graph.interaction_graph_factory: Instantiating DensePDInteractionGraph
protocols.relax.FastRelax: CMD: repack  -1050.69  0.805047  0.805047  0.022
protocols.relax.FastRelax: CMD: scale:fa_rep  -1045.68  0.805047  0.805047  0.02805
protocols.relax.FastRelax: CMD: min  -1338.3  1.57178  1.57178  0.02805
protocols.relax.FastRelax: CMD: coord_cst_weight  -1338.3  1.57178  1.57178  0.02805
protocols.relax.FastRelax: CMD: scale:fa_rep  -733.671  1.57178  1.57178  0.14575
core.pack.task: Packer task: initialize from command line() 
core.pack.pack_rotamers: built 3853 rotamers at 263 positions.
core.pack.interaction_graph.interaction_graph_factory: Instantiating DensePDInteractionGraph
protocols.relax.FastRelax: CMD: repack  -735.547  1.57178  1.57178  0.14575
protocols.relax.FastRelax: CMD: scale:fa_rep  -693.45  1.57178  1.57178  0.154
protocols.relax.FastRelax: CMD: min  -1083.43  1.10148  1.10148  0.154
protocols.relax.FastRelax: CMD: coord_cst_weight  -1083.43  1.10148  1.10148  0.154
protocols.relax.FastRelax: CMD: scale:fa_rep  -921.316  1.10148  1.10148  0.30745
core.pack.task: Packer task: initialize from command line() 
core.pack.pack_rotamers: built 3846 rotamers at 263 positions.
core.pack.interaction_graph.interaction_graph_factory: Instantiating DensePDInteractionGraph
protocols.relax.FastRelax: CMD: repack  -921.622  1.10148  1.10148  0.30745
protocols.relax.FastRelax: CMD: scale:fa_rep  -908.88  1.10148  1.10148  0.31955
protocols.relax.FastRelax: CMD: min  -962.955  0.947444  0.947444  0.31955
protocols.relax.FastRelax: CMD: coord_cst_weight  -962.955  0.947444  0.947444  0.31955
protocols.relax.FastRelax: CMD: scale:fa_rep  -837.491  0.947444  0.947444  0.55
core.pack.task: Packer task: initialize from command line() 
core.pack.pack_rotamers: built 3796 rotamers at 263 positions.
core.pack.interaction_graph.interaction_graph_factory: Instantiating DensePDInteractionGraph
protocols.relax.FastRelax: CMD: repack  -837.534  0.947444  0.947444  0.55
protocols.relax.FastRelax: CMD: min  -865.31  0.875387  0.875387  0.55
protocols.relax.FastRelax: MRP: 1  -865.31  -865.31  0.875387  0.875387  
protocols.relax.FastRelax: CMD: accept_to_best  -865.31  0.875387  0.875387  0.55
protocols.relax.FastRelax: CMD: endrepeat  -865.31  0.875387  0.875387  0.55
protocols.relax.FastRelax: CMD: coord_cst_weight  -865.31  0.875387  0.875387  0.55
protocols.relax.FastRelax: CMD: scale:fa_rep  -1046.54  0.875387  0.875387  0.022
core.pack.task: Packer task: initialize from command line() 
core.pack.pack_rotamers: built 4355 rotamers at 263 positions.
core.pack.interaction_graph.interaction_graph_factory: Instantiating DensePDInteractionGraph
protocols.relax.FastRelax: CMD: repack  -1064.71  0.875387  0.875387  0.022
protocols.relax.FastRelax: CMD: scale:fa_rep  -1060.57  0.875387  0.875387  0.02805
core.optimization.Minimizer: [ WARNING ] LBFGS MAX CYCLES 2000 EXCEEDED, BUT FUNC NOT CONVERGED!
protocols.relax.FastRelax: CMD: min  -1344.55  1.64815  1.64815  0.02805
protocols.relax.FastRelax: CMD: coord_cst_weight  -1344.55  1.64815  1.64815  0.02805
protocols.relax.FastRelax: CMD: scale:fa_rep  -726.495  1.64815  1.64815  0.14575
core.pack.task: Packer task: initialize from command line() 
core.pack.pack_rotamers: built 3851 rotamers at 263 positions.
core.pack.interaction_graph.interaction_graph_factory: Instantiating DensePDInteractionGraph
protocols.relax.FastRelax: CMD: repack  -715.8  1.64815  1.64815  0.14575
protocols.relax.FastRelax: CMD: scale:fa_rep  -672.59  1.64815  1.64815  0.154
protocols.relax.FastRelax: CMD: min  -1079.85  1.14925  1.14925  0.154
protocols.relax.FastRelax: CMD: coord_cst_weight  -1079.85  1.14925  1.14925  0.154
protocols.relax.FastRelax: CMD: scale:fa_rep  -916.444  1.14925  1.14925  0.30745
core.pack.task: Packer task: initialize from command line() 
core.pack.pack_rotamers: built 3803 rotamers at 263 positions.
core.pack.interaction_graph.interaction_graph_factory: Instantiating DensePDInteractionGraph
protocols.relax.FastRelax: CMD: repack  -916.267  1.14925  1.14925  0.30745
protocols.relax.FastRelax: CMD: scale:fa_rep  -903.447  1.14925  1.14925  0.31955
protocols.relax.FastRelax: CMD: min  -959.099  0.994587  0.994587  0.31955
protocols.relax.FastRelax: CMD: coord_cst_weight  -959.099  0.994587  0.994587  0.31955
protocols.relax.FastRelax: CMD: scale:fa_rep  -832.522  0.994587  0.994587  0.55
core.pack.task: Packer task: initialize from command line() 
core.pack.pack_rotamers: built 3777 rotamers at 263 positions.
core.pack.interaction_graph.interaction_graph_factory: Instantiating DensePDInteractionGraph
protocols.relax.FastRelax: CMD: repack  -832.522  0.994587  0.994587  0.55
protocols.relax.FastRelax: CMD: min  -861.09  0.914531  0.914531  0.55
protocols.relax.FastRelax: MRP: 2  -861.09  -865.31  0.875387  0.875387  
protocols.relax.FastRelax: CMD: accept_to_best  -861.09  0.914531  0.914531  0.55
protocols.relax.FastRelax: CMD: endrepeat  -861.09  0.914531  0.914531  0.55
protocols.relax.FastRelax: CMD: coord_cst_weight  -861.09  0.914531  0.914531  0.55
protocols.relax.FastRelax: CMD: scale:fa_rep  -1042.68  0.914531  0.914531  0.022
core.pack.task: Packer task: initialize from command line() 
core.pack.pack_rotamers: built 4305 rotamers at 263 positions.
core.pack.interaction_graph.interaction_graph_factory: Instantiating DensePDInteractionGraph
protocols.relax.FastRelax: CMD: repack  -1062.32  0.914531  0.914531  0.022
protocols.relax.FastRelax: CMD: scale:fa_rep  -1057.74  0.914531  0.914531  0.02805
protocols.relax.FastRelax: CMD: min  -1343.92  1.64132  1.64132  0.02805
protocols.relax.FastRelax: CMD: coord_cst_weight  -1343.92  1.64132  1.64132  0.02805
protocols.relax.FastRelax: CMD: scale:fa_rep  -729.832  1.64132  1.64132  0.14575
core.pack.task: Packer task: initialize from command line() 
core.pack.pack_rotamers: built 3838 rotamers at 263 positions.
core.pack.interaction_graph.interaction_graph_factory: Instantiating DensePDInteractionGraph
protocols.relax.FastRelax: CMD: repack  -730.968  1.64132  1.64132  0.14575
protocols.relax.FastRelax: CMD: scale:fa_rep  -688.167  1.64132  1.64132  0.154
protocols.relax.FastRelax: CMD: min  -1087.15  1.17107  1.17107  0.154
protocols.relax.FastRelax: CMD: coord_cst_weight  -1087.15  1.17107  1.17107  0.154
protocols.relax.FastRelax: CMD: scale:fa_rep  -925.08  1.17107  1.17107  0.30745
core.pack.task: Packer task: initialize from command line() 
core.pack.pack_rotamers: built 3815 rotamers at 263 positions.
core.pack.interaction_graph.interaction_graph_factory: Instantiating DensePDInteractionGraph
protocols.relax.FastRelax: CMD: repack  -925.384  1.17107  1.17107  0.30745
protocols.relax.FastRelax: CMD: scale:fa_rep  -912.649  1.17107  1.17107  0.31955
protocols.relax.FastRelax: CMD: min  -965.804  1.01281  1.01281  0.31955
protocols.relax.FastRelax: CMD: coord_cst_weight  -965.804  1.01281  1.01281  0.31955
protocols.relax.FastRelax: CMD: scale:fa_rep  -838.226  1.01281  1.01281  0.55
core.pack.task: Packer task: initialize from command line() 
core.pack.pack_rotamers: built 3739 rotamers at 263 positions.
core.pack.interaction_graph.interaction_graph_factory: Instantiating DensePDInteractionGraph
protocols.relax.FastRelax: CMD: repack  -838.08  1.01281  1.01281  0.55
protocols.relax.FastRelax: CMD: min  -866.914  0.931508  0.931508  0.55
protocols.relax.FastRelax: MRP: 3  -866.914  -866.914  0.931508  0.931508  
protocols.relax.FastRelax: CMD: accept_to_best  -866.914  0.931508  0.931508  0.55
protocols.relax.FastRelax: CMD: endrepeat  -866.914  0.931508  0.931508  0.55
protocols.relax.FastRelax: CMD: coord_cst_weight  -866.914  0.931508  0.931508  0.55
protocols.relax.FastRelax: CMD: scale:fa_rep  -1050.25  0.931508  0.931508  0.022
core.pack.task: Packer task: initialize from command line() 
core.pack.pack_rotamers: built 4307 rotamers at 263 positions.
core.pack.interaction_graph.interaction_graph_factory: Instantiating DensePDInteractionGraph
protocols.relax.FastRelax: CMD: repack  -1068.45  0.931508  0.931508  0.022
protocols.relax.FastRelax: CMD: scale:fa_rep  -1064.04  0.931508  0.931508  0.02805
protocols.relax.FastRelax: CMD: min  -1344.1  1.63251  1.63251  0.02805
protocols.relax.FastRelax: CMD: coord_cst_weight  -1344.1  1.63251  1.63251  0.02805
protocols.relax.FastRelax: CMD: scale:fa_rep  -743.635  1.63251  1.63251  0.14575
core.pack.task: Packer task: initialize from command line() 
core.pack.pack_rotamers: built 3815 rotamers at 263 positions.
core.pack.interaction_graph.interaction_graph_factory: Instantiating DensePDInteractionGraph
protocols.relax.FastRelax: CMD: repack  -745.156  1.63251  1.63251  0.14575
protocols.relax.FastRelax: CMD: scale:fa_rep  -703.341  1.63251  1.63251  0.154
protocols.relax.FastRelax: CMD: min  -1089.53  1.15231  1.15231  0.154
protocols.relax.FastRelax: CMD: coord_cst_weight  -1089.53  1.15231  1.15231  0.154
protocols.relax.FastRelax: CMD: scale:fa_rep  -928.469  1.15231  1.15231  0.30745
core.pack.task: Packer task: initialize from command line() 
core.pack.pack_rotamers: built 3815 rotamers at 263 positions.
core.pack.interaction_graph.interaction_graph_factory: Instantiating DensePDInteractionGraph
protocols.relax.FastRelax: CMD: repack  -928.801  1.15231  1.15231  0.30745
protocols.relax.FastRelax: CMD: scale:fa_rep  -916.146  1.15231  1.15231  0.31955
protocols.relax.FastRelax: CMD: min  -968.656  0.996323  0.996323  0.31955
protocols.relax.FastRelax: CMD: coord_cst_weight  -968.656  0.996323  0.996323  0.31955
protocols.relax.FastRelax: CMD: scale:fa_rep  -841.325  0.996323  0.996323  0.55
core.pack.task: Packer task: initialize from command line() 
core.pack.pack_rotamers: built 3720 rotamers at 263 positions.
core.pack.interaction_graph.interaction_graph_factory: Instantiating DensePDInteractionGraph
protocols.relax.FastRelax: CMD: repack  -841.364  0.996323  0.996323  0.55
protocols.relax.FastRelax: CMD: min  -869.517  0.930571  0.930571  0.55
protocols.relax.FastRelax: MRP: 4  -869.517  -869.517  0.930571  0.930571  
protocols.relax.FastRelax: CMD: accept_to_best  -869.517  0.930571  0.930571  0.55
protocols.relax.FastRelax: CMD: endrepeat  -869.517  0.930571  0.930571  0.55
protocols::checkpoint: Deleting checkpoints of FastRelax
protocols.jd2.JobDistributor: candidate_9_unrelaxed_rank_001_alphafold2_ptm_model_3_seed_000_0001 reported success in 528 seconds
protocols.jd2.JobDistributor: no more batches to process... 
protocols.jd2.JobDistributor: 1 jobs considered, 1 jobs attempted in 528 seconds
basic.citation_manager.CitationManager: 
The following Rosetta modules were used during this run of Rosetta, and should be cited:

FastRelax Mover's citation(s):
*Tyka MD, *Keedy DA, André I, Dimaio F, Song Y, Richardson DC, Richardson JS, and Baker D.  (2011).  Alternate states of proteins revealed by detailed energy landscape mapping.  J Mol Biol 405(2):607-18.  doi: 10.1016/j.jmb.2010.11.008.  (*Co-primary authors.)

Khatib F, Cooper S, Tyka MD, Xu K, Makedon I, Popovic Z, Baker D, and Players F.  (2011).  Algorithm discovery by protein folding game players.  Proc Natl Acad Sci USA 108(47):18949-53.  doi: 10.1073/pnas.1115898108.

Maguire JB, Haddox HK, Strickland D, Halabiya SF, Coventry B, Griffin JR, Pulavarti SVSRK, Cummins M, Thieker DF, Klavins E, Szyperski T, DiMaio F, Baker D, and Kuhlman B.  (2021).  Perturbing the energy landscape for improved packing during computational protein design.  Proteins 89(4):436-449.  doi: 10.1002/prot.26030.


