********  (C) Copyright Rosetta Commons Member Institutions.  ***************
* Use of Rosetta for commercial purposes may require purchase of a license. *
********  See LICENSE.md or email license@uw.edu for more details. **********
core.init: Checking for fconfig files in pwd and ./rosetta/flags 
core.init: Rosetta version: rosetta.binary.m1.release-408 r408 2025.37+release.df75a9c48e df75a9c48e763e52a7aa3f5dfba077f4da88dbf5 https://www.rosettacommons.org 2025-09-10T18:19:45.484568
core.init: Rosetta extras: []
core.init: command: /Users/oskarherlitz/Desktop/rosetta.binary.m1.release-408/main/source/bin/relax.static.macosclangrelease -s runs/colabfold_relaxed_top10/candidate_9/candidate_9_relaxed_rank_001_alphafold2_ptm_model_3_seed_000_0001.pdb -use_input_sc -nstruct 1 -relax:cartesian -score:weights ref2015_cart -relax:min_type lbfgs_armijo_nonmonotone -out:path:all runs/20260102_overnight_fastdesign/designs/candidate_9/design_7 -out:file:scorefile runs/20260102_overnight_fastdesign/designs/candidate_9/design_7/score.sc -jran 1785867645
basic.random.init_random_generator: 'RNG device' seed mode, using '/dev/urandom', seed=-129136661 seed_offset=0 real_seed=-129136661
basic.random.init_random_generator: RandomGenerator:init: Normal mode, seed=-129136661 RG_type=mt19937
core.init: Resolved executable path: /Users/oskarherlitz/Desktop/rosetta.binary.m1.release-408/main/source/bin/relax.static.macosclangrelease
core.init: Looking for database based on location of executable: /Users/oskarherlitz/Desktop/rosetta.binary.m1.release-408/main/database/
core.scoring.ScoreFunctionFactory: SCOREFUNCTION: ref2015_cart
core.scoring.etable: Starting energy table calculation
core.scoring.etable: smooth_etable: changing atr/rep split to bottom of energy well
core.scoring.etable: smooth_etable: spline smoothing lj etables (maxdis = 6)
core.scoring.etable: smooth_etable: spline smoothing solvation etables (max_dis = 6)
core.scoring.etable: Finished calculating energy tables.
basic.io.database: Database file opened: scoring/score_functions/hbonds/ref2015_params/HBPoly1D.csv
basic.io.database: Database file opened: scoring/score_functions/hbonds/ref2015_params/HBFadeIntervals.csv
basic.io.database: Database file opened: scoring/score_functions/hbonds/ref2015_params/HBEval.csv
basic.io.database: Database file opened: scoring/score_functions/hbonds/ref2015_params/DonStrength.csv
basic.io.database: Database file opened: scoring/score_functions/hbonds/ref2015_params/AccStrength.csv
core.chemical.GlobalResidueTypeSet: Finished initializing fa_standard residue type set.  Created 985 residue types
core.chemical.GlobalResidueTypeSet: Total time to initialize 0.421616 seconds.
basic.io.database: Database file opened: scoring/score_functions/rama/fd/all.ramaProb
basic.io.database: Database file opened: scoring/score_functions/rama/fd/prepro.ramaProb
basic.io.database: Database file opened: scoring/score_functions/omega/omega_ppdep.all.txt
basic.io.database: Database file opened: scoring/score_functions/omega/omega_ppdep.gly.txt
basic.io.database: Database file opened: scoring/score_functions/omega/omega_ppdep.pro.txt
basic.io.database: Database file opened: scoring/score_functions/omega/omega_ppdep.valile.txt
basic.io.database: Database file opened: scoring/score_functions/P_AA_pp/P_AA
basic.io.database: Database file opened: scoring/score_functions/P_AA_pp/P_AA_n
core.scoring.P_AA: shapovalov_lib::shap_p_aa_pp_smooth_level of 1( aka low_smooth ) got activated.
basic.io.database: Database file opened: scoring/score_functions/P_AA_pp/shapovalov/10deg/kappa131/a20.prop
core.energy_methods.CartesianBondedEnergy: Initializing IdealParametersDatabase with default Ks=300 , 80 , 80 , 10 , 80
basic.io.database: Database file opened: scoring/score_functions/bondlength_bondangle/default-lengths.txt
core.energy_methods.CartesianBondedEnergy: Read 759 bb-independent lengths.
basic.io.database: Database file opened: scoring/score_functions/bondlength_bondangle/default-angles.txt
core.energy_methods.CartesianBondedEnergy: Read 1434 bb-independent angles.
basic.io.database: Database file opened: scoring/score_functions/bondlength_bondangle/default-torsions.txt
core.energy_methods.CartesianBondedEnergy: Read 1 bb-independent torsions.
basic.io.database: Database file opened: scoring/score_functions/bondlength_bondangle/default-improper.txt
core.energy_methods.CartesianBondedEnergy: Read 529 bb-independent improper tors.
protocols.relax.RelaxScriptManager: Reading relax scripts list from database.
protocols.relax.RelaxScriptManager: Looking for MonomerRelax2019.txt
protocols.relax.RelaxScriptManager: ================== Reading script file: /Users/oskarherlitz/Desktop/rosetta.binary.m1.release-408/main/database/sampling/relax_scripts/MonomerRelax2019.txt ==================
protocols.relax.RelaxScriptManager: repeat %%nrepeats%%
protocols.relax.RelaxScriptManager: coord_cst_weight 1.0
protocols.relax.RelaxScriptManager: scale:fa_rep 0.040
protocols.relax.RelaxScriptManager: repack
protocols.relax.RelaxScriptManager: scale:fa_rep 0.051
protocols.relax.RelaxScriptManager: min 0.01
protocols.relax.RelaxScriptManager: coord_cst_weight 0.5
protocols.relax.RelaxScriptManager: scale:fa_rep 0.265
protocols.relax.RelaxScriptManager: repack
protocols.relax.RelaxScriptManager: scale:fa_rep 0.280
protocols.relax.RelaxScriptManager: min 0.01
protocols.relax.RelaxScriptManager: coord_cst_weight 0.0
protocols.relax.RelaxScriptManager: scale:fa_rep 0.559
protocols.relax.RelaxScriptManager: repack
protocols.relax.RelaxScriptManager: scale:fa_rep 0.581
protocols.relax.RelaxScriptManager: min 0.01
protocols.relax.RelaxScriptManager: coord_cst_weight 0.0
protocols.relax.RelaxScriptManager: scale:fa_rep 1
protocols.relax.RelaxScriptManager: repack
protocols.relax.RelaxScriptManager: min 0.00001
protocols.relax.RelaxScriptManager: accept_to_best
protocols.relax.RelaxScriptManager: endrepeat
protocols.jd2.PDBJobInputter: Instantiate PDBJobInputter
protocols.jd2.PDBJobInputter: PDBJobInputter::fill_jobs
protocols.jd2.PDBJobInputter: pushed runs/colabfold_relaxed_top10/candidate_9/candidate_9_relaxed_rank_001_alphafold2_ptm_model_3_seed_000_0001.pdb nstruct index 1
protocols.evaluation.ChiWellRmsdEvaluatorCreator: Evaluation Creator active ... 
protocols.jd2.PDBJobInputter: PDBJobInputter::pose_from_job
protocols.jd2.PDBJobInputter: filling pose from PDB runs/colabfold_relaxed_top10/candidate_9/candidate_9_relaxed_rank_001_alphafold2_ptm_model_3_seed_000_0001.pdb
core.import_pose.import_pose: File 'runs/colabfold_relaxed_top10/candidate_9/candidate_9_relaxed_rank_001_alphafold2_ptm_model_3_seed_000_0001.pdb' automatically determined to be of type PDB from contents.
core.energy_methods.CartesianBondedEnergy: Creating new peptide-bonded energy container (263)
basic.io.database: Database file opened: scoring/score_functions/elec_cp_reps.dat
core.scoring.elec.util: Read 40 countpair representative atoms
core.pack.dunbrack.RotamerLibrary: shapovalov_lib_fixes_enable option is true.
core.pack.dunbrack.RotamerLibrary: shapovalov_lib::shap_dun10_smooth_level of 1( aka lowest_smooth ) got activated.
core.pack.dunbrack.RotamerLibrary: Binary rotamer library selected: /Users/oskarherlitz/Desktop/rosetta.binary.m1.release-408/main/database/rotamer/shapovalov/StpDwn_0-0-0/Dunbrack10.lib.bin
core.pack.dunbrack.RotamerLibrary: Using Dunbrack library binary file '/Users/oskarherlitz/Desktop/rosetta.binary.m1.release-408/main/database/rotamer/shapovalov/StpDwn_0-0-0/Dunbrack10.lib.bin'.
core.pack.dunbrack.RotamerLibrary: Dunbrack 2010 library took 0.084363 seconds to load from binary
protocols.relax.FastRelax: CMD: repeat  -867.984  0  0  0.55
protocols.relax.FastRelax: CMD: coord_cst_weight  -867.984  0  0  0.55
protocols.relax.FastRelax: CMD: scale:fa_rep  -1052.23  0  0  0.022
core.pack.task: Packer task: initialize from command line() 
core.pack.pack_rotamers: built 4287 rotamers at 263 positions.
core.pack.interaction_graph.interaction_graph_factory: Instantiating DensePDInteractionGraph
protocols.relax.FastRelax: CMD: repack  -1071.75  0  0  0.022
protocols.relax.FastRelax: CMD: scale:fa_rep  -1067.46  0  0  0.02805
protocols.relax.FastRelax: CMD: min  -1345.06  1.11799  1.11799  0.02805
protocols.relax.FastRelax: CMD: coord_cst_weight  -1345.06  1.11799  1.11799  0.02805
protocols.relax.FastRelax: CMD: scale:fa_rep  -745.702  1.11799  1.11799  0.14575
core.pack.task: Packer task: initialize from command line() 
core.pack.pack_rotamers: built 3832 rotamers at 263 positions.
core.pack.interaction_graph.interaction_graph_factory: Instantiating DensePDInteractionGraph
protocols.relax.FastRelax: CMD: repack  -747.077  1.11799  1.11799  0.14575
protocols.relax.FastRelax: CMD: scale:fa_rep  -705.326  1.11799  1.11799  0.154
protocols.relax.FastRelax: CMD: min  -1089.78  0.475681  0.475681  0.154
protocols.relax.FastRelax: CMD: coord_cst_weight  -1089.78  0.475681  0.475681  0.154
protocols.relax.FastRelax: CMD: scale:fa_rep  -929.658  0.475681  0.475681  0.30745
core.pack.task: Packer task: initialize from command line() 
core.pack.pack_rotamers: built 3804 rotamers at 263 positions.
core.pack.interaction_graph.interaction_graph_factory: Instantiating DensePDInteractionGraph
protocols.relax.FastRelax: CMD: repack  -929.99  0.475681  0.475681  0.30745
protocols.relax.FastRelax: CMD: scale:fa_rep  -917.409  0.475681  0.475681  0.31955
protocols.relax.FastRelax: CMD: min  -968.139  0.213161  0.213161  0.31955
protocols.relax.FastRelax: CMD: coord_cst_weight  -968.139  0.213161  0.213161  0.31955
protocols.relax.FastRelax: CMD: scale:fa_rep  -840.485  0.213161  0.213161  0.55
core.pack.task: Packer task: initialize from command line() 
core.pack.pack_rotamers: built 3736 rotamers at 263 positions.
core.pack.interaction_graph.interaction_graph_factory: Instantiating DensePDInteractionGraph
protocols.relax.FastRelax: CMD: repack  -840.253  0.213161  0.213161  0.55
protocols.relax.FastRelax: CMD: min  -869.859  0.0267595  0.0267595  0.55
protocols.relax.FastRelax: MRP: 0  -869.859  -869.859  0.0267595  0.0267595  
protocols.relax.FastRelax: CMD: accept_to_best  -869.859  0.0267595  0.0267595  0.55
protocols.relax.FastRelax: CMD: endrepeat  -869.859  0.0267595  0.0267595  0.55
protocols.relax.FastRelax: CMD: coord_cst_weight  -869.859  0.0267595  0.0267595  0.55
protocols.relax.FastRelax: CMD: scale:fa_rep  -1052.97  0.0267595  0.0267595  0.022
core.pack.task: Packer task: initialize from command line() 
core.pack.pack_rotamers: built 4291 rotamers at 263 positions.
core.pack.interaction_graph.interaction_graph_factory: Instantiating DensePDInteractionGraph
protocols.relax.FastRelax: CMD: repack  -1071.78  0.0267595  0.0267595  0.022
protocols.relax.FastRelax: CMD: scale:fa_rep  -1067.43  0.0267595  0.0267595  0.02805
protocols.relax.FastRelax: CMD: min  -1345.09  1.11791  1.11791  0.02805
protocols.relax.FastRelax: CMD: coord_cst_weight  -1345.09  1.11791  1.11791  0.02805
protocols.relax.FastRelax: CMD: scale:fa_rep  -745.63  1.11791  1.11791  0.14575
core.pack.task: Packer task: initialize from command line() 
core.pack.pack_rotamers: built 3838 rotamers at 263 positions.
core.pack.interaction_graph.interaction_graph_factory: Instantiating DensePDInteractionGraph
protocols.relax.FastRelax: CMD: repack  -746.983  1.11791  1.11791  0.14575
protocols.relax.FastRelax: CMD: scale:fa_rep  -705.225  1.11791  1.11791  0.154
protocols.relax.FastRelax: CMD: min  -1089.76  0.476894  0.476894  0.154
protocols.relax.FastRelax: CMD: coord_cst_weight  -1089.76  0.476894  0.476894  0.154
protocols.relax.FastRelax: CMD: scale:fa_rep  -929.504  0.476894  0.476894  0.30745
core.pack.task: Packer task: initialize from command line() 
core.pack.pack_rotamers: built 3805 rotamers at 263 positions.
core.pack.interaction_graph.interaction_graph_factory: Instantiating DensePDInteractionGraph
protocols.relax.FastRelax: CMD: repack  -929.836  0.476894  0.476894  0.30745
protocols.relax.FastRelax: CMD: scale:fa_rep  -917.244  0.476894  0.476894  0.31955
protocols.relax.FastRelax: CMD: min  -968.128  0.215299  0.215299  0.31955
protocols.relax.FastRelax: CMD: coord_cst_weight  -968.128  0.215299  0.215299  0.31955
protocols.relax.FastRelax: CMD: scale:fa_rep  -840.24  0.215299  0.215299  0.55
core.pack.task: Packer task: initialize from command line() 
core.pack.pack_rotamers: built 3735 rotamers at 263 positions.
core.pack.interaction_graph.interaction_graph_factory: Instantiating DensePDInteractionGraph
protocols.relax.FastRelax: CMD: repack  -840.278  0.215299  0.215299  0.55
protocols.relax.FastRelax: CMD: min  -869.558  0.0196014  0.0196014  0.55
protocols.relax.FastRelax: MRP: 1  -869.558  -869.859  0.0267595  0.0267595  
protocols.relax.FastRelax: CMD: accept_to_best  -869.558  0.0196014  0.0196014  0.55
protocols.relax.FastRelax: CMD: endrepeat  -869.558  0.0196014  0.0196014  0.55
protocols.relax.FastRelax: CMD: coord_cst_weight  -869.558  0.0196014  0.0196014  0.55
protocols.relax.FastRelax: CMD: scale:fa_rep  -1053.34  0.0196014  0.0196014  0.022
core.pack.task: Packer task: initialize from command line() 
core.pack.pack_rotamers: built 4305 rotamers at 263 positions.
core.pack.interaction_graph.interaction_graph_factory: Instantiating DensePDInteractionGraph
protocols.relax.FastRelax: CMD: repack  -1071.95  0.0196014  0.0196014  0.022
protocols.relax.FastRelax: CMD: scale:fa_rep  -1067.87  0.0196014  0.0196014  0.02805
protocols.relax.FastRelax: CMD: min  -1345.1  1.11691  1.11691  0.02805
protocols.relax.FastRelax: CMD: coord_cst_weight  -1345.1  1.11691  1.11691  0.02805
protocols.relax.FastRelax: CMD: scale:fa_rep  -745.622  1.11691  1.11691  0.14575
core.pack.task: Packer task: initialize from command line() 
core.pack.pack_rotamers: built 3834 rotamers at 263 positions.
core.pack.interaction_graph.interaction_graph_factory: Instantiating DensePDInteractionGraph
protocols.relax.FastRelax: CMD: repack  -747.047  1.11691  1.11691  0.14575
protocols.relax.FastRelax: CMD: scale:fa_rep  -705.292  1.11691  1.11691  0.154
protocols.relax.FastRelax: CMD: min  -1089.7  0.478294  0.478294  0.154
protocols.relax.FastRelax: CMD: coord_cst_weight  -1089.7  0.478294  0.478294  0.154
protocols.relax.FastRelax: CMD: scale:fa_rep  -929.359  0.478294  0.478294  0.30745
core.pack.task: Packer task: initialize from command line() 
core.pack.pack_rotamers: built 3805 rotamers at 263 positions.
core.pack.interaction_graph.interaction_graph_factory: Instantiating DensePDInteractionGraph
protocols.relax.FastRelax: CMD: repack  -929.082  0.478294  0.478294  0.30745
protocols.relax.FastRelax: CMD: scale:fa_rep  -916.494  0.478294  0.478294  0.31955
protocols.relax.FastRelax: CMD: min  -968.113  0.211841  0.211841  0.31955
protocols.relax.FastRelax: CMD: coord_cst_weight  -968.113  0.211841  0.211841  0.31955
protocols.relax.FastRelax: CMD: scale:fa_rep  -840.93  0.211841  0.211841  0.55
core.pack.task: Packer task: initialize from command line() 
core.pack.pack_rotamers: built 3739 rotamers at 263 positions.
core.pack.interaction_graph.interaction_graph_factory: Instantiating DensePDInteractionGraph
protocols.relax.FastRelax: CMD: repack  -840.93  0.211841  0.211841  0.55
protocols.relax.FastRelax: CMD: min  -869.837  0.0295486  0.0295486  0.55
protocols.relax.FastRelax: MRP: 2  -869.837  -869.859  0.0267595  0.0267595  
protocols.relax.FastRelax: CMD: accept_to_best  -869.837  0.0295486  0.0295486  0.55
protocols.relax.FastRelax: CMD: endrepeat  -869.837  0.0295486  0.0295486  0.55
protocols.relax.FastRelax: CMD: coord_cst_weight  -869.837  0.0295486  0.0295486  0.55
protocols.relax.FastRelax: CMD: scale:fa_rep  -1053  0.0295486  0.0295486  0.022
core.pack.task: Packer task: initialize from command line() 
core.pack.pack_rotamers: built 4295 rotamers at 263 positions.
core.pack.interaction_graph.interaction_graph_factory: Instantiating DensePDInteractionGraph
protocols.relax.FastRelax: CMD: repack  -1072.05  0.0295486  0.0295486  0.022
protocols.relax.FastRelax: CMD: scale:fa_rep  -1068.1  0.0295486  0.0295486  0.02805
protocols.relax.FastRelax: CMD: min  -1346.54  1.11976  1.11976  0.02805
protocols.relax.FastRelax: CMD: coord_cst_weight  -1346.54  1.11976  1.11976  0.02805
protocols.relax.FastRelax: CMD: scale:fa_rep  -745.275  1.11976  1.11976  0.14575
core.pack.task: Packer task: initialize from command line() 
core.pack.pack_rotamers: built 3839 rotamers at 263 positions.
core.pack.interaction_graph.interaction_graph_factory: Instantiating DensePDInteractionGraph
protocols.relax.FastRelax: CMD: repack  -746.548  1.11976  1.11976  0.14575
protocols.relax.FastRelax: CMD: scale:fa_rep  -704.659  1.11976  1.11976  0.154
protocols.relax.FastRelax: CMD: min  -1090.71  0.484803  0.484803  0.154
protocols.relax.FastRelax: CMD: coord_cst_weight  -1090.71  0.484803  0.484803  0.154
protocols.relax.FastRelax: CMD: scale:fa_rep  -929.17  0.484803  0.484803  0.30745
core.pack.task: Packer task: initialize from command line() 
core.pack.pack_rotamers: built 3804 rotamers at 263 positions.
core.pack.interaction_graph.interaction_graph_factory: Instantiating DensePDInteractionGraph
protocols.relax.FastRelax: CMD: repack  -928.838  0.484803  0.484803  0.30745
protocols.relax.FastRelax: CMD: scale:fa_rep  -916.153  0.484803  0.484803  0.31955
protocols.relax.FastRelax: CMD: min  -968.639  0.217603  0.217603  0.31955
protocols.relax.FastRelax: CMD: coord_cst_weight  -968.639  0.217603  0.217603  0.31955
protocols.relax.FastRelax: CMD: scale:fa_rep  -841.011  0.217603  0.217603  0.55
core.pack.task: Packer task: initialize from command line() 
core.pack.pack_rotamers: built 3711 rotamers at 263 positions.
core.pack.interaction_graph.interaction_graph_factory: Instantiating DensePDInteractionGraph
protocols.relax.FastRelax: CMD: repack  -841.021  0.217603  0.217603  0.55
protocols.relax.FastRelax: CMD: min  -870.075  0.0425167  0.0425167  0.55
protocols.relax.FastRelax: MRP: 3  -870.075  -870.075  0.0425167  0.0425167  
protocols.relax.FastRelax: CMD: accept_to_best  -870.075  0.0425167  0.0425167  0.55
protocols.relax.FastRelax: CMD: endrepeat  -870.075  0.0425167  0.0425167  0.55
protocols.relax.FastRelax: CMD: coord_cst_weight  -870.075  0.0425167  0.0425167  0.55
protocols.relax.FastRelax: CMD: scale:fa_rep  -1053.79  0.0425167  0.0425167  0.022
core.pack.task: Packer task: initialize from command line() 
core.pack.pack_rotamers: built 4288 rotamers at 263 positions.
core.pack.interaction_graph.interaction_graph_factory: Instantiating DensePDInteractionGraph
protocols.relax.FastRelax: CMD: repack  -1072.61  0.0425167  0.0425167  0.022
protocols.relax.FastRelax: CMD: scale:fa_rep  -1068.66  0.0425167  0.0425167  0.02805
protocols.relax.FastRelax: CMD: min  -1346.55  1.11886  1.11886  0.02805
protocols.relax.FastRelax: CMD: coord_cst_weight  -1346.55  1.11886  1.11886  0.02805
protocols.relax.FastRelax: CMD: scale:fa_rep  -744.408  1.11886  1.11886  0.14575
core.pack.task: Packer task: initialize from command line() 
core.pack.pack_rotamers: built 3834 rotamers at 263 positions.
core.pack.interaction_graph.interaction_graph_factory: Instantiating DensePDInteractionGraph
protocols.relax.FastRelax: CMD: repack  -745.845  1.11886  1.11886  0.14575
protocols.relax.FastRelax: CMD: scale:fa_rep  -703.905  1.11886  1.11886  0.154
protocols.relax.FastRelax: CMD: min  -1090.67  0.492658  0.492658  0.154
protocols.relax.FastRelax: CMD: coord_cst_weight  -1090.67  0.492658  0.492658  0.154
protocols.relax.FastRelax: CMD: scale:fa_rep  -928.929  0.492658  0.492658  0.30745
core.pack.task: Packer task: initialize from command line() 
core.pack.pack_rotamers: built 3795 rotamers at 263 positions.
core.pack.interaction_graph.interaction_graph_factory: Instantiating DensePDInteractionGraph
protocols.relax.FastRelax: CMD: repack  -928.624  0.492658  0.492658  0.30745
protocols.relax.FastRelax: CMD: scale:fa_rep  -915.925  0.492658  0.492658  0.31955
protocols.relax.FastRelax: CMD: min  -969.129  0.20604  0.20604  0.31955
protocols.relax.FastRelax: CMD: coord_cst_weight  -969.129  0.20604  0.20604  0.31955
protocols.relax.FastRelax: CMD: scale:fa_rep  -841.796  0.20604  0.20604  0.55
core.pack.task: Packer task: initialize from command line() 
core.pack.pack_rotamers: built 3725 rotamers at 263 positions.
core.pack.interaction_graph.interaction_graph_factory: Instantiating DensePDInteractionGraph
protocols.relax.FastRelax: CMD: repack  -841.796  0.20604  0.20604  0.55
protocols.relax.FastRelax: CMD: min  -870.231  0.0612223  0.0612223  0.55
protocols.relax.FastRelax: MRP: 4  -870.231  -870.231  0.0612223  0.0612223  
protocols.relax.FastRelax: CMD: accept_to_best  -870.231  0.0612223  0.0612223  0.55
protocols.relax.FastRelax: CMD: endrepeat  -870.231  0.0612223  0.0612223  0.55
protocols::checkpoint: Deleting checkpoints of FastRelax
protocols.jd2.JobDistributor: candidate_9_relaxed_rank_001_alphafold2_ptm_model_3_seed_000_0001_0001 reported success in 502 seconds
protocols.jd2.JobDistributor: no more batches to process... 
protocols.jd2.JobDistributor: 1 jobs considered, 1 jobs attempted in 502 seconds
basic.citation_manager.CitationManager: 
The following Rosetta modules were used during this run of Rosetta, and should be cited:

FastRelax Mover's citation(s):
*Tyka MD, *Keedy DA, André I, Dimaio F, Song Y, Richardson DC, Richardson JS, and Baker D.  (2011).  Alternate states of proteins revealed by detailed energy landscape mapping.  J Mol Biol 405(2):607-18.  doi: 10.1016/j.jmb.2010.11.008.  (*Co-primary authors.)

Khatib F, Cooper S, Tyka MD, Xu K, Makedon I, Popovic Z, Baker D, and Players F.  (2011).  Algorithm discovery by protein folding game players.  Proc Natl Acad Sci USA 108(47):18949-53.  doi: 10.1073/pnas.1115898108.

Maguire JB, Haddox HK, Strickland D, Halabiya SF, Coventry B, Griffin JR, Pulavarti SVSRK, Cummins M, Thieker DF, Klavins E, Szyperski T, DiMaio F, Baker D, and Kuhlman B.  (2021).  Perturbing the energy landscape for improved packing during computational protein design.  Proteins 89(4):436-449.  doi: 10.1002/prot.26030.


