********  (C) Copyright Rosetta Commons Member Institutions.  ***************
* Use of Rosetta for commercial purposes may require purchase of a license. *
********  See LICENSE.md or email license@uw.edu for more details. **********
core.init: Checking for fconfig files in pwd and ./rosetta/flags 
core.init: Rosetta version: rosetta.binary.m1.release-408 r408 2025.37+release.df75a9c48e df75a9c48e763e52a7aa3f5dfba077f4da88dbf5 https://www.rosettacommons.org 2025-09-10T18:19:45.484568
core.init: Rosetta extras: []
core.init: command: /Users/oskarherlitz/Desktop/rosetta.binary.m1.release-408/main/source/bin/relax.static.macosclangrelease -s runs/colabfold_relaxed_top10/candidate_9/candidate_9_relaxed_rank_001_alphafold2_ptm_model_3_seed_000_0001.pdb -use_input_sc -nstruct 1 -relax:cartesian -score:weights ref2015_cart -relax:min_type lbfgs_armijo_nonmonotone -out:path:all runs/20260102_overnight_fastdesign/designs/candidate_9/design_21 -out:file:scorefile runs/20260102_overnight_fastdesign/designs/candidate_9/design_21/score.sc -jran 1786170310
basic.random.init_random_generator: 'RNG device' seed mode, using '/dev/urandom', seed=1924703413 seed_offset=0 real_seed=1924703413
basic.random.init_random_generator: RandomGenerator:init: Normal mode, seed=1924703413 RG_type=mt19937
core.init: Resolved executable path: /Users/oskarherlitz/Desktop/rosetta.binary.m1.release-408/main/source/bin/relax.static.macosclangrelease
core.init: Looking for database based on location of executable: /Users/oskarherlitz/Desktop/rosetta.binary.m1.release-408/main/database/
core.scoring.ScoreFunctionFactory: SCOREFUNCTION: ref2015_cart
core.scoring.etable: Starting energy table calculation
core.scoring.etable: smooth_etable: changing atr/rep split to bottom of energy well
core.scoring.etable: smooth_etable: spline smoothing lj etables (maxdis = 6)
core.scoring.etable: smooth_etable: spline smoothing solvation etables (max_dis = 6)
core.scoring.etable: Finished calculating energy tables.
basic.io.database: Database file opened: scoring/score_functions/hbonds/ref2015_params/HBPoly1D.csv
basic.io.database: Database file opened: scoring/score_functions/hbonds/ref2015_params/HBFadeIntervals.csv
basic.io.database: Database file opened: scoring/score_functions/hbonds/ref2015_params/HBEval.csv
basic.io.database: Database file opened: scoring/score_functions/hbonds/ref2015_params/DonStrength.csv
basic.io.database: Database file opened: scoring/score_functions/hbonds/ref2015_params/AccStrength.csv
core.chemical.GlobalResidueTypeSet: Finished initializing fa_standard residue type set.  Created 985 residue types
core.chemical.GlobalResidueTypeSet: Total time to initialize 0.412924 seconds.
basic.io.database: Database file opened: scoring/score_functions/rama/fd/all.ramaProb
basic.io.database: Database file opened: scoring/score_functions/rama/fd/prepro.ramaProb
basic.io.database: Database file opened: scoring/score_functions/omega/omega_ppdep.all.txt
basic.io.database: Database file opened: scoring/score_functions/omega/omega_ppdep.gly.txt
basic.io.database: Database file opened: scoring/score_functions/omega/omega_ppdep.pro.txt
basic.io.database: Database file opened: scoring/score_functions/omega/omega_ppdep.valile.txt
basic.io.database: Database file opened: scoring/score_functions/P_AA_pp/P_AA
basic.io.database: Database file opened: scoring/score_functions/P_AA_pp/P_AA_n
core.scoring.P_AA: shapovalov_lib::shap_p_aa_pp_smooth_level of 1( aka low_smooth ) got activated.
basic.io.database: Database file opened: scoring/score_functions/P_AA_pp/shapovalov/10deg/kappa131/a20.prop
core.energy_methods.CartesianBondedEnergy: Initializing IdealParametersDatabase with default Ks=300 , 80 , 80 , 10 , 80
basic.io.database: Database file opened: scoring/score_functions/bondlength_bondangle/default-lengths.txt
core.energy_methods.CartesianBondedEnergy: Read 759 bb-independent lengths.
basic.io.database: Database file opened: scoring/score_functions/bondlength_bondangle/default-angles.txt
core.energy_methods.CartesianBondedEnergy: Read 1434 bb-independent angles.
basic.io.database: Database file opened: scoring/score_functions/bondlength_bondangle/default-torsions.txt
core.energy_methods.CartesianBondedEnergy: Read 1 bb-independent torsions.
basic.io.database: Database file opened: scoring/score_functions/bondlength_bondangle/default-improper.txt
core.energy_methods.CartesianBondedEnergy: Read 529 bb-independent improper tors.
protocols.relax.RelaxScriptManager: Reading relax scripts list from database.
protocols.relax.RelaxScriptManager: Looking for MonomerRelax2019.txt
protocols.relax.RelaxScriptManager: ================== Reading script file: /Users/oskarherlitz/Desktop/rosetta.binary.m1.release-408/main/database/sampling/relax_scripts/MonomerRelax2019.txt ==================
protocols.relax.RelaxScriptManager: repeat %%nrepeats%%
protocols.relax.RelaxScriptManager: coord_cst_weight 1.0
protocols.relax.RelaxScriptManager: scale:fa_rep 0.040
protocols.relax.RelaxScriptManager: repack
protocols.relax.RelaxScriptManager: scale:fa_rep 0.051
protocols.relax.RelaxScriptManager: min 0.01
protocols.relax.RelaxScriptManager: coord_cst_weight 0.5
protocols.relax.RelaxScriptManager: scale:fa_rep 0.265
protocols.relax.RelaxScriptManager: repack
protocols.relax.RelaxScriptManager: scale:fa_rep 0.280
protocols.relax.RelaxScriptManager: min 0.01
protocols.relax.RelaxScriptManager: coord_cst_weight 0.0
protocols.relax.RelaxScriptManager: scale:fa_rep 0.559
protocols.relax.RelaxScriptManager: repack
protocols.relax.RelaxScriptManager: scale:fa_rep 0.581
protocols.relax.RelaxScriptManager: min 0.01
protocols.relax.RelaxScriptManager: coord_cst_weight 0.0
protocols.relax.RelaxScriptManager: scale:fa_rep 1
protocols.relax.RelaxScriptManager: repack
protocols.relax.RelaxScriptManager: min 0.00001
protocols.relax.RelaxScriptManager: accept_to_best
protocols.relax.RelaxScriptManager: endrepeat
protocols.jd2.PDBJobInputter: Instantiate PDBJobInputter
protocols.jd2.PDBJobInputter: PDBJobInputter::fill_jobs
protocols.jd2.PDBJobInputter: pushed runs/colabfold_relaxed_top10/candidate_9/candidate_9_relaxed_rank_001_alphafold2_ptm_model_3_seed_000_0001.pdb nstruct index 1
protocols.evaluation.ChiWellRmsdEvaluatorCreator: Evaluation Creator active ... 
protocols.jd2.PDBJobInputter: PDBJobInputter::pose_from_job
protocols.jd2.PDBJobInputter: filling pose from PDB runs/colabfold_relaxed_top10/candidate_9/candidate_9_relaxed_rank_001_alphafold2_ptm_model_3_seed_000_0001.pdb
core.import_pose.import_pose: File 'runs/colabfold_relaxed_top10/candidate_9/candidate_9_relaxed_rank_001_alphafold2_ptm_model_3_seed_000_0001.pdb' automatically determined to be of type PDB from contents.
core.energy_methods.CartesianBondedEnergy: Creating new peptide-bonded energy container (263)
basic.io.database: Database file opened: scoring/score_functions/elec_cp_reps.dat
core.scoring.elec.util: Read 40 countpair representative atoms
core.pack.dunbrack.RotamerLibrary: shapovalov_lib_fixes_enable option is true.
core.pack.dunbrack.RotamerLibrary: shapovalov_lib::shap_dun10_smooth_level of 1( aka lowest_smooth ) got activated.
core.pack.dunbrack.RotamerLibrary: Binary rotamer library selected: /Users/oskarherlitz/Desktop/rosetta.binary.m1.release-408/main/database/rotamer/shapovalov/StpDwn_0-0-0/Dunbrack10.lib.bin
core.pack.dunbrack.RotamerLibrary: Using Dunbrack library binary file '/Users/oskarherlitz/Desktop/rosetta.binary.m1.release-408/main/database/rotamer/shapovalov/StpDwn_0-0-0/Dunbrack10.lib.bin'.
core.pack.dunbrack.RotamerLibrary: Dunbrack 2010 library took 0.084077 seconds to load from binary
protocols.relax.FastRelax: CMD: repeat  -867.984  0  0  0.55
protocols.relax.FastRelax: CMD: coord_cst_weight  -867.984  0  0  0.55
protocols.relax.FastRelax: CMD: scale:fa_rep  -1052.23  0  0  0.022
core.pack.task: Packer task: initialize from command line() 
core.pack.pack_rotamers: built 4287 rotamers at 263 positions.
core.pack.interaction_graph.interaction_graph_factory: Instantiating DensePDInteractionGraph
protocols.relax.FastRelax: CMD: repack  -1071.8  0  0  0.022
protocols.relax.FastRelax: CMD: scale:fa_rep  -1067.81  0  0  0.02805
protocols.relax.FastRelax: CMD: min  -1346.46  1.1136  1.1136  0.02805
protocols.relax.FastRelax: CMD: coord_cst_weight  -1346.46  1.1136  1.1136  0.02805
protocols.relax.FastRelax: CMD: scale:fa_rep  -745.732  1.1136  1.1136  0.14575
core.pack.task: Packer task: initialize from command line() 
core.pack.pack_rotamers: built 3837 rotamers at 263 positions.
core.pack.interaction_graph.interaction_graph_factory: Instantiating DensePDInteractionGraph
protocols.relax.FastRelax: CMD: repack  -747.257  1.1136  1.1136  0.14575
protocols.relax.FastRelax: CMD: scale:fa_rep  -705.428  1.1136  1.1136  0.154
protocols.relax.FastRelax: CMD: min  -1090.54  0.492351  0.492351  0.154
protocols.relax.FastRelax: CMD: coord_cst_weight  -1090.54  0.492351  0.492351  0.154
protocols.relax.FastRelax: CMD: scale:fa_rep  -928.571  0.492351  0.492351  0.30745
core.pack.task: Packer task: initialize from command line() 
core.pack.pack_rotamers: built 3798 rotamers at 263 positions.
core.pack.interaction_graph.interaction_graph_factory: Instantiating DensePDInteractionGraph
protocols.relax.FastRelax: CMD: repack  -928.91  0.492351  0.492351  0.30745
protocols.relax.FastRelax: CMD: scale:fa_rep  -916.185  0.492351  0.492351  0.31955
protocols.relax.FastRelax: CMD: min  -968.987  0.205816  0.205816  0.31955
protocols.relax.FastRelax: CMD: coord_cst_weight  -968.987  0.205816  0.205816  0.31955
protocols.relax.FastRelax: CMD: scale:fa_rep  -841.109  0.205816  0.205816  0.55
core.pack.task: Packer task: initialize from command line() 
core.pack.pack_rotamers: built 3714 rotamers at 263 positions.
core.pack.interaction_graph.interaction_graph_factory: Instantiating DensePDInteractionGraph
protocols.relax.FastRelax: CMD: repack  -841.144  0.205816  0.205816  0.55
protocols.relax.FastRelax: CMD: min  -869.578  0.0480143  0.0480143  0.55
protocols.relax.FastRelax: MRP: 0  -869.578  -869.578  0.0480143  0.0480143  
protocols.relax.FastRelax: CMD: accept_to_best  -869.578  0.0480143  0.0480143  0.55
protocols.relax.FastRelax: CMD: endrepeat  -869.578  0.0480143  0.0480143  0.55
protocols.relax.FastRelax: CMD: coord_cst_weight  -869.578  0.0480143  0.0480143  0.55
protocols.relax.FastRelax: CMD: scale:fa_rep  -1054.25  0.0480143  0.0480143  0.022
core.pack.task: Packer task: initialize from command line() 
core.pack.pack_rotamers: built 4295 rotamers at 263 positions.
core.pack.interaction_graph.interaction_graph_factory: Instantiating DensePDInteractionGraph
protocols.relax.FastRelax: CMD: repack  -1072.89  0.0480143  0.0480143  0.022
protocols.relax.FastRelax: CMD: scale:fa_rep  -1068.99  0.0480143  0.0480143  0.02805
protocols.relax.FastRelax: CMD: min  -1346.5  1.12166  1.12166  0.02805
protocols.relax.FastRelax: CMD: coord_cst_weight  -1346.5  1.12166  1.12166  0.02805
protocols.relax.FastRelax: CMD: scale:fa_rep  -747.419  1.12166  1.12166  0.14575
core.pack.task: Packer task: initialize from command line() 
core.pack.pack_rotamers: built 3850 rotamers at 263 positions.
core.pack.interaction_graph.interaction_graph_factory: Instantiating DensePDInteractionGraph
protocols.relax.FastRelax: CMD: repack  -749.459  1.12166  1.12166  0.14575
protocols.relax.FastRelax: CMD: scale:fa_rep  -708.088  1.12166  1.12166  0.154
protocols.relax.FastRelax: CMD: min  -1088.01  0.506355  0.506355  0.154
protocols.relax.FastRelax: CMD: coord_cst_weight  -1088.01  0.506355  0.506355  0.154
protocols.relax.FastRelax: CMD: scale:fa_rep  -926.547  0.506355  0.506355  0.30745
core.pack.task: Packer task: initialize from command line() 
core.pack.pack_rotamers: built 3799 rotamers at 263 positions.
core.pack.interaction_graph.interaction_graph_factory: Instantiating DensePDInteractionGraph
protocols.relax.FastRelax: CMD: repack  -926.868  0.506355  0.506355  0.30745
protocols.relax.FastRelax: CMD: scale:fa_rep  -914.18  0.506355  0.506355  0.31955
protocols.relax.FastRelax: CMD: min  -967.169  0.219611  0.219611  0.31955
protocols.relax.FastRelax: CMD: coord_cst_weight  -967.169  0.219611  0.219611  0.31955
protocols.relax.FastRelax: CMD: scale:fa_rep  -839.823  0.219611  0.219611  0.55
core.pack.task: Packer task: initialize from command line() 
core.pack.pack_rotamers: built 3721 rotamers at 263 positions.
core.pack.interaction_graph.interaction_graph_factory: Instantiating DensePDInteractionGraph
protocols.relax.FastRelax: CMD: repack  -839.583  0.219611  0.219611  0.55
protocols.relax.FastRelax: CMD: min  -867.171  0.0776555  0.0776555  0.55
protocols.relax.FastRelax: MRP: 1  -867.171  -869.578  0.0480143  0.0480143  
protocols.relax.FastRelax: CMD: accept_to_best  -867.171  0.0776555  0.0776555  0.55
protocols.relax.FastRelax: CMD: endrepeat  -867.171  0.0776555  0.0776555  0.55
protocols.relax.FastRelax: CMD: coord_cst_weight  -867.171  0.0776555  0.0776555  0.55
protocols.relax.FastRelax: CMD: scale:fa_rep  -1049.97  0.0776555  0.0776555  0.022
core.pack.task: Packer task: initialize from command line() 
core.pack.pack_rotamers: built 4296 rotamers at 263 positions.
core.pack.interaction_graph.interaction_graph_factory: Instantiating DensePDInteractionGraph
protocols.relax.FastRelax: CMD: repack  -1070.3  0.0776555  0.0776555  0.022
protocols.relax.FastRelax: CMD: scale:fa_rep  -1065.82  0.0776555  0.0776555  0.02805
protocols.relax.FastRelax: CMD: min  -1345.42  1.11527  1.11527  0.02805
protocols.relax.FastRelax: CMD: coord_cst_weight  -1345.42  1.11527  1.11527  0.02805
protocols.relax.FastRelax: CMD: scale:fa_rep  -744.347  1.11527  1.11527  0.14575
core.pack.task: Packer task: initialize from command line() 
core.pack.pack_rotamers: built 3833 rotamers at 263 positions.
core.pack.interaction_graph.interaction_graph_factory: Instantiating DensePDInteractionGraph
protocols.relax.FastRelax: CMD: repack  -745.761  1.11527  1.11527  0.14575
protocols.relax.FastRelax: CMD: scale:fa_rep  -703.896  1.11527  1.11527  0.154
protocols.relax.FastRelax: CMD: min  -1090.52  0.490621  0.490621  0.154
protocols.relax.FastRelax: CMD: coord_cst_weight  -1090.52  0.490621  0.490621  0.154
protocols.relax.FastRelax: CMD: scale:fa_rep  -928.805  0.490621  0.490621  0.30745
core.pack.task: Packer task: initialize from command line() 
core.pack.pack_rotamers: built 3789 rotamers at 263 positions.
core.pack.interaction_graph.interaction_graph_factory: Instantiating DensePDInteractionGraph
protocols.relax.FastRelax: CMD: repack  -929.142  0.490621  0.490621  0.30745
protocols.relax.FastRelax: CMD: scale:fa_rep  -916.436  0.490621  0.490621  0.31955
protocols.relax.FastRelax: CMD: min  -969  0.206027  0.206027  0.31955
protocols.relax.FastRelax: CMD: coord_cst_weight  -969  0.206027  0.206027  0.31955
protocols.relax.FastRelax: CMD: scale:fa_rep  -840.989  0.206027  0.206027  0.55
core.pack.task: Packer task: initialize from command line() 
core.pack.pack_rotamers: built 3714 rotamers at 263 positions.
core.pack.interaction_graph.interaction_graph_factory: Instantiating DensePDInteractionGraph
protocols.relax.FastRelax: CMD: repack  -841.026  0.206027  0.206027  0.55
protocols.relax.FastRelax: CMD: min  -869.513  0.04496  0.04496  0.55
protocols.relax.FastRelax: MRP: 2  -869.513  -869.578  0.0480143  0.0480143  
protocols.relax.FastRelax: CMD: accept_to_best  -869.513  0.04496  0.04496  0.55
protocols.relax.FastRelax: CMD: endrepeat  -869.513  0.04496  0.04496  0.55
protocols.relax.FastRelax: CMD: coord_cst_weight  -869.513  0.04496  0.04496  0.55
protocols.relax.FastRelax: CMD: scale:fa_rep  -1054.26  0.04496  0.04496  0.022
core.pack.task: Packer task: initialize from command line() 
core.pack.pack_rotamers: built 4277 rotamers at 263 positions.
core.pack.interaction_graph.interaction_graph_factory: Instantiating DensePDInteractionGraph
protocols.relax.FastRelax: CMD: repack  -1072.92  0.04496  0.04496  0.022
protocols.relax.FastRelax: CMD: scale:fa_rep  -1069.04  0.04496  0.04496  0.02805
protocols.relax.FastRelax: CMD: min  -1346.48  1.12178  1.12178  0.02805
protocols.relax.FastRelax: CMD: coord_cst_weight  -1346.48  1.12178  1.12178  0.02805
protocols.relax.FastRelax: CMD: scale:fa_rep  -745.78  1.12178  1.12178  0.14575
core.pack.task: Packer task: initialize from command line() 
core.pack.pack_rotamers: built 3839 rotamers at 263 positions.
core.pack.interaction_graph.interaction_graph_factory: Instantiating DensePDInteractionGraph
protocols.relax.FastRelax: CMD: repack  -747.165  1.12178  1.12178  0.14575
protocols.relax.FastRelax: CMD: scale:fa_rep  -705.325  1.12178  1.12178  0.154
protocols.relax.FastRelax: CMD: min  -1090.65  0.48979  0.48979  0.154
protocols.relax.FastRelax: CMD: coord_cst_weight  -1090.65  0.48979  0.48979  0.154
protocols.relax.FastRelax: CMD: scale:fa_rep  -928.949  0.48979  0.48979  0.30745
core.pack.task: Packer task: initialize from command line() 
core.pack.pack_rotamers: built 3786 rotamers at 263 positions.
core.pack.interaction_graph.interaction_graph_factory: Instantiating DensePDInteractionGraph
protocols.relax.FastRelax: CMD: repack  -929.293  0.48979  0.48979  0.30745
protocols.relax.FastRelax: CMD: scale:fa_rep  -916.59  0.48979  0.48979  0.31955
protocols.relax.FastRelax: CMD: min  -968.503  0.216031  0.216031  0.31955
protocols.relax.FastRelax: CMD: coord_cst_weight  -968.503  0.216031  0.216031  0.31955
protocols.relax.FastRelax: CMD: scale:fa_rep  -840.366  0.216031  0.216031  0.55
core.pack.task: Packer task: initialize from command line() 
core.pack.pack_rotamers: built 3724 rotamers at 263 positions.
core.pack.interaction_graph.interaction_graph_factory: Instantiating DensePDInteractionGraph
protocols.relax.FastRelax: CMD: repack  -840.4  0.216031  0.216031  0.55
protocols.relax.FastRelax: CMD: min  -868.392  0.0503313  0.0503313  0.55
protocols.relax.FastRelax: MRP: 3  -868.392  -869.578  0.0480143  0.0480143  
protocols.relax.FastRelax: CMD: accept_to_best  -868.392  0.0503313  0.0503313  0.55
protocols.relax.FastRelax: CMD: endrepeat  -868.392  0.0503313  0.0503313  0.55
protocols.relax.FastRelax: CMD: coord_cst_weight  -868.392  0.0503313  0.0503313  0.55
protocols.relax.FastRelax: CMD: scale:fa_rep  -1052.39  0.0503313  0.0503313  0.022
core.pack.task: Packer task: initialize from command line() 
core.pack.pack_rotamers: built 4284 rotamers at 263 positions.
core.pack.interaction_graph.interaction_graph_factory: Instantiating DensePDInteractionGraph
protocols.relax.FastRelax: CMD: repack  -1071  0.0503313  0.0503313  0.022
protocols.relax.FastRelax: CMD: scale:fa_rep  -1067.13  0.0503313  0.0503313  0.02805
protocols.relax.FastRelax: CMD: min  -1345.62  1.12621  1.12621  0.02805
protocols.relax.FastRelax: CMD: coord_cst_weight  -1345.62  1.12621  1.12621  0.02805
protocols.relax.FastRelax: CMD: scale:fa_rep  -744.803  1.12621  1.12621  0.14575
core.pack.task: Packer task: initialize from command line() 
core.pack.pack_rotamers: built 3848 rotamers at 263 positions.
core.pack.interaction_graph.interaction_graph_factory: Instantiating DensePDInteractionGraph
protocols.relax.FastRelax: CMD: repack  -744.674  1.12621  1.12621  0.14575
protocols.relax.FastRelax: CMD: scale:fa_rep  -702.924  1.12621  1.12621  0.154
protocols.relax.FastRelax: CMD: min  -1089.52  0.493285  0.493285  0.154
protocols.relax.FastRelax: CMD: coord_cst_weight  -1089.52  0.493285  0.493285  0.154
protocols.relax.FastRelax: CMD: scale:fa_rep  -927.776  0.493285  0.493285  0.30745
core.pack.task: Packer task: initialize from command line() 
core.pack.pack_rotamers: built 3786 rotamers at 263 positions.
core.pack.interaction_graph.interaction_graph_factory: Instantiating DensePDInteractionGraph
protocols.relax.FastRelax: CMD: repack  -928.095  0.493285  0.493285  0.30745
protocols.relax.FastRelax: CMD: scale:fa_rep  -915.383  0.493285  0.493285  0.31955
protocols.relax.FastRelax: CMD: min  -968.056  0.206734  0.206734  0.31955
protocols.relax.FastRelax: CMD: coord_cst_weight  -968.056  0.206734  0.206734  0.31955
protocols.relax.FastRelax: CMD: scale:fa_rep  -840.151  0.206734  0.206734  0.55
core.pack.task: Packer task: initialize from command line() 
core.pack.pack_rotamers: built 3716 rotamers at 263 positions.
core.pack.interaction_graph.interaction_graph_factory: Instantiating DensePDInteractionGraph
protocols.relax.FastRelax: CMD: repack  -840.188  0.206734  0.206734  0.55
protocols.relax.FastRelax: CMD: min  -868.773  0.0494326  0.0494326  0.55
protocols.relax.FastRelax: MRP: 4  -868.773  -869.578  0.0480143  0.0480143  
protocols.relax.FastRelax: CMD: accept_to_best  -868.773  0.0494326  0.0494326  0.55
protocols.relax.FastRelax: CMD: endrepeat  -868.773  0.0494326  0.0494326  0.55
protocols::checkpoint: Deleting checkpoints of FastRelax
protocols.jd2.JobDistributor: candidate_9_relaxed_rank_001_alphafold2_ptm_model_3_seed_000_0001_0001 reported success in 455 seconds
protocols.jd2.JobDistributor: no more batches to process... 
protocols.jd2.JobDistributor: 1 jobs considered, 1 jobs attempted in 455 seconds
basic.citation_manager.CitationManager: 
The following Rosetta modules were used during this run of Rosetta, and should be cited:

FastRelax Mover's citation(s):
*Tyka MD, *Keedy DA, André I, Dimaio F, Song Y, Richardson DC, Richardson JS, and Baker D.  (2011).  Alternate states of proteins revealed by detailed energy landscape mapping.  J Mol Biol 405(2):607-18.  doi: 10.1016/j.jmb.2010.11.008.  (*Co-primary authors.)

Khatib F, Cooper S, Tyka MD, Xu K, Makedon I, Popovic Z, Baker D, and Players F.  (2011).  Algorithm discovery by protein folding game players.  Proc Natl Acad Sci USA 108(47):18949-53.  doi: 10.1073/pnas.1115898108.

Maguire JB, Haddox HK, Strickland D, Halabiya SF, Coventry B, Griffin JR, Pulavarti SVSRK, Cummins M, Thieker DF, Klavins E, Szyperski T, DiMaio F, Baker D, and Kuhlman B.  (2021).  Perturbing the energy landscape for improved packing during computational protein design.  Proteins 89(4):436-449.  doi: 10.1002/prot.26030.


