********  (C) Copyright Rosetta Commons Member Institutions.  ***************
* Use of Rosetta for commercial purposes may require purchase of a license. *
********  See LICENSE.md or email license@uw.edu for more details. **********
core.init: Checking for fconfig files in pwd and ./rosetta/flags 
core.init: Rosetta version: rosetta.binary.m1.release-408 r408 2025.37+release.df75a9c48e df75a9c48e763e52a7aa3f5dfba077f4da88dbf5 https://www.rosettacommons.org 2025-09-10T18:19:45.484568
core.init: Rosetta extras: []
core.init: command: /Users/oskarherlitz/Desktop/rosetta.binary.m1.release-408/main/source/bin/relax.static.macosclangrelease -s runs/colabfold_predictions_gpu/candidate_28_unrelaxed_rank_001_alphafold2_ptm_model_1_seed_000.pdb -use_input_sc -nstruct 1 -relax:cartesian -score:weights ref2015_cart -relax:min_type lbfgs_armijo_nonmonotone -out:path:all runs/colabfold_relaxed_top10/candidate_28 -out:file:scorefile runs/colabfold_relaxed_top10/candidate_28/score.sc
basic.random.init_random_generator: 'RNG device' seed mode, using '/dev/urandom', seed=-1935906734 seed_offset=0 real_seed=-1935906734
basic.random.init_random_generator: RandomGenerator:init: Normal mode, seed=-1935906734 RG_type=mt19937
core.init: Resolved executable path: /Users/oskarherlitz/Desktop/rosetta.binary.m1.release-408/main/source/bin/relax.static.macosclangrelease
core.init: Looking for database based on location of executable: /Users/oskarherlitz/Desktop/rosetta.binary.m1.release-408/main/database/
core.scoring.ScoreFunctionFactory: SCOREFUNCTION: ref2015_cart
core.scoring.etable: Starting energy table calculation
core.scoring.etable: smooth_etable: changing atr/rep split to bottom of energy well
core.scoring.etable: smooth_etable: spline smoothing lj etables (maxdis = 6)
core.scoring.etable: smooth_etable: spline smoothing solvation etables (max_dis = 6)
core.scoring.etable: Finished calculating energy tables.
basic.io.database: Database file opened: scoring/score_functions/hbonds/ref2015_params/HBPoly1D.csv
basic.io.database: Database file opened: scoring/score_functions/hbonds/ref2015_params/HBFadeIntervals.csv
basic.io.database: Database file opened: scoring/score_functions/hbonds/ref2015_params/HBEval.csv
basic.io.database: Database file opened: scoring/score_functions/hbonds/ref2015_params/DonStrength.csv
basic.io.database: Database file opened: scoring/score_functions/hbonds/ref2015_params/AccStrength.csv
core.chemical.GlobalResidueTypeSet: Finished initializing fa_standard residue type set.  Created 985 residue types
core.chemical.GlobalResidueTypeSet: Total time to initialize 0.402026 seconds.
basic.io.database: Database file opened: scoring/score_functions/rama/fd/all.ramaProb
basic.io.database: Database file opened: scoring/score_functions/rama/fd/prepro.ramaProb
basic.io.database: Database file opened: scoring/score_functions/omega/omega_ppdep.all.txt
basic.io.database: Database file opened: scoring/score_functions/omega/omega_ppdep.gly.txt
basic.io.database: Database file opened: scoring/score_functions/omega/omega_ppdep.pro.txt
basic.io.database: Database file opened: scoring/score_functions/omega/omega_ppdep.valile.txt
basic.io.database: Database file opened: scoring/score_functions/P_AA_pp/P_AA
basic.io.database: Database file opened: scoring/score_functions/P_AA_pp/P_AA_n
core.scoring.P_AA: shapovalov_lib::shap_p_aa_pp_smooth_level of 1( aka low_smooth ) got activated.
basic.io.database: Database file opened: scoring/score_functions/P_AA_pp/shapovalov/10deg/kappa131/a20.prop
core.energy_methods.CartesianBondedEnergy: Initializing IdealParametersDatabase with default Ks=300 , 80 , 80 , 10 , 80
basic.io.database: Database file opened: scoring/score_functions/bondlength_bondangle/default-lengths.txt
core.energy_methods.CartesianBondedEnergy: Read 759 bb-independent lengths.
basic.io.database: Database file opened: scoring/score_functions/bondlength_bondangle/default-angles.txt
core.energy_methods.CartesianBondedEnergy: Read 1434 bb-independent angles.
basic.io.database: Database file opened: scoring/score_functions/bondlength_bondangle/default-torsions.txt
core.energy_methods.CartesianBondedEnergy: Read 1 bb-independent torsions.
basic.io.database: Database file opened: scoring/score_functions/bondlength_bondangle/default-improper.txt
core.energy_methods.CartesianBondedEnergy: Read 529 bb-independent improper tors.
protocols.relax.RelaxScriptManager: Reading relax scripts list from database.
protocols.relax.RelaxScriptManager: Looking for MonomerRelax2019.txt
protocols.relax.RelaxScriptManager: ================== Reading script file: /Users/oskarherlitz/Desktop/rosetta.binary.m1.release-408/main/database/sampling/relax_scripts/MonomerRelax2019.txt ==================
protocols.relax.RelaxScriptManager: repeat %%nrepeats%%
protocols.relax.RelaxScriptManager: coord_cst_weight 1.0
protocols.relax.RelaxScriptManager: scale:fa_rep 0.040
protocols.relax.RelaxScriptManager: repack
protocols.relax.RelaxScriptManager: scale:fa_rep 0.051
protocols.relax.RelaxScriptManager: min 0.01
protocols.relax.RelaxScriptManager: coord_cst_weight 0.5
protocols.relax.RelaxScriptManager: scale:fa_rep 0.265
protocols.relax.RelaxScriptManager: repack
protocols.relax.RelaxScriptManager: scale:fa_rep 0.280
protocols.relax.RelaxScriptManager: min 0.01
protocols.relax.RelaxScriptManager: coord_cst_weight 0.0
protocols.relax.RelaxScriptManager: scale:fa_rep 0.559
protocols.relax.RelaxScriptManager: repack
protocols.relax.RelaxScriptManager: scale:fa_rep 0.581
protocols.relax.RelaxScriptManager: min 0.01
protocols.relax.RelaxScriptManager: coord_cst_weight 0.0
protocols.relax.RelaxScriptManager: scale:fa_rep 1
protocols.relax.RelaxScriptManager: repack
protocols.relax.RelaxScriptManager: min 0.00001
protocols.relax.RelaxScriptManager: accept_to_best
protocols.relax.RelaxScriptManager: endrepeat
protocols.jd2.PDBJobInputter: Instantiate PDBJobInputter
protocols.jd2.PDBJobInputter: PDBJobInputter::fill_jobs
protocols.jd2.PDBJobInputter: pushed runs/colabfold_predictions_gpu/candidate_28_unrelaxed_rank_001_alphafold2_ptm_model_1_seed_000.pdb nstruct index 1
protocols.evaluation.ChiWellRmsdEvaluatorCreator: Evaluation Creator active ... 
protocols.jd2.PDBJobInputter: PDBJobInputter::pose_from_job
protocols.jd2.PDBJobInputter: filling pose from PDB runs/colabfold_predictions_gpu/candidate_28_unrelaxed_rank_001_alphafold2_ptm_model_1_seed_000.pdb
core.import_pose.import_pose: File 'runs/colabfold_predictions_gpu/candidate_28_unrelaxed_rank_001_alphafold2_ptm_model_1_seed_000.pdb' automatically determined to be of type PDB from contents.
core.conformation.Conformation: [ WARNING ] missing heavyatom:  OXT on residue SER:CtermProteinFull 263
core.energy_methods.CartesianBondedEnergy: Creating new peptide-bonded energy container (263)
basic.io.database: Database file opened: scoring/score_functions/elec_cp_reps.dat
core.scoring.elec.util: Read 40 countpair representative atoms
core.pack.dunbrack.RotamerLibrary: shapovalov_lib_fixes_enable option is true.
core.pack.dunbrack.RotamerLibrary: shapovalov_lib::shap_dun10_smooth_level of 1( aka lowest_smooth ) got activated.
core.pack.dunbrack.RotamerLibrary: Binary rotamer library selected: /Users/oskarherlitz/Desktop/rosetta.binary.m1.release-408/main/database/rotamer/shapovalov/StpDwn_0-0-0/Dunbrack10.lib.bin
core.pack.dunbrack.RotamerLibrary: Using Dunbrack library binary file '/Users/oskarherlitz/Desktop/rosetta.binary.m1.release-408/main/database/rotamer/shapovalov/StpDwn_0-0-0/Dunbrack10.lib.bin'.
core.pack.dunbrack.RotamerLibrary: Dunbrack 2010 library took 0.079955 seconds to load from binary
protocols.relax.FastRelax: CMD: repeat  1398.01  0  0  0.55
protocols.relax.FastRelax: CMD: coord_cst_weight  1398.01  0  0  0.55
protocols.relax.FastRelax: CMD: scale:fa_rep  -78.0479  0  0  0.022
core.pack.task: Packer task: initialize from command line() 
core.pack.pack_rotamers: built 4333 rotamers at 263 positions.
core.pack.interaction_graph.interaction_graph_factory: Instantiating DensePDInteractionGraph
protocols.relax.FastRelax: CMD: repack  -427.004  0  0  0.022
protocols.relax.FastRelax: CMD: scale:fa_rep  -416.206  0  0  0.02805
protocols.relax.FastRelax: CMD: min  -1266.05  1.33877  1.33877  0.02805
protocols.relax.FastRelax: CMD: coord_cst_weight  -1266.05  1.33877  1.33877  0.02805
protocols.relax.FastRelax: CMD: scale:fa_rep  -695.224  1.33877  1.33877  0.14575
core.pack.task: Packer task: initialize from command line() 
core.pack.pack_rotamers: built 3693 rotamers at 263 positions.
core.pack.interaction_graph.interaction_graph_factory: Instantiating DensePDInteractionGraph
protocols.relax.FastRelax: CMD: repack  -708.741  1.33877  1.33877  0.14575
protocols.relax.FastRelax: CMD: scale:fa_rep  -670.312  1.33877  1.33877  0.154
protocols.relax.FastRelax: CMD: min  -1037.42  0.916792  0.916792  0.154
protocols.relax.FastRelax: CMD: coord_cst_weight  -1037.42  0.916792  0.916792  0.154
protocols.relax.FastRelax: CMD: scale:fa_rep  -887.351  0.916792  0.916792  0.30745
core.pack.task: Packer task: initialize from command line() 
core.pack.pack_rotamers: built 3721 rotamers at 263 positions.
core.pack.interaction_graph.interaction_graph_factory: Instantiating DensePDInteractionGraph
protocols.relax.FastRelax: CMD: repack  -888.016  0.916792  0.916792  0.30745
protocols.relax.FastRelax: CMD: scale:fa_rep  -876.178  0.916792  0.916792  0.31955
protocols.relax.FastRelax: CMD: min  -928.67  0.785525  0.785525  0.31955
protocols.relax.FastRelax: CMD: coord_cst_weight  -928.67  0.785525  0.785525  0.31955
protocols.relax.FastRelax: CMD: scale:fa_rep  -811.015  0.785525  0.785525  0.55
core.pack.task: Packer task: initialize from command line() 
core.pack.pack_rotamers: built 3665 rotamers at 263 positions.
core.pack.interaction_graph.interaction_graph_factory: Instantiating DensePDInteractionGraph
protocols.relax.FastRelax: CMD: repack  -804.428  0.785525  0.785525  0.55
protocols.relax.FastRelax: CMD: min  -836.712  0.731965  0.731965  0.55
protocols.relax.FastRelax: MRP: 0  -836.712  -836.712  0.731965  0.731965  
protocols.relax.FastRelax: CMD: accept_to_best  -836.712  0.731965  0.731965  0.55
protocols.relax.FastRelax: CMD: endrepeat  -836.712  0.731965  0.731965  0.55
protocols.relax.FastRelax: CMD: coord_cst_weight  -836.712  0.731965  0.731965  0.55
protocols.relax.FastRelax: CMD: scale:fa_rep  -1005.28  0.731965  0.731965  0.022
core.pack.task: Packer task: initialize from command line() 
core.pack.pack_rotamers: built 4243 rotamers at 263 positions.
core.pack.interaction_graph.interaction_graph_factory: Instantiating DensePDInteractionGraph
protocols.relax.FastRelax: CMD: repack  -1025.68  0.731965  0.731965  0.022
protocols.relax.FastRelax: CMD: scale:fa_rep  -1020.86  0.731965  0.731965  0.02805
protocols.relax.FastRelax: CMD: min  -1300.26  1.53957  1.53957  0.02805
protocols.relax.FastRelax: CMD: coord_cst_weight  -1300.26  1.53957  1.53957  0.02805
protocols.relax.FastRelax: CMD: scale:fa_rep  -711.987  1.53957  1.53957  0.14575
core.pack.task: Packer task: initialize from command line() 
core.pack.pack_rotamers: built 3737 rotamers at 263 positions.
core.pack.interaction_graph.interaction_graph_factory: Instantiating DensePDInteractionGraph
protocols.relax.FastRelax: CMD: repack  -714.499  1.53957  1.53957  0.14575
protocols.relax.FastRelax: CMD: scale:fa_rep  -674.907  1.53957  1.53957  0.154
protocols.relax.FastRelax: CMD: min  -1046.24  1.09803  1.09803  0.154
protocols.relax.FastRelax: CMD: coord_cst_weight  -1046.24  1.09803  1.09803  0.154
protocols.relax.FastRelax: CMD: scale:fa_rep  -889.536  1.09803  1.09803  0.30745
core.pack.task: Packer task: initialize from command line() 
core.pack.pack_rotamers: built 3662 rotamers at 263 positions.
core.pack.interaction_graph.interaction_graph_factory: Instantiating DensePDInteractionGraph
protocols.relax.FastRelax: CMD: repack  -889.957  1.09803  1.09803  0.30745
protocols.relax.FastRelax: CMD: scale:fa_rep  -877.596  1.09803  1.09803  0.31955
protocols.relax.FastRelax: CMD: min  -931.653  0.927116  0.927116  0.31955
protocols.relax.FastRelax: CMD: coord_cst_weight  -931.653  0.927116  0.927116  0.31955
protocols.relax.FastRelax: CMD: scale:fa_rep  -811.087  0.927116  0.927116  0.55
core.pack.task: Packer task: initialize from command line() 
core.pack.pack_rotamers: built 3651 rotamers at 263 positions.
core.pack.interaction_graph.interaction_graph_factory: Instantiating DensePDInteractionGraph
protocols.relax.FastRelax: CMD: repack  -811.499  0.927116  0.927116  0.55
protocols.relax.FastRelax: CMD: min  -838.504  0.869146  0.869146  0.55
protocols.relax.FastRelax: MRP: 1  -838.504  -838.504  0.869146  0.869146  
protocols.relax.FastRelax: CMD: accept_to_best  -838.504  0.869146  0.869146  0.55
protocols.relax.FastRelax: CMD: endrepeat  -838.504  0.869146  0.869146  0.55
protocols.relax.FastRelax: CMD: coord_cst_weight  -838.504  0.869146  0.869146  0.55
protocols.relax.FastRelax: CMD: scale:fa_rep  -1012.7  0.869146  0.869146  0.022
core.pack.task: Packer task: initialize from command line() 
core.pack.pack_rotamers: built 4203 rotamers at 263 positions.
core.pack.interaction_graph.interaction_graph_factory: Instantiating DensePDInteractionGraph
protocols.relax.FastRelax: CMD: repack  -1033.73  0.869146  0.869146  0.022
protocols.relax.FastRelax: CMD: scale:fa_rep  -1028.75  0.869146  0.869146  0.02805
protocols.relax.FastRelax: CMD: min  -1298.41  1.59487  1.59487  0.02805
protocols.relax.FastRelax: CMD: coord_cst_weight  -1298.41  1.59487  1.59487  0.02805
protocols.relax.FastRelax: CMD: scale:fa_rep  -707.807  1.59487  1.59487  0.14575
core.pack.task: Packer task: initialize from command line() 
core.pack.pack_rotamers: built 3752 rotamers at 263 positions.
core.pack.interaction_graph.interaction_graph_factory: Instantiating DensePDInteractionGraph
protocols.relax.FastRelax: CMD: repack  -709.466  1.59487  1.59487  0.14575
protocols.relax.FastRelax: CMD: scale:fa_rep  -668.939  1.59487  1.59487  0.154
protocols.relax.FastRelax: CMD: min  -1047.64  1.13687  1.13687  0.154
protocols.relax.FastRelax: CMD: coord_cst_weight  -1047.64  1.13687  1.13687  0.154
protocols.relax.FastRelax: CMD: scale:fa_rep  -892.644  1.13687  1.13687  0.30745
core.pack.task: Packer task: initialize from command line() 
core.pack.pack_rotamers: built 3675 rotamers at 263 positions.
core.pack.interaction_graph.interaction_graph_factory: Instantiating DensePDInteractionGraph
protocols.relax.FastRelax: CMD: repack  -892.783  1.13687  1.13687  0.30745
protocols.relax.FastRelax: CMD: scale:fa_rep  -880.542  1.13687  1.13687  0.31955
protocols.relax.FastRelax: CMD: min  -932.029  0.971789  0.971789  0.31955
protocols.relax.FastRelax: CMD: coord_cst_weight  -932.029  0.971789  0.971789  0.31955
protocols.relax.FastRelax: CMD: scale:fa_rep  -811.233  0.971789  0.971789  0.55
core.pack.task: Packer task: initialize from command line() 
core.pack.pack_rotamers: built 3689 rotamers at 263 positions.
core.pack.interaction_graph.interaction_graph_factory: Instantiating DensePDInteractionGraph
protocols.relax.FastRelax: CMD: repack  -811.613  0.971789  0.971789  0.55
protocols.relax.FastRelax: CMD: min  -839.114  0.88912  0.88912  0.55
protocols.relax.FastRelax: MRP: 2  -839.114  -839.114  0.88912  0.88912  
protocols.relax.FastRelax: CMD: accept_to_best  -839.114  0.88912  0.88912  0.55
protocols.relax.FastRelax: CMD: endrepeat  -839.114  0.88912  0.88912  0.55
protocols.relax.FastRelax: CMD: coord_cst_weight  -839.114  0.88912  0.88912  0.55
protocols.relax.FastRelax: CMD: scale:fa_rep  -1012.22  0.88912  0.88912  0.022
core.pack.task: Packer task: initialize from command line() 
core.pack.pack_rotamers: built 4203 rotamers at 263 positions.
core.pack.interaction_graph.interaction_graph_factory: Instantiating DensePDInteractionGraph
protocols.relax.FastRelax: CMD: repack  -1034.19  0.88912  0.88912  0.022
protocols.relax.FastRelax: CMD: scale:fa_rep  -1029.45  0.88912  0.88912  0.02805
protocols.relax.FastRelax: CMD: min  -1300.73  1.60376  1.60376  0.02805
protocols.relax.FastRelax: CMD: coord_cst_weight  -1300.73  1.60376  1.60376  0.02805
protocols.relax.FastRelax: CMD: scale:fa_rep  -711.597  1.60376  1.60376  0.14575
core.pack.task: Packer task: initialize from command line() 
core.pack.pack_rotamers: built 3730 rotamers at 263 positions.
core.pack.interaction_graph.interaction_graph_factory: Instantiating DensePDInteractionGraph
protocols.relax.FastRelax: CMD: repack  -713.869  1.60376  1.60376  0.14575
protocols.relax.FastRelax: CMD: scale:fa_rep  -673.089  1.60376  1.60376  0.154
protocols.relax.FastRelax: CMD: min  -1052.23  1.13249  1.13249  0.154
protocols.relax.FastRelax: CMD: coord_cst_weight  -1052.23  1.13249  1.13249  0.154
protocols.relax.FastRelax: CMD: scale:fa_rep  -895.932  1.13249  1.13249  0.30745
core.pack.task: Packer task: initialize from command line() 
core.pack.pack_rotamers: built 3686 rotamers at 263 positions.
core.pack.interaction_graph.interaction_graph_factory: Instantiating DensePDInteractionGraph
protocols.relax.FastRelax: CMD: repack  -895.932  1.13249  1.13249  0.30745
protocols.relax.FastRelax: CMD: scale:fa_rep  -883.608  1.13249  1.13249  0.31955
protocols.relax.FastRelax: CMD: min  -935.279  0.966173  0.966173  0.31955
protocols.relax.FastRelax: CMD: coord_cst_weight  -935.279  0.966173  0.966173  0.31955
protocols.relax.FastRelax: CMD: scale:fa_rep  -813.786  0.966173  0.966173  0.55
core.pack.task: Packer task: initialize from command line() 
core.pack.pack_rotamers: built 3680 rotamers at 263 positions.
core.pack.interaction_graph.interaction_graph_factory: Instantiating DensePDInteractionGraph
protocols.relax.FastRelax: CMD: repack  -813.786  0.966173  0.966173  0.55
protocols.relax.FastRelax: CMD: min  -841.111  0.88314  0.88314  0.55
protocols.relax.FastRelax: MRP: 3  -841.111  -841.111  0.88314  0.88314  
protocols.relax.FastRelax: CMD: accept_to_best  -841.111  0.88314  0.88314  0.55
protocols.relax.FastRelax: CMD: endrepeat  -841.111  0.88314  0.88314  0.55
protocols.relax.FastRelax: CMD: coord_cst_weight  -841.111  0.88314  0.88314  0.55
protocols.relax.FastRelax: CMD: scale:fa_rep  -1015.67  0.88314  0.88314  0.022
core.pack.task: Packer task: initialize from command line() 
core.pack.pack_rotamers: built 4218 rotamers at 263 positions.
core.pack.interaction_graph.interaction_graph_factory: Instantiating DensePDInteractionGraph
protocols.relax.FastRelax: CMD: repack  -1033.93  0.88314  0.88314  0.022
protocols.relax.FastRelax: CMD: scale:fa_rep  -1027.9  0.88314  0.88314  0.02805
protocols.relax.FastRelax: CMD: min  -1302.02  1.58126  1.58126  0.02805
protocols.relax.FastRelax: CMD: coord_cst_weight  -1302.02  1.58126  1.58126  0.02805
protocols.relax.FastRelax: CMD: scale:fa_rep  -713.056  1.58126  1.58126  0.14575
core.pack.task: Packer task: initialize from command line() 
core.pack.pack_rotamers: built 3723 rotamers at 263 positions.
core.pack.interaction_graph.interaction_graph_factory: Instantiating DensePDInteractionGraph
protocols.relax.FastRelax: CMD: repack  -719.917  1.58126  1.58126  0.14575
protocols.relax.FastRelax: CMD: scale:fa_rep  -680.222  1.58126  1.58126  0.154
protocols.relax.FastRelax: CMD: min  -1052.34  1.12886  1.12886  0.154
protocols.relax.FastRelax: CMD: coord_cst_weight  -1052.34  1.12886  1.12886  0.154
protocols.relax.FastRelax: CMD: scale:fa_rep  -896.578  1.12886  1.12886  0.30745
core.pack.task: Packer task: initialize from command line() 
core.pack.pack_rotamers: built 3670 rotamers at 263 positions.
core.pack.interaction_graph.interaction_graph_factory: Instantiating DensePDInteractionGraph
protocols.relax.FastRelax: CMD: repack  -896.578  1.12886  1.12886  0.30745
protocols.relax.FastRelax: CMD: scale:fa_rep  -884.296  1.12886  1.12886  0.31955
protocols.relax.FastRelax: CMD: min  -934.913  0.974753  0.974753  0.31955
protocols.relax.FastRelax: CMD: coord_cst_weight  -934.913  0.974753  0.974753  0.31955
protocols.relax.FastRelax: CMD: scale:fa_rep  -812.857  0.974753  0.974753  0.55
core.pack.task: Packer task: initialize from command line() 
core.pack.pack_rotamers: built 3641 rotamers at 263 positions.
core.pack.interaction_graph.interaction_graph_factory: Instantiating DensePDInteractionGraph
protocols.relax.FastRelax: CMD: repack  -812.857  0.974753  0.974753  0.55
protocols.relax.FastRelax: CMD: min  -840.004  0.904939  0.904939  0.55
protocols.relax.FastRelax: MRP: 4  -840.004  -841.111  0.88314  0.88314  
protocols.relax.FastRelax: CMD: accept_to_best  -840.004  0.904939  0.904939  0.55
protocols.relax.FastRelax: CMD: endrepeat  -840.004  0.904939  0.904939  0.55
protocols::checkpoint: Deleting checkpoints of FastRelax
protocols.jd2.JobDistributor: candidate_28_unrelaxed_rank_001_alphafold2_ptm_model_1_seed_000_0001 reported success in 503 seconds
protocols.jd2.JobDistributor: no more batches to process... 
protocols.jd2.JobDistributor: 1 jobs considered, 1 jobs attempted in 503 seconds
basic.citation_manager.CitationManager: 
The following Rosetta modules were used during this run of Rosetta, and should be cited:

FastRelax Mover's citation(s):
*Tyka MD, *Keedy DA, André I, Dimaio F, Song Y, Richardson DC, Richardson JS, and Baker D.  (2011).  Alternate states of proteins revealed by detailed energy landscape mapping.  J Mol Biol 405(2):607-18.  doi: 10.1016/j.jmb.2010.11.008.  (*Co-primary authors.)

Khatib F, Cooper S, Tyka MD, Xu K, Makedon I, Popovic Z, Baker D, and Players F.  (2011).  Algorithm discovery by protein folding game players.  Proc Natl Acad Sci USA 108(47):18949-53.  doi: 10.1073/pnas.1115898108.

Maguire JB, Haddox HK, Strickland D, Halabiya SF, Coventry B, Griffin JR, Pulavarti SVSRK, Cummins M, Thieker DF, Klavins E, Szyperski T, DiMaio F, Baker D, and Kuhlman B.  (2021).  Perturbing the energy landscape for improved packing during computational protein design.  Proteins 89(4):436-449.  doi: 10.1002/prot.26030.


